[2021-08-11 13:04:28] 执行操作：小柒(0)初始化成功，开始运行！
[2021-08-11 13:06:09] 执行操作：小柒(0)初始化成功，开始运行！
[2021-08-11 13:06:36] 执行操作：小柒(0)初始化成功，开始运行！
[2021-08-11 13:07:28] 执行操作：小柒(0)初始化成功，开始运行！
[2021-08-11 13:12:44] 执行操作：小柒(0)初始化成功，开始运行！
[2021-08-11 13:13:51] 执行操作：小柒(0)初始化成功，开始运行！
[2021-08-11 13:13:57](1597867839)<小柒新功能测试群聊/753684495> 执行操作：*mute; 小柒禁言！
[2021-08-11 13:14:17](1597867839)<小柒新功能测试群聊/753684495> 执行操作：*unmute; 小柒解除禁言！
[2021-08-11 13:14:56] 执行操作：小柒(0)初始化成功，开始运行！
[2021-08-11 13:34:55] 执行操作：小柒(0)初始化成功，开始运行！
[2021-08-11 13:35:34] 执行操作：小柒(0)初始化成功，开始运行！
[2021-08-11 13:35:49](1597867839) 执行操作：签到; 执行结果：墨羽翎玖签到成功！当前积分：100090（+10）
[2021-08-11 13:36:18] 执行操作：小柒(0)初始化成功，开始运行！
[2021-08-11 13:36:19](1597867839) 执行操作：签到; 执行结果：墨羽翎玖签到成功！当前积分：100107（+27）
[2021-08-11 13:37:07] 执行操作：小柒(0)初始化成功，开始运行！
[2021-08-11 13:37:11](1597867839) 执行操作：签到; 执行结果：墨羽翎玖签到成功！当前积分：100091（+11）
[2021-08-11 13:37:18](1597867839) 执行操作：查询石头; 执行结果：名字：石头（id:170）
类型：材料
购买：15积分
出售：1积分
合成路径：碎石X15
介绍：一块不知道有什么用的石头
[2021-08-11 13:38:35] 执行操作：小柒(0)初始化成功，开始运行！
[2021-08-11 13:38:41](1597867839) 执行操作：@3284586127 击剑; 执行结果：
[2021-08-11 13:38:48](1597867839) 执行操作：@3284586127 决斗; 执行结果：
[2021-08-11 13:38:50](1597867839) 执行操作：排行榜; 执行结果：排行榜
----------------
积分第一：墨羽翎玖（100091）
积分第二：鹊璃（10007）
胜率第一：墨羽翎玖（94%）
胜率第一（大于50场）：墨羽翎玖（94%）
击剑达人：墨羽翎玖（222场）
登顶次数最多：墨羽翎玖（4次）
被击剑次数最多：鹊璃（11次）
[2021-08-11 13:38:54](1597867839) 执行操作：数据; 执行结果：昵称：墨羽翎玖（自动获取）
积分：100091
体力：157/120
生命值：110/110
攻击力：10（4）
护甲：46（44）
San值：100/100
生活职业：（暂无）
战斗职业：（暂无）
总计场次：222（94%）
背包物品数：3/15
强化次数：3次
[2021-08-11 13:38:56](1597867839) 执行操作：积分; 执行结果：墨羽翎玖你的积分为：100091
[2021-08-11 13:38:58](1597867839) 执行操作：体力; 执行结果：墨羽翎玖你的体力为：157/120
[2021-08-11 13:39:02](1597867839) 执行操作：背包; 执行结果：墨羽翎玖你的背包：3/15
木板X3
石头
金锭X5
[2021-08-11 13:39:09](1597867839) 执行操作：给予物品 石头 10; 执行结果：给予成功！
[2021-08-11 13:39:12](1597867839) 执行操作：背包; 执行结果：墨羽翎玖你的背包：3/15
木板X3
石头X11
金锭X5
[2021-08-11 13:39:23](1597867839) 执行操作：合成破旧的石剑; 执行结果：墨羽翎玖，成功合成1个物品！
[2021-08-11 13:39:28](1597867839) 执行操作：背包; 执行结果：墨羽翎玖你的背包：4/15
木板X2
石头X8
金锭X5
破旧的石剑
[2021-08-11 13:39:43](1597867839) 执行操作：签到; 执行结果：墨羽翎玖你今天已经签到过了哦~
[2021-08-11 13:39:46](1597867839) 执行操作：排行榜; 执行结果：排行榜
----------------
积分第一：墨羽翎玖（100091）
积分第二：鹊璃（10007）
胜率第一：墨羽翎玖（94%）
胜率第一（大于50场）：墨羽翎玖（94%）
击剑达人：墨羽翎玖（222场）
登顶次数最多：墨羽翎玖（4次）
被击剑次数最多：鹊璃（11次）
[2021-08-11 13:40:12](1597867839) 执行操作：签到; 执行结果：墨羽翎玖你今天已经签到过了哦~
[2021-08-11 13:41:01] 执行操作：小柒(0)初始化成功，开始运行！
[2021-08-11 13:42:01] 执行操作：小柒(0)初始化成功，开始运行！
[2021-08-11 13:43:36] 执行操作：小柒(0)初始化成功，开始运行！
[2021-08-11 13:44:33] 执行操作：小柒(0)初始化成功，开始运行！
[2021-08-11 13:49:33] 执行操作：小柒(0)初始化成功，开始运行！
[2021-08-11 13:50:36] 执行操作：小柒(0)初始化成功，开始运行！
[2021-08-11 13:52:06] 执行操作：小柒(0)初始化成功，开始运行！
[2021-08-11 13:52:23] 执行操作：小柒(0)初始化成功，开始运行！
[2021-08-11 13:54:26] 执行操作：小柒(0)初始化成功，开始运行！
[2021-08-11 13:58:20] 执行操作：小柒(0)初始化成功，开始运行！
[2021-08-11 14:02:14](2209882494) 执行操作：签到; 执行结果：liumanh签到成功！当前积分：9（+9）
[2021-08-11 14:02:21](2209882494) 执行操作：积分; 执行结果：liumanh你的积分为：9
[2021-08-11 14:02:24](2209882494) 执行操作：数据; 执行结果：昵称：liumanh（自动获取）
积分：9
体力：20/120
生命值：100/100
攻击力：5（0）
护甲：0（0）
San值：100/100
生活职业：（暂无）
战斗职业：（暂无）
总计场次：0
背包物品数：0/10
强化次数：0次
[2021-08-11 14:02:41] 执行操作：小柒(0)初始化成功，开始运行！
[2021-08-11 14:03:56](1597867839) 执行操作：@2209882494 击剑; 执行结果：
[2021-08-11 14:04:03](2209882494) 执行操作：添加关键词 1 2 0; 执行结果：权限不足，请输入"我的权限"查看
[2021-08-11 14:04:12](1597867839) 执行操作：添加管理员 2209882494; 执行结果：添加成功~
[2021-08-11 14:04:27](1597867839) 执行操作：删除管理员 2209882494; 执行结果：删除成功~
[2021-08-11 14:04:34](1597867839) 执行操作：添加贡献者 2209882494; 执行结果：添加成功~
[2021-08-11 14:04:41](1597867839) 执行操作：添加管理员 2209882494; 执行结果：已将该成员的权限从贡献者升为了管理员
[2021-08-11 14:04:52](1597867839) 执行操作：添加黑名单 人 1; 执行结果：格式错误
[2021-08-11 14:04:54](2209882494) 执行操作：添加回复 1 2 0; 执行结果：添加成功~
[2021-08-11 14:05:02](1597867839) 执行操作：添加黑名单 人 1 测试; 执行结果：已经将人1加入黑名单
[2021-08-11 14:06:11](1597867839) 执行操作：查看机器人信息; 执行结果：机器人名字：小柒
机器人QQ：1812322920
主人QQ：1597867839
[2021-08-11 14:08:00](2209882494)<小柒新功能测试群聊/753684495> 执行操作：*limit on; 小柒解除禁言！
[2021-08-11 14:08:11](1597867839) 执行操作：添加回复 1 2 全体成员; 执行结果：添加成功~
[2021-08-11 14:08:27](1597867839) 执行操作：删除回复 1 2 0; 执行结果：删除成功~！
[2021-08-11 14:08:33](1597867839)<小柒新功能测试群聊/753684495> 执行操作：*limit off; 小柒解除限制！
[2021-08-11 14:08:37](2209882494)<小柒新功能测试群聊/753684495> 执行操作：*limit off; 小柒解除限制！
[2021-08-11 14:09:01](1597867839) 执行操作：删除回复 1 2 全体成员; 执行结果：删除成功~！
[2021-08-11 14:12:37] 执行操作：小柒(0)初始化成功，开始运行！
[2021-08-11 14:12:50](1597867839) 执行操作：开启脏话; 执行结果：已开启∑(っ°Д°;)っ
[2021-08-11 14:13:20](1597867839) 执行操作：关闭脏话，就会触发这个@2209882494; 执行结果：格式错误
[2021-08-11 14:15:06] 执行操作：小柒(0)初始化成功，开始运行！
[2021-08-11 14:16:07] 执行操作：小柒(0)初始化成功，开始运行！
[2021-08-11 14:16:10](1597867839) 执行操作：挖矿; 执行结果：墨羽翎玖你一番挖掘之后，获得了3块碎石
[2021-08-11 14:16:14](1597867839) 执行操作：探险; 执行结果：墨羽翎玖你决定在后院探险，发现了祖辈留下来的宝箱，什么也没有获得
[2021-08-11 14:17:30](2209882494) 执行操作：查看开关的状态; 执行结果：不存在该物品
[2021-08-11 14:19:54] 执行操作：小柒关机！
[2021-08-11 14:28:30] 执行操作：小柒(0)初始化成功，开始运行！
[2021-08-11 14:29:03] 执行操作：小柒(0)初始化成功，开始运行！
[2021-08-11 14:37:08] 执行操作：小柒(0)初始化成功，开始运行！
[2021-08-11 14:42:57] 执行操作：小柒(0)初始化成功，开始运行！
[2021-08-11 14:44:01](1597867839) 执行操作：查询模块列表; 执行结果：不存在该物品
[2021-08-11 14:46:35] 执行操作：小柒(0)初始化成功，开始运行！
[2021-08-11 14:47:24](2209882494) 执行操作：查询铁剑; 执行结果：名字：铁剑（id:73）
类型：武器
购买：310积分
出售：150积分
合成路径：破旧的铁剑X2
介绍：一把可以使用的铁剑，攻击力+6
[2021-08-11 15:14:46] 执行操作：小柒(0)初始化成功，开始运行！
[2021-08-11 15:19:22] 执行操作：小柒(0)初始化成功，开始运行！
[2021-08-11 15:26:44] 执行操作：小柒(0)初始化成功，开始运行！
[2021-08-11 15:27:12] 执行操作：小柒(0)初始化成功，开始运行！
[2021-08-11 15:27:42] 执行操作：小柒(0)初始化成功，开始运行！
[2021-08-11 15:29:51] 执行操作：小柒(0)初始化成功，开始运行！
[2021-08-11 16:11:02] 执行操作：小柒(0)初始化成功，开始运行！
[2021-08-11 16:12:03](1597867839) 执行操作：添加回复 1 2; 执行结果：添加成功~
[2021-08-11 16:12:22](1597867839) 执行操作：删除回复 1 2; 执行结果：删除成功~！
[2021-08-11 16:12:36] 执行操作：小柒关机！
[2021-08-11 16:16:31] 执行操作：小柒(0)初始化成功，开始运行！
[2021-08-11 16:18:55] 执行操作：小柒关机！
[2021-08-11 16:26:58] 执行操作：小柒(0)初始化成功，开始运行！
[2021-08-11 16:29:21] 执行操作：小柒(0)初始化成功，开始运行！
[2021-08-11 16:30:09] 执行操作：小柒关机！
[2021-08-11 16:30:54] 执行操作：小柒(0)初始化成功，开始运行！
[2021-08-11 16:31:28] 执行操作：小柒(0)初始化成功，开始运行！
[2021-08-11 16:34:47] 执行操作：小柒(0)初始化成功，开始运行！
[2021-08-11 16:38:52] 执行操作：小柒(0)初始化成功，开始运行！
[2021-08-11 16:40:17] 执行操作：小柒(0)初始化成功，开始运行！
[2021-08-11 16:43:33] 执行操作：小柒(0)初始化成功，开始运行！
[2021-08-11 16:44:16] 执行操作：小柒(0)初始化成功，开始运行！
[2021-08-11 16:44:23](3284586127)<小柒新功能测试群聊/753684495> 执行操作：入群欢迎
[2021-08-11 16:44:43] 执行操作：小柒(0)初始化成功，开始运行！
[2021-08-11 16:45:39] 执行操作：小柒(0)初始化成功，开始运行！
[2021-08-11 16:46:55] 执行操作：小柒(0)初始化成功，开始运行！
[2021-08-11 16:47:45] 执行操作：小柒(0)初始化成功，开始运行！
[2021-08-11 16:48:24] 执行操作：小柒(0)初始化成功，开始运行！
[2021-08-11 16:49:13] 执行操作：小柒(0)初始化成功，开始运行！
[2021-08-11 16:49:59] 执行操作：小柒(0)初始化成功，开始运行！
[2021-08-11 16:50:04](3284586127)<小柒新功能测试群聊/753684495> 执行操作：入群欢迎
[2021-08-11 16:50:51] 执行操作：小柒(0)初始化成功，开始运行！
[2021-08-11 16:51:02](3284586127)<小柒新功能测试群聊/753684495> 执行操作：入群欢迎
[2021-08-11 16:51:38] 执行操作：小柒(0)初始化成功，开始运行！
[2021-08-11 16:52:54] 执行操作：小柒(0)初始化成功，开始运行！
[2021-08-11 16:53:02](3284586127)<小柒新功能测试群聊/753684495> 执行操作：入群欢迎
[2021-08-11 16:53:54](2034794240)<小柒新功能测试群聊/753684495> 执行操作：入群欢迎
[2021-08-11 16:54:35](2034794240)<小柒新功能测试群聊/753684495> 执行操作：入群欢迎
[2021-08-11 16:55:50](3284586127)<小柒新功能测试群聊/753684495> 执行操作：入群欢迎
[2021-08-11 17:15:17] 执行操作：小柒(0)初始化成功，开始运行！
[2021-08-11 17:15:27] 执行操作：小柒的监听模块 启动！
[2021-08-11 17:16:05] 执行操作：小柒的监听模块 启动！
[2021-08-11 17:16:35] 执行操作：小柒的监听模块 启动！
[2021-08-11 17:17:37] 执行操作：小柒的监听模块 启动！
[2021-08-11 17:17:42] 执行操作：已重置打卡日期到：2021-08-11
[2021-08-11 17:19:33] 执行操作：小柒的监听模块 启动！
[2021-08-11 17:19:38] 执行操作：已重置打卡日期到：2021-08-11
[2021-08-11 17:20:44] 执行操作：小柒的监听模块 启动！
[2021-08-11 17:20:50] 执行操作：已重置打卡日期到：2021-08-11
[2021-08-11 17:24:15] 执行操作：小柒的监听模块 启动！
[2021-08-11 17:24:20] 执行操作：已重置打卡日期到：2021-08-11
[2021-08-11 17:24:27] 执行操作：小柒的监听模块 启动！
[2021-08-11 17:24:32] 执行操作：已重置打卡日期到：2021-08-11
[2021-08-11 17:24:49] 执行操作：小柒的监听模块 启动！
[2021-08-11 17:24:54] 执行操作：已重置打卡日期到：2021-08-11
[2021-08-11 18:10:26] 执行操作：小柒(0)初始化成功，开始运行！
[2021-08-11 18:11:13] 执行操作：小柒(0)初始化成功，开始运行！
[2021-08-12 11:53:27] 执行操作：小柒(0)初始化成功，开始运行！
[2021-08-12 11:54:04] 执行操作：小柒关机！
[2021-08-12 11:54:49] 执行操作：小柒(0)初始化成功，开始运行！
[2021-08-12 11:55:02] 执行操作：小柒关机！
[2021-08-12 11:55:26] 执行操作：小柒(0)初始化成功，开始运行！
[2021-08-12 11:55:30](1597867839) 执行操作：添加屏蔽词 1; 执行结果：添加成功~！目前屏蔽词个数：1
[2021-08-12 11:55:35](1597867839) 执行操作：查看屏蔽词; 执行结果：开启的屏蔽词如下：
1
[2021-08-12 11:55:58](1597867839) 执行操作：添加屏蔽词 2; 执行结果：添加成功~！目前屏蔽词个数：2
[2021-08-12 11:56:03](1597867839) 执行操作：删除屏蔽词 1; 执行结果：删除成功目前屏蔽词个数：1
[2021-08-12 11:56:06](1597867839) 执行操作：查看屏蔽词; 执行结果：开启的屏蔽词如下：
2
[2021-08-12 11:56:13](1597867839) 执行操作：清空屏蔽词; 执行结果：请问是否清空屏蔽词，回答“是”或者“否”
[2021-08-12 11:56:32] 执行操作：小柒关机！
[2021-08-12 11:56:58] 执行操作：小柒(0)初始化成功，开始运行！
[2021-08-12 11:57:37] 执行操作：小柒(0)初始化成功，开始运行！
[2021-08-12 11:57:43](1597867839) 执行操作：查看屏蔽词; 执行结果：开启的屏蔽词如下：
2
[2021-08-12 11:57:49](1597867839) 执行操作：清空屏蔽词; 执行结果：请问是否清空屏蔽词，回答“是”或者“否”
[2021-08-12 11:57:56](1597867839) 执行操作：查看屏蔽词; 执行结果：暂无任何屏蔽词
[2021-08-12 11:58:00](1597867839) 执行操作：添加屏蔽词 1; 执行结果：添加成功~！目前屏蔽词个数：1
[2021-08-12 11:59:00] 执行操作：小柒(0)初始化成功，开始运行！
[2021-08-12 12:03:31] 执行操作：小柒(0)初始化成功，开始运行！
[2021-08-12 12:06:52] 执行操作：小柒(0)初始化成功，开始运行！
[2021-08-12 12:09:16] 执行操作：小柒(0)初始化成功，开始运行！
[2021-08-12 12:13:08] 执行操作：小柒(0)初始化成功，开始运行！
[2021-08-12 12:15:37] 执行操作：小柒(0)初始化成功，开始运行！
[2021-08-12 12:51:44] 执行操作：小柒(0)初始化成功，开始运行！
[2021-08-12 12:53:06](1597867839) 执行操作：查看屏蔽词; 执行结果：开启的屏蔽词如下：
1
[2021-08-12 12:55:03] 执行操作：小柒(0)初始化成功，开始运行！
[2021-08-12 12:55:07](1597867839) 执行操作：查看屏蔽词; 执行结果：开启的屏蔽词如下：
1
[2021-08-12 12:55:30] 执行操作：小柒(0)初始化成功，开始运行！
[2021-08-12 12:55:31](1597867839) 执行操作：查看屏蔽词; 执行结果：开启的屏蔽词如下：
1
[2021-08-12 12:56:59] 执行操作：小柒(0)初始化成功，开始运行！
[2021-08-12 12:57:09](1597867839) 执行操作：查看屏蔽词; 执行结果：开启的屏蔽词如下：
1
[2021-08-12 12:57:36](3284586127) 执行操作：查看屏蔽词; 执行结果：权限不足，请输入"我的权限"查看
[2021-08-12 12:58:46] 执行操作：小柒(0)初始化成功，开始运行！
[2021-08-12 13:00:01] 执行操作：小柒(0)初始化成功，开始运行！
[2021-08-12 13:01:31] 执行操作：小柒(0)初始化成功，开始运行！
[2021-08-12 13:02:57] 执行操作：小柒(0)初始化成功，开始运行！
[2021-08-12 13:03:58](1597867839) 执行操作：查看屏蔽词; 执行结果：开启的屏蔽词如下：
1
[2021-08-12 13:04:02](1597867839) 执行操作：挖矿; 执行结果：墨羽翎玖你一番挖掘之后，获得了2块碎石
[2021-08-12 13:04:23] 执行操作：小柒关机！
[2021-08-12 13:05:41] 执行操作：小柒(0)初始化成功，开始运行！
[2021-08-12 13:05:57](1597867839) 执行操作：查看屏蔽词; 执行结果：开启的屏蔽词如下：
1
[2021-08-12 13:06:13](1597867839) 执行操作：清空屏蔽词; 执行结果：请问是否清空屏蔽词，回答“是”或者“否”
[2021-08-12 13:06:21](1597867839) 执行操作：查看屏蔽词; 执行结果：暂无任何屏蔽词
[2021-08-12 13:06:25](1597867839) 执行操作：@3284586127 击剑; 执行结果：
[2021-08-12 13:06:28](1597867839) 执行操作：添加屏蔽词 1; 执行结果：屏蔽词不能为纯数字哦~
[2021-08-12 13:06:36](1597867839) 执行操作：添加屏蔽词 1597867839; 执行结果：屏蔽词不能为纯数字哦~
[2021-08-12 13:11:09] 执行操作：小柒(0)初始化成功，开始运行！
[2021-08-12 13:11:26](1597867839) 执行操作：添加屏蔽词 测试; 执行结果：添加成功~！目前屏蔽词个数：1
[2021-08-12 13:11:28](1597867839) 执行操作：查看屏蔽词; 执行结果：开启的屏蔽词如下：
测试
[2021-08-12 13:11:33](1597867839) 执行操作：删除屏蔽词 测试; 执行结果：删除成功目前屏蔽词个数：0
[2021-08-12 13:26:53] 执行操作：小柒(0)初始化成功，开始运行！
[2021-08-12 13:29:48] 执行操作：小柒(0)初始化成功，开始运行！
[2021-08-12 13:32:23] 执行操作：小柒(0)初始化成功，开始运行！
[2021-08-12 13:32:44](1597867839)<小柒新功能测试群聊/753684495> 执行操作：开启限制模式; 小柒解除禁言！
[2021-08-12 13:32:55](1597867839)<小柒新功能测试群聊/753684495> 执行操作：关闭限制模式; 小柒解除限制！
[2021-08-12 13:34:26](1597867839) 执行操作：添加回复 1 2; 执行结果：添加成功~
[2021-08-12 13:40:24] 执行操作：小柒(0)初始化成功，开始运行！
[2021-08-12 13:41:51](2209882494) 执行操作：添加回复 1 [图片]; 执行结果：添加成功~
[2021-08-12 13:42:20](2209882494) 执行操作：删除回复 1 [图片]; 执行结果：删除成功~！
[2021-08-12 13:42:24] 执行操作：小柒关机！
[2021-08-12 14:30:54] 执行操作：小柒(0)初始化成功，开始运行！
[2021-08-12 14:32:34](1597867839) 执行操作：贡献者帮助; 执行结果：参见command.py里的帮助内容
[2021-08-12 14:44:06] 执行操作：小柒(0)初始化成功，开始运行！
[2021-08-12 14:45:31] 执行操作：小柒(0)初始化成功，开始运行！
[2021-08-12 14:46:18] 执行操作：小柒(0)初始化成功，开始运行！
[2021-08-12 14:47:09] 执行操作：小柒(0)初始化成功，开始运行！
[2021-08-12 14:50:00] 执行操作：小柒(0)初始化成功，开始运行！
[2021-08-12 14:50:11](1597867839) 执行操作：模拟抽卡; 执行结果：★★★★☆☆梅
-------------
以上数据由夜煞提供，如有错误，请使用命令"*send 错误内容"告知
[2021-08-12 14:50:15](1597867839) 执行操作：模拟十连; 执行结果：★★★★☆☆ 慕斯
★★★★★☆ 苇草
★★★★☆☆ 酸糖
★★★☆☆☆ 芬
★★★★★☆ 梅尔
★★★★☆☆ 松果
★★★★☆☆ 角峰
★★★★☆☆ 远山
★★★★☆☆ 猎蜂
★★★★☆☆ 古米
-------------
以上数据由夜煞提供，如有错误，请使用命令"*send 错误内容"告知
[2021-08-12 14:52:47] 执行操作：小柒(0)初始化成功，开始运行！
[2021-08-12 14:53:25] 执行操作：小柒(0)初始化成功，开始运行！
[2021-08-12 14:53:46](1597867839) 执行操作：添加全局屏蔽词 傻逼; 执行结果：添加成功~！
[2021-08-12 14:54:14](1597867839) 执行操作：删除全局屏蔽词 傻逼; 执行结果：删除成功
[2021-08-12 14:54:34] 执行操作：小柒(0)初始化成功，开始运行！
[2021-08-12 14:54:37](1597867839) 执行操作：添加全局屏蔽词 傻逼; 执行结果：添加成功~！
[2021-08-12 14:54:56](1597867839) 执行操作：添加全局屏蔽词 你他吗; 执行结果：添加成功~！
[2021-08-12 14:55:06](1597867839) 执行操作：添加全局屏蔽词 你他妈; 执行结果：添加成功~！
[2021-08-12 14:55:52] 执行操作：小柒(0)初始化成功，开始运行！
