[2021-04-16 09:00:24](1597867839) 执行操作：添加黑名单 人 328486127
[2021-04-16 09:00:35](1597867839) 执行操作：移除黑名单 人 3284586127
[2021-04-16 09:00:50](1597867839) 执行操作：移除黑名单 人 328486127
[2021-04-16 09:01:52](1597867839) 执行操作：版本信息; 执行结果：当前版本为：2.3
[2021-04-16 09:02:00](1597867839) 执行操作：添加黑名单 人 1; 执行结果：已经将人1加入黑名单
[2021-04-16 09:02:12](1597867839) 执行操作：移除黑名单 人 1; 执行结果：已经将人1移除黑名单
[2021-04-16 09:02:18](1597867839) 执行操作：添加情话 测试; 执行结果：添加成功！当前情话有：175条
[2021-04-16 09:02:34](1597867839) 执行操作：删除情话 175; 执行结果：删除成功！当前情话有：174条
[2021-04-16 09:08:13]() 执行操作：小柒启动！
[2021-04-16 09:08:39]() 执行操作：小柒的监听模块 启动！
[2021-04-16 09:13:42]() 执行操作：小柒启动！
[2021-04-16 09:13:48](1597867839) 执行操作：版本信息; 执行结果：当前版本为：2.4
[2021-04-16 09:14:23]() 执行操作：小柒启动！
[2021-04-16 09:15:02]() 执行操作：小柒启动！
[2021-04-16 09:15:07](1597867839) 执行操作：修改版本信息 2.3; 执行结果：修改成功！当前版本：2.3
[2021-04-16 09:15:11](1597867839) 执行操作：版本信息; 执行结果：当前版本为：2.3
[2021-04-16 09:15:19](1597867839) 执行操作：修改版本信息 2.4; 执行结果：修改成功！当前版本：2.4
[2021-04-16 09:16:06]() 执行操作：小柒启动！
[2021-04-16 09:16:20](1597867839) 执行操作：管理员帮助; 执行结果：管理员/贡献者计划帮助如下：
--------------------------
1.添加文摘 文摘1 文摘2：多个文摘之间以空格分隔
2.添加情话 情话1 情话2：多个情话之间以空格分隔
3.添加脏话 脏话1 脏话2：多个脏话之间以空格分隔
4.文摘条数：返回当前有多少条文摘
5.情话条数：返回当前有多少条情话
6.脏话条数：返回当前有多少条脏话
7.小柒报告状况：报告小柒的运行状况
8.打卡情况 群号：返回某个群的打卡情况
9.版本信息：返回小柒的版本信息
--------------------------
注：小柒的操作权限分为三类，由高到低分别为：管理员（仅有1人）、贡献者计划、用户

[2021-04-16 09:16:26](1597867839) 执行操作：命令大全; 执行结果：管理员/贡献者计划帮助如下：
--------------------------
1.重新加载配置文件：重新加载所有的数据以及配置文件
2.添加管理员 账号：向贡献者计划中加入新人
3.命令大全：返回命令大全
4.删除文摘 序号：删除某一条文摘
5.删除情话 序号：删除某一条情话
6.添加黑名单 群 群号：将该群加入黑名单
6.添加黑名单 人 QQ号：将该人加入黑名单
6.移除黑名单 群 群号：将该群移除黑名单
6.移除黑名单 人 QQ号：将该人移除黑名单
7.修改版本信息 版本号：远程修改版本信息

[2021-04-16 09:19:29]() 执行操作：小柒启动！
[2021-04-16 09:19:37](1597867839) 执行操作：管理员帮助; 执行结果：参见command.py里的帮助内容
[2021-04-16 10:35:15]() 执行操作：小柒启动！
[2021-04-16 10:35:27](1597867839) 执行操作：添加打卡计划; 执行结果：本群已有打卡计划
[2021-04-16 10:35:42](1597867839) 执行操作：打卡情况 753684495; 执行结果：未打卡名单：

[2021-04-16 10:36:26]() 执行操作：小柒启动！
[2021-04-16 10:36:33](1597867839) 执行操作：打卡情况 753684495; 执行结果：未打卡名单：

[2021-04-16 10:37:29]() 执行操作：小柒启动！
[2021-04-16 10:37:56]() 执行操作：小柒启动！
[2021-04-16 10:37:59](1597867839) 执行操作：打卡情况 753684495; 执行结果：未打卡名单：
墨羽翎玖(1597867839)

[2021-04-16 10:47:55]() 执行操作：小柒启动！
[2021-04-16 10:48:39]() 执行操作：小柒启动！
[2021-04-16 10:49:50]() 执行操作：小柒启动！
[2021-04-16 10:50:18]() 执行操作：小柒启动！
[2021-04-16 10:54:07]() 执行操作：小柒启动！
[2021-04-16 10:54:17](1597867839) 执行操作：修改机器人名字 test; 执行结果：修改成功！当前名字：test
[2021-04-16 10:55:02](1597867839) 执行操作：修改机器人名字 小柒; 执行结果：修改成功！当前名字：小柒
[2021-04-16 10:55:16](1597867839) 执行操作：修改机器人QQ 399608601; 执行结果：修改成功！当前QQ：399608601
[2021-04-21 09:23:03]() 执行操作：小柒启动！
[2021-04-21 09:23:12](1597867839) 执行操作：版本信息; 执行结果：当前版本为：2.6
[2021-04-21 09:23:29](1597867839) 执行操作：修改版本信息 2.7; 执行结果：修改成功！当前版本：2.7
[2021-04-21 09:23:40](1597867839) 执行操作：添加打卡计划; 执行结果：本群已有打卡计划
[2021-04-21 09:23:52](1597867839) 执行操作：打卡情况; 执行结果：未打卡名单：
墨羽翎玖(1597867839)

[2021-04-21 09:24:40]() 执行操作：小柒启动！
[2021-04-21 09:25:57]() 执行操作：小柒启动！
[2021-04-21 09:26:54]() 执行操作：小柒启动！
[2021-04-21 09:28:08]() 执行操作：小柒启动！
[2021-04-21 09:28:43](1597867839) 执行操作：添加打卡计划; 执行结果：已为本群开启打卡计划，各位可以输入"加入打卡计划"来加入打卡计划
[2021-04-21 09:29:45]() 执行操作：小柒的监听模块 启动！
[2021-04-21 09:29:58]() 执行操作：小柒启动！
[2021-04-21 09:30:18]() 执行操作：小柒的监听模块 启动！
[2021-04-21 09:32:12]() 执行操作：小柒的监听模块 启动！
[2021-04-21 09:37:59]() 执行操作：小柒启动！
[2021-04-21 09:38:32]() 执行操作：小柒启动！
[2021-04-21 09:38:54]() 执行操作：小柒启动！
[2021-04-21 09:38:56](1597867839) 执行操作：打卡; 执行结果：墨羽翎玖，今天你已经打卡啦，没必要再打一次！
[2021-04-21 10:12:07]() 执行操作：小柒启动！
[2021-04-21 10:12:27]() 执行操作：小柒启动！
[2021-04-21 10:18:06]() 执行操作：小柒的监听模块 启动！
[2021-04-21 10:18:15]() 执行操作：小柒的监听模块 启动！
[2021-04-21 10:19:29]() 执行操作：小柒的监听模块 启动！
[2021-04-21 10:50:16]() 执行操作：小柒启动！
[2021-04-21 10:51:30]() 执行操作：小柒启动！
[2021-04-21 10:51:49](1597867839) 执行操作：添加打卡计划; 执行结果：本群已有打卡计划
[2021-04-21 10:51:56](1597867839) 执行操作：锁定打卡计划; 执行结果：管理员已锁定本群打卡计划，现在不允许退出与加入
[2021-04-21 10:51:59](1597867839) 执行操作：退出打卡计划; 执行结果：墨羽翎玖,本群打卡计划已被锁定，不能退出
[2021-04-21 10:52:11](1597867839) 执行操作：加入打卡计划; 执行结果：墨羽翎玖,你已在本群的打卡计划内哦~
[2021-04-21 10:52:17](1597867839) 执行操作：解锁打卡计划 退出; 执行结果：管理员已解锁本群打卡计划，现在允许退出
[2021-04-21 10:52:22](1597867839) 执行操作：退出打卡计划; 执行结果：墨羽翎玖退出成功
[2021-04-21 10:52:29](1597867839) 执行操作：加入打卡计划; 执行结果：墨羽翎玖,本群打卡计划已被锁定，不能加入
[2021-04-21 10:53:05]() 执行操作：小柒启动！
[2021-04-21 10:53:07](1597867839) 执行操作：解锁打卡计划 加入; 执行结果：管理员已解锁本群打卡计划，现在允许加入
[2021-04-21 10:53:14](1597867839) 执行操作：加入打卡计划; 执行结果：墨羽翎玖加入成功！
[2021-04-21 10:53:17](1597867839) 执行操作：退出打卡计划; 执行结果：墨羽翎玖退出成功
[2021-04-21 10:53:21](1597867839) 执行操作：锁定打卡计划; 执行结果：管理员已锁定本群打卡计划，现在不允许退出与加入
[2021-04-21 10:53:24](1597867839) 执行操作：加入打卡计划; 执行结果：墨羽翎玖,本群打卡计划已被锁定，不能加入
[2021-04-21 10:53:31](1597867839) 执行操作：解锁打卡计划; 执行结果：管理员已解锁本群打卡计划，现在允许退出与加入
[2021-04-21 10:53:35](1597867839) 执行操作：加入打卡计划; 执行结果：墨羽翎玖加入成功！
[2021-04-21 10:53:38](1597867839) 执行操作：退出打卡计划; 执行结果：墨羽翎玖退出成功
[2021-04-21 11:38:49]() 执行操作：小柒启动！
[2021-04-21 11:38:59](1597867839)<小柒新功能测试群聊/753684495> 执行操作：加入打卡计划; 执行结果：墨羽翎玖加入成功！
[2021-04-21 20:50:45]() 执行操作：小柒启动！
[2021-04-21 20:53:24]() 执行操作：小柒启动！
[2021-04-21 20:55:32](1597867839) 执行操作：添加屏蔽词 我妈没教我; 执行结果：已经有该屏蔽词了
[2021-04-21 20:56:02](1597867839) 执行操作：添加回复 你多大了 没有年龄哦~; 执行结果：添加成功~
[2021-04-21 20:59:58]() 执行操作：小柒启动！
[2021-04-21 21:00:08](1597867839) 执行操作：添加屏蔽词 我妈没教我; 执行结果：已经有该屏蔽词了
[2021-04-21 21:00:15](1597867839) 执行操作：添加回复 你多大了 没有年龄哦~; 执行结果：添加成功~
[2021-04-21 21:01:54]() 执行操作：小柒启动！
[2021-04-21 21:01:58](1597867839) 执行操作：添加屏蔽词 我妈没教我; 执行结果：添加成功~！
[2021-04-21 21:02:04](1597867839) 执行操作：添加回复 你多大了 没有年龄哦~; 执行结果：添加成功~
[2021-04-21 21:02:56]() 执行操作：小柒启动！
[2021-04-21 21:03:11](1597867839) 执行操作：添加屏蔽词 我妈没教我; 执行结果：已经有该屏蔽词了
[2021-04-21 21:03:16](1597867839) 执行操作：添加回复 你多大了 没有年龄哦~; 执行结果：添加成功~
[2021-04-21 21:03:25](1597867839) 执行操作：添加回复 你多大了 你猜猜我多大了; 执行结果：添加成功~
[2021-04-21 21:08:23]() 执行操作：小柒启动！
[2021-04-21 21:08:50]() 执行操作：小柒启动！
[2021-04-21 21:09:04](1597867839) 执行操作：添加回复 xx 1; 执行结果：添加成功~
[2021-04-21 21:14:40]() 执行操作：小柒启动！
[2021-04-21 21:15:15]() 执行操作：小柒启动！
[2021-04-21 21:15:18](1597867839) 执行操作：删除回复 xx 1; 执行结果：删除成功~！
[2021-04-21 21:15:22](1597867839) 执行操作：删除回复 xx 1; 执行结果：没有该词组配对~
[2021-04-21 21:15:30](1597867839) 执行操作：删除回复 1 2; 执行结果：没有该词组配对~
[2021-04-21 21:51:56]() 执行操作：小柒启动！
[2021-04-21 21:53:18]() 执行操作：小柒启动！
[2021-04-21 21:53:23](1597867839) 执行操作：添加回复*x x*1; 执行结果：添加成功~
[2021-04-21 21:53:34](1597867839) 执行操作：删除回复*x x*1; 执行结果：删除成功~！
[2021-04-22 11:46:51]() 执行操作：小柒启动！
[2021-04-22 15:48:15]() 执行操作：小柒启动！
[2021-04-22 15:48:28](1597867839) 执行操作：小柒报告状况; 执行结果：小柒运行良好
[2021-04-22 15:49:55]() 执行操作：小柒启动！
[2021-04-22 15:50:06](1597867839) 执行操作：命令大全; 执行结果：参见command.py里的帮助内容
[2021-04-22 15:50:14](1597867839) 执行操作：查看贡献者计划; 执行结果：[791021961, 3284586127]
[2021-04-22 15:51:00]() 执行操作：小柒启动！
[2021-04-22 15:51:08](1597867839) 执行操作：查看管理员; 执行结果：[1597867839]
[2021-04-22 15:51:14](1597867839) 执行操作：添加回复 x y; 执行结果：添加成功~
[2021-04-22 15:52:20]() 执行操作：小柒启动！
[2021-04-22 15:52:26](1597867839) 执行操作：删除回复 x y; 执行结果：删除成功~！
[2021-04-22 23:18:43]() 执行操作：小柒的监听模块 启动！
[2021-04-22 23:22:53]() 执行操作：小柒的监听模块 启动！
[2021-04-22 23:26:39]() 执行操作：小柒的监听模块 启动！
[2021-04-22 23:27:06]() 执行操作：小柒的监听模块 启动！
[2021-04-22 23:27:19]() 执行操作：小柒的监听模块 启动！
[2021-04-23 11:38:42]() 执行操作：小柒启动！
[2021-04-23 11:38:51](1597867839) 执行操作：小柒; 执行结果：我在！
[2021-04-23 11:38:59](1597867839) 执行操作：查看管理员; 执行结果：[]
[2021-04-23 11:39:37]() 执行操作：小柒启动！
[2021-04-23 11:39:38](1597867839) 执行操作：查看贡献者; 执行结果：[791021961, 3284586127]
[2021-04-23 11:39:44](1597867839) 执行操作：我的权限; 执行结果：当前权限：主人
可以输入主人帮助来获取指令帮助哦~
[2021-04-23 11:40:01]() 执行操作：小柒启动！
[2021-04-23 11:40:09](1597867839) 执行操作：添加回复 1 2; 执行结果：添加成功~
[2021-04-23 11:40:16](1597867839) 执行操作：删除回复 1 2; 执行结果：删除成功~！
[2021-04-23 11:40:18](1597867839) 执行操作：小柒; 执行结果：我在！
[2021-04-23 11:48:42]() 执行操作：小柒启动！
[2021-04-23 11:48:47](1597867839) 执行操作：添加管理员 3284586127; 执行结果：已将该成员的权限从贡献者升为了管理员
[2021-04-23 11:49:06](1597867839) 执行操作：删除管理员 3284586127; 执行结果：删除成功~
[2021-04-23 15:03:05]() 执行操作：小柒启动！
[2021-04-23 15:03:29]() 执行操作：小柒启动！
[2021-04-23 15:04:17]() 执行操作：小柒启动！
[2021-04-23 15:04:21](1597867839) 执行操作：查看屏蔽词; 执行结果：['老公', '草', '为获取到相关信息', '上课', '{', '暂时没这功能', '佢應', '這樣', '不要啊皇上', '有錢會好D囉', '太监', '聽', '我妈没教我']
[2021-04-23 15:04:29](1597867839) 执行操作：添加屏蔽词 1; 执行结果：添加成功~！
[2021-04-23 15:04:34](1597867839) 执行操作：查看屏蔽词; 执行结果：['老公', '草', '为获取到相关信息', '上课', '{', '暂时没这功能', '佢應', '這樣', '不要啊皇上', '有錢會好D囉', '太监', '聽', '我妈没教我', '1']
[2021-04-23 15:04:40](1597867839) 执行操作：删除屏蔽词 2; 执行结果：没有这个词语哦！
[2021-04-23 15:04:47](1597867839) 执行操作：删除屏蔽词 1; 执行结果：删除成功
[2021-04-23 15:04:52](1597867839) 执行操作：查看屏蔽词; 执行结果：['老公', '草', '为获取到相关信息', '上课', '{', '暂时没这功能', '佢應', '這樣', '不要啊皇上', '有錢會好D囉', '太监', '聽', '我妈没教我']
[2021-04-23 15:05:13](1597867839) 执行操作：开启脏话; 执行结果：已开启∑(っ°Д°;)っ
[2021-04-23 15:05:52](1597867839) 执行操作：关闭脏话; 执行结果：已关闭，切，懦夫~
[2021-04-23 15:06:01](1597867839) 执行操作：开启脏话; 执行结果：已开启∑(っ°Д°;)っ
[2021-04-24 13:38:16]() 执行操作：小柒启动！
[2021-04-24 13:39:46](1597867839) 执行操作：我的权限; 执行结果：当前权限：主人
可以输入主人帮助来获取指令帮助哦~
[2021-04-24 22:37:20]() 执行操作：小柒启动！
[2021-04-24 22:38:03]() 执行操作：小柒启动！
[2021-04-24 22:38:32]() 执行操作：小柒启动！
[2021-04-24 22:38:49](1597867839) 执行操作：添加回复 1 2; 执行结果：添加成功~
[2021-04-24 22:39:01](1597867839) 执行操作：删除回复 1 2; 执行结果：删除成功~！
[2021-04-24 22:39:12](1597867839) 执行操作：添加关键词 1 2; 执行结果：添加成功~
[2021-04-24 22:39:59]() 执行操作：小柒启动！
[2021-04-24 22:40:21](1597867839) 执行操作：删除关键词 1 2; 执行结果：删除成功~！
[2021-04-24 22:40:26](1597867839) 执行操作：我的权限; 执行结果：当前权限：主人
可以输入主人帮助来获取指令帮助哦~
[2021-04-24 22:43:45]() 执行操作：小柒启动！
[2021-04-24 22:45:48]() 执行操作：小柒启动！
[2021-04-24 22:49:22]() 执行操作：小柒启动！
[2021-04-24 22:50:18](1597867839) 执行操作：我的权限; 执行结果：当前权限：主人
可以输入主人帮助来获取指令帮助哦~
[2021-04-24 22:54:09]() 执行操作：小柒启动！
[2021-04-25 11:38:13]() 执行操作：小柒启动！
[2021-04-25 11:38:58](1597867839) 执行操作：添加回复 1 2; 执行结果：添加成功~
[2021-04-25 11:39:02](1597867839) 执行操作：删除回复 1 2; 执行结果：删除成功~！
[2021-04-25 11:39:07](1597867839) 执行操作：添加关键词 1 2; 执行结果：添加成功~
[2021-04-25 11:39:14](1597867839) 执行操作：删除关键词 1 2; 执行结果：删除成功~！
[2021-04-25 11:39:24](1597867839) 执行操作：添加回复 1 2 3284586127; 执行结果：添加成功~
[2021-04-25 11:40:00]() 执行操作：小柒启动！
[2021-04-25 11:40:21](1597867839) 执行操作：删除回复 1 2; 执行结果：没有该词组配对~
[2021-04-25 11:40:44]() 执行操作：小柒启动！
[2021-04-25 11:41:27]() 执行操作：小柒启动！
[2021-04-25 11:41:44](1597867839) 执行操作：删除回复 1 2 3284586127; 执行结果：删除成功~！
[2021-04-25 11:42:07](1597867839) 执行操作：添加回复*1 1*2*3284586127; 执行结果：添加成功~
[2021-04-25 11:42:23](1597867839) 执行操作：删除回复*1 1*2*3284586127; 执行结果：删除成功~！
[2021-04-25 11:43:44]() 执行操作：小柒启动！
[2021-04-25 11:43:54](1597867839) 执行操作：添加回复 RecoveryProbability 1; 执行结果：RecoveryProbability为保留字，不可以添加
[2021-04-25 11:43:59](1597867839) 执行操作：添加回复 1 RecoveryProbability; 执行结果：1为保留字，不可以添加
[2021-04-25 11:45:36]() 执行操作：小柒启动！
[2021-04-25 11:45:37](1597867839) 执行操作：添加回复 1 RecoveryProbability; 执行结果：RecoveryProbability为保留字，不可以添加
[2021-04-25 11:45:46](1597867839) 执行操作：删除回复 1 RecoveryProbability; 执行结果：RecoveryProbability为保留字，不可以删除
[2021-04-25 11:46:22]() 执行操作：小柒启动！
[2021-04-25 11:46:29](1597867839) 执行操作：添加关键词 1 RecoveryProbability; 执行结果：RecoveryProbability为保留字，不可以添加
[2021-04-25 11:46:39](1597867839) 执行操作：删除关键词 1 RecoveryProbability; 执行结果：RecoveryProbability为保留字，不可以删除
[2021-04-25 11:47:25](1597867839) 执行操作：添加回复 1 2 全体成员; 执行结果：添加成功~
[2021-04-25 11:47:51](1597867839) 执行操作：删除回复 1 2 全体成员; 执行结果：删除成功~！
[2021-04-25 11:48:04](1597867839) 执行操作：添加回复 1 2; 执行结果：添加成功~
[2021-04-25 11:48:37](1597867839) 执行操作：删除回复 1 2; 执行结果：删除成功~！
[2021-04-25 11:49:55]() 执行操作：小柒启动！
[2021-04-25 11:49:58](1597867839) 执行操作：添加回复 1 2; 执行结果：添加成功~
[2021-04-25 11:53:23]() 执行操作：小柒启动！
[2021-04-25 11:53:32](1597867839) 执行操作：添加关键词 1 2 3284586127; 执行结果：添加成功~
[2021-04-25 11:57:42]() 执行操作：小柒启动！
[2021-04-25 11:57:54](1597867839) 执行操作：删除回复 1 2; 执行结果：删除成功~！
[2021-04-25 11:58:08](1597867839) 执行操作：删除关键词 1 2 3284586127; 执行结果：删除成功~！
[2021-04-25 11:58:13](1597867839) 执行操作：添加回复 1 2 全体成员; 执行结果：添加成功~
[2021-04-25 11:58:59]() 执行操作：小柒启动！
[2021-04-25 12:00:06]() 执行操作：小柒启动！
[2021-04-25 12:00:13](1597867839) 执行操作：添加回复 2 3 1; 执行结果：添加成功~
[2021-04-25 12:01:46]() 执行操作：小柒启动！
[2021-04-25 12:02:18]() 执行操作：小柒启动！
[2021-04-25 12:02:35]() 执行操作：小柒启动！
[2021-04-25 12:02:55]() 执行操作：小柒启动！
[2021-04-25 12:03:08](1597867839) 执行操作：添加关键词 3 4 3284586127; 执行结果：添加成功~
[2021-04-25 12:03:32](1597867839) 执行操作：删除回复 2 3 1; 执行结果：删除成功~！
[2021-04-25 12:03:39](1597867839) 执行操作：删除关键词 3 4 3284586127; 执行结果：删除成功~！
[2021-04-25 12:04:40]() 执行操作：小柒启动！
[2021-04-25 12:05:06](1597867839) 执行操作：删除关键词 1 2 全体成员; 执行结果：没有该词组配对~
[2021-04-25 12:05:59]() 执行操作：小柒启动！
[2021-04-25 12:06:12](1597867839) 执行操作：删除关键词 1 2 全体成员; 执行结果：没有该词组配对~
[2021-04-25 12:06:55]() 执行操作：小柒启动！
[2021-04-25 12:07:01](1597867839) 执行操作：删除关键词 1 2 全体成员; 执行结果：没有该词组配对~
[2021-04-25 12:07:45](1597867839) 执行操作：删除回复 1 2 全体成员; 执行结果：删除成功~！
[2021-04-25 12:09:36]() 执行操作：小柒启动！
[2021-04-25 12:09:43](1597867839) 执行操作：添加回复 1 2 全体成员; 执行结果：添加成功~
[2021-04-25 12:10:18](1597867839) 执行操作：添加回复 2 3; 执行结果：添加成功~
[2021-04-25 12:12:24]() 执行操作：小柒启动！
[2021-04-25 12:14:14]() 执行操作：小柒启动！
[2021-04-25 13:48:25]() 执行操作：小柒启动！
[2021-04-25 13:49:12](1597867839) 执行操作：调教帮助; 执行结果：调教帮助如下：
--------------------------
1.添加回复 字段 回复内容( 艾特对象)：添加一个字段回复，如果输入这个字段，小柒将会自动回复回复内容
2.删除回复 字段 回复内容( 艾特对象)：删除一个字段回复配对
3.添加回复*字段*回复内容(*艾特对象)：（以*分割，可以带空格）添加一个字段回复，如果输入这个字段，小柒将会自动回复回复内容
4.删除回复*字段*回复内容(*艾特对象)：（以*分割，可以带空格）删除一个字段回复配对
5.添加关键词 关键词 回复内容( 艾特对象)：添加一个关键词回复，如果输入字段含有关键词，小柒将会自动回复回复内容
6.删除关键词 关键词 回复内容( 艾特对象)：删除一个关键词回复配对
7.添加关键词*关键词*回复内容(*艾特对象)：（以*分割，关键词、回复可以带空格）添加一个关键词回复，如果输入字段含有关键词，小柒将会自动回复回复内容
8.删除关键词*关键词*回复内容(*艾特对象)：（以*分割，关键词、回复可以带空格）删除一个关键词回复配对
9.关键词回复概率 概率：概率为0-100的整数
--------------------------
注：调教最低的权限为贡献者，这是为了避免有人乱调教
注1：最后艾特对象带括号是因为可以省略，艾特对象应该为"QQ号"或者"全体成员"，全体成员需要群管理权限，且每天不能超过20次（QQ规定）

[2021-04-25 13:50:31]() 执行操作：小柒启动！
[2021-04-25 13:50:42](1597867839) 执行操作：添加关键词 1 2; 执行结果：添加成功~
[2021-04-25 13:50:46](1597867839) 执行操作：添加关键词 2 3; 执行结果：添加成功~
[2021-04-25 13:51:01](1597867839) 执行操作：删除关键词 1 2 全体成员; 执行结果：没有该词组配对~
[2021-04-25 13:52:25](1597867839) 执行操作：添加关键词 3 4; 执行结果：添加成功~
[2021-04-25 13:52:47]() 执行操作：小柒启动！
[2021-04-25 13:53:02](1597867839) 执行操作：关键词回复概率 10; 执行结果：已将关键词回复概率修改为了10%
[2021-04-25 14:00:57]() 执行操作：小柒启动！
[2021-04-25 14:04:28](1597867839) 执行操作：关键词回复概率 10; 执行结果：已将关键词回复概率修改为了10%
[2021-04-25 14:05:06]() 执行操作：小柒启动！
[2021-04-25 14:05:16](1597867839) 执行操作：关键词回复概率 10; 执行结果：已将关键词回复概率修改为了10%
[2021-04-25 14:10:44](1597867839) 执行操作：删除回复 2 3; 执行结果：删除成功~！
[2021-04-25 14:10:48](1597867839) 执行操作：删除回复 3 4; 执行结果：没有该词组配对~
[2021-04-25 14:10:54](1597867839) 执行操作：删除回复 1 2; 执行结果：没有该词组配对~
[2021-04-25 14:11:00](1597867839) 执行操作：删除回复 1 2 全体成员; 执行结果：删除成功~！
[2021-04-25 14:11:43](1597867839) 执行操作：关键词回复概率 80; 执行结果：已将关键词回复概率修改为了80%
[2021-04-25 14:11:59](1597867839) 执行操作：添加关键词 1 2; 执行结果：已经有该回复了
[2021-04-25 14:12:05](1597867839) 执行操作：删除关键词 1 2; 执行结果：删除成功~！
[2021-04-25 14:12:08](1597867839) 执行操作：删除关键词 2 3; 执行结果：删除成功~！
[2021-04-25 14:12:12](1597867839) 执行操作：删除关键词 3 4; 执行结果：删除成功~！
[2021-04-25 14:12:32](1597867839) 执行操作：删除关键词 4 5; 执行结果：没有该词组配对~
[2021-04-25 14:12:38](1597867839) 执行操作：添加关键词 1 2; 执行结果：添加成功~
[2021-04-25 14:13:16]() 执行操作：小柒启动！
[2021-04-25 14:13:56]() 执行操作：小柒启动！
[2021-04-25 14:14:21](1597867839) 执行操作：关键词回复概率 50; 执行结果：已将关键词回复概率修改为了50%
[2021-05-10 11:19:38]() 执行操作：小柒启动！
[2021-05-10 11:20:08](1597867839) 执行操作：发起活动 1; 执行结果：参数错误
[2021-05-10 11:20:15](1597867839) 执行操作：发起活动 1 1; 执行结果：活动 1已开启，请在1分钟内报名
[2021-05-10 11:21:08]() 执行操作：小柒启动！
[2021-05-10 11:24:26]() 执行操作：小柒启动！
[2021-05-10 11:24:31](1597867839) 执行操作：删除活动 1; 执行结果：不存在该活动！
[2021-05-10 11:25:27]() 执行操作：小柒启动！
[2021-05-10 11:25:40](1597867839) 执行操作：删除活动 1; 执行结果：删除成功！
[2021-05-10 11:25:47](1597867839) 执行操作：发起活动 1 10; 执行结果：活动 1已开启，请在10分钟内报名
[2021-05-10 11:27:31]() 执行操作：小柒启动！
[2021-05-10 11:28:42]() 执行操作：小柒启动！
[2021-05-10 11:29:12]() 执行操作：小柒启动！
[2021-05-10 11:29:33](1597867839) 执行操作：查看活动名单 1; 执行结果：活动名单如下：
墨羽翎玖(1597867839)
[2021-05-10 11:30:03](1597867839) 执行操作：查看活动名单 1; 执行结果：活动名单如下：
墨羽翎玖(1597867839)
寒林暮鸦(3284586127)
[2021-05-10 11:30:44]() 执行操作：小柒启动！
[2021-05-10 11:30:48](1597867839) 执行操作：删除活动 1; 执行结果：删除成功！
[2021-05-10 11:45:11]() 执行操作：小柒启动！
[2021-05-10 11:45:46](1597867839) 执行操作：发起活动 1 2; 执行结果：活动 1已开启，请在2分钟内报名
[2021-05-10 11:45:56]() 执行操作：小柒的监听模块 启动！
[2021-05-10 11:46:34]() 执行操作：小柒的监听模块 启动！
[2021-05-10 11:46:50]() 执行操作：小柒的监听模块 启动！
[2021-05-10 11:47:16](1597867839) 执行操作：查看活动名单 1; 执行结果：活动名单如下：
墨羽翎玖(1597867839)
寒林暮鸦(3284586127)
[2021-05-10 11:52:18]() 执行操作：小柒的监听模块 启动！
[2021-05-10 11:53:51]() 执行操作：小柒的监听模块 启动！
[2021-05-10 12:02:51]() 执行操作：小柒启动！
[2021-05-10 12:03:11]() 执行操作：小柒的监听模块 启动！
[2021-05-10 12:03:30](1597867839) 执行操作：贡献者帮助; 执行结果：参见command.py里的帮助内容
[2021-05-10 12:03:47](1597867839) 执行操作：发起活动 王者 1; 执行结果：活动 王者已开启，请在1分钟内输入"参加活动 王者"报名
[2021-05-10 12:04:17](1597867839) 执行操作：查看活动名单 王者; 执行结果：不存在该活动！
[2021-05-10 18:37:05]() 执行操作：小柒启动！
[2021-05-10 18:40:05]() 执行操作：小柒启动！
[2021-05-10 18:40:30](1597867839) 执行操作：发起活动 coc 1天; 执行结果：活动 coc已开启，请在1440分钟内输入"参加活动 coc"报名
[2021-05-10 18:40:48](1597867839) 执行操作：发起活动 coc2 30天; 执行结果：活动 coc2已开启，请在43200分钟内报名
[2021-05-10 18:41:20](1597867839) 执行操作：删除活动 coc; 执行结果：删除成功！
[2021-05-10 18:41:23](1597867839) 执行操作：删除活动 coc2; 执行结果：删除成功！
[2021-05-10 18:43:03]() 执行操作：小柒启动！
[2021-05-10 18:43:21](1597867839) 执行操作：发起活动 coc 1小时; 执行结果：活动 coc已开启，请在60分钟内输入"参加活动 coc"报名
[2021-05-10 18:43:41](1597867839) 执行操作：查看活动名单 coc; 执行结果：活动coc名单如下：
墨羽翎玖(1597867839)
[2021-05-10 18:44:00](1597867839) 执行操作：查看活动名单 coc; 执行结果：活动coc名单如下：
[2021-05-10 18:44:11](1597867839) 执行操作：删除活动 coc; 执行结果：删除成功！
[2021-05-10 18:44:39]() 执行操作：小柒启动！
[2021-05-10 18:45:47]() 执行操作：小柒启动！
[2021-05-10 18:46:41]() 执行操作：小柒启动！
[2021-05-10 18:47:28]() 执行操作：小柒启动！
[2021-05-10 18:48:23]() 执行操作：小柒启动！
[2021-05-10 18:49:15]() 执行操作：小柒启动！
[2021-05-10 18:50:26]() 执行操作：小柒启动！
[2021-05-10 18:55:20]() 执行操作：小柒启动！
[2021-05-10 19:00:13]() 执行操作：小柒启动！
[2021-05-10 19:01:12]() 执行操作：小柒启动！
[2021-05-10 19:06:54]() 执行操作：小柒启动！
[2021-05-10 19:09:06]() 执行操作：小柒启动！
[2021-05-10 19:10:50]() 执行操作：小柒启动！
[2021-05-10 19:12:41]() 执行操作：小柒启动！
[2021-05-12 10:16:46]() 执行操作：小柒启动！
[2021-05-12 10:18:12]() 执行操作：小柒启动！
[2021-05-12 10:23:35]() 执行操作：小柒启动！
[2021-05-12 10:30:15]() 执行操作：小柒启动！
[2021-05-12 11:31:02]() 执行操作：小柒启动！
[2021-05-12 11:33:17]() 执行操作：小柒启动！
[2021-05-12 11:34:19]() 执行操作：小柒启动！
[2021-05-12 11:36:07]() 执行操作：小柒启动！
[2021-05-12 11:40:13]() 执行操作：小柒启动！
[2021-05-12 11:45:12]() 执行操作：小柒启动！
[2021-05-12 11:46:02]() 执行操作：小柒启动！
[2021-05-12 13:26:39]() 执行操作：小柒启动！
[2021-05-12 13:28:24]() 执行操作：小柒启动！
[2021-05-12 13:29:01]() 执行操作：小柒启动！
[2021-05-12 13:29:33]() 执行操作：小柒启动！
[2021-05-12 13:35:59]() 执行操作：小柒启动！
[2021-05-12 13:36:35]() 执行操作：小柒启动！
[2021-05-12 13:37:12]() 执行操作：小柒启动！
[2021-05-12 13:50:59]() 执行操作：小柒启动！
[2021-05-12 13:52:04]() 执行操作：小柒启动！
[2021-05-12 14:41:12]() 执行操作：小柒启动！
[2021-05-12 14:41:20](1597867839)<小柒新功能测试群聊/753684495> 执行操作：*mute; 小柒禁言！
[2021-05-12 14:41:54](1597867839)<小柒新功能测试群聊/753684495> 执行操作：*unmute; 小柒解出禁言！
[2021-05-12 15:49:21]() 执行操作：小柒启动！
[2021-05-12 15:54:58]() 执行操作：小柒启动！
[2021-05-12 15:56:53]() 执行操作：小柒的监听模块 启动！
[2021-05-12 15:57:03](1597867839) 执行操作：发起活动 测试 1; 执行结果：活动 测试已开启，请在1分钟内输入"参加活动 测试"报名
[2021-05-12 15:59:22]() 执行操作：小柒的监听模块 启动！
[2021-05-12 16:01:36]() 执行操作：小柒启动！
[2021-05-12 16:01:53]() 执行操作：小柒的监听模块 启动！
[2021-05-12 16:02:00](1597867839) 执行操作：发起活动 测试 1; 执行结果：活动 测试已开启，请在1分钟内输入"参加活动 测试"报名
[2021-05-12 16:05:16](1597867839) 执行操作：发起活动 测试 1; 执行结果：活动 测试已开启，请在1分钟内输入"参加活动 测试"报名
[2021-05-12 18:59:11]() 执行操作：小柒启动！
[2021-05-12 19:00:35]() 执行操作：小柒启动！
[2021-05-13 14:50:41]() 执行操作：小柒启动！
[2021-05-13 14:51:53](1597867839) 执行操作：主人帮助; 执行结果：参见command.py里的帮助内容
[2021-05-13 14:52:42](1597867839) 执行操作：我的权限; 执行结果：当前权限：主人
可以输入主人帮助来获取指令帮助哦~
[2021-05-13 14:54:37](1597867839) 执行操作：贡献者帮助; 执行结果：参见command.py里的帮助内容
[2021-05-13 14:56:12]() 执行操作：小柒启动！
[2021-05-13 14:56:20](1597867839) 执行操作：贡献者帮助; 执行结果：参见command.py里的帮助内容
[2021-05-13 14:56:31](1597867839) 执行操作：管理员帮助; 执行结果：参见command.py里的帮助内容
[2021-05-13 14:56:49](1597867839) 执行操作：主人帮助; 执行结果：参见command.py里的帮助内容
[2021-05-13 15:02:08]() 执行操作：小柒启动！
[2021-05-13 15:08:19]() 执行操作：小柒启动！
[2021-05-13 15:11:54]() 执行操作：小柒启动！
[2021-05-13 15:18:54]() 执行操作：小柒启动！
[2021-05-13 15:19:47]() 执行操作：小柒启动！
[2021-05-13 15:20:06]() 执行操作：小柒启动！
[2021-05-13 15:21:06]() 执行操作：小柒启动！
[2021-05-13 15:22:07]() 执行操作：小柒启动！
[2021-05-13 15:22:50]() 执行操作：小柒启动！
[2021-05-13 17:39:47]() 执行操作：小柒启动！
[2021-05-13 19:43:36]() 执行操作：小柒启动！
[2021-05-13 19:45:56]() 执行操作：小柒启动！
[2021-05-13 19:48:39]() 执行操作：小柒启动！
[2021-05-13 19:52:07]() 执行操作：小柒启动！
[2021-05-13 19:53:10]() 执行操作：小柒启动！
[2021-05-13 19:54:23]() 执行操作：小柒启动！
[2021-05-13 19:56:37]() 执行操作：小柒启动！
[2021-05-13 19:58:32]() 执行操作：小柒启动！
[2021-05-13 23:29:18]() 执行操作：小柒启动！
[2021-05-13 23:30:11]() 执行操作：小柒启动！
[2021-05-13 23:32:17]() 执行操作：小柒启动！
[2021-05-13 23:33:06]() 执行操作：小柒启动！
[2021-05-14 11:06:52]() 执行操作：小柒启动！
[2021-05-14 11:08:47]() 执行操作：小柒启动！
[2021-05-14 11:09:24]() 执行操作：小柒启动！
[2021-05-14 14:25:21]() 执行操作：小柒启动！
[2021-05-16 13:23:32]() 执行操作：小柒启动！
[2021-05-16 13:25:59]() 执行操作：小柒启动！
[2021-05-16 13:29:13]() 执行操作：小柒启动！
[2021-05-16 13:37:53]() 执行操作：小柒启动！
[2021-05-16 13:39:13]() 执行操作：小柒启动！
[2021-05-16 13:40:55]() 执行操作：小柒启动！
[2021-05-16 13:53:13]() 执行操作：小柒启动！
[2021-05-16 13:54:01]() 执行操作：小柒启动！
[2021-05-16 14:10:18]() 执行操作：小柒启动！
[2021-05-16 14:19:24]() 执行操作：小柒启动！
[2021-05-18 17:47:48]() 执行操作：小柒启动！
[2021-05-18 17:51:18]() 执行操作：小柒启动！
[2021-05-18 17:52:32](1597867839) 执行操作：主人帮助; 执行结果：参见command.py里的帮助内容
[2021-05-18 17:52:55](1597867839) 执行操作：修改机器人QQ 399608601; 执行结果：修改成功！当前QQ：399608601
[2021-05-18 17:54:02]() 执行操作：小柒启动！
[2021-05-18 17:54:35]() 执行操作：小柒启动！
[2021-05-18 17:55:36]() 执行操作：小柒启动！
[2021-05-18 17:56:28]() 执行操作：小柒启动！
[2021-05-18 17:57:04]() 执行操作：小柒启动！
[2021-05-18 17:58:23]() 执行操作：小柒启动！
[2021-05-18 17:59:00]() 执行操作：小柒启动！
[2021-05-20 13:39:59]() 执行操作：小柒启动！
[2021-05-21 10:34:42]() 执行操作：小柒启动！
[2021-05-21 10:38:38]() 执行操作：小柒启动！
[2021-05-21 10:49:07]() 执行操作：小柒启动！
[2021-05-21 10:49:14]() 执行操作：小柒关机！
[2021-05-25 17:55:20]() 执行操作：小柒启动！
[2021-05-25 18:10:19]() 执行操作：小柒启动！
[2021-05-25 18:15:22]() 执行操作：小柒启动！
[2021-05-25 18:16:03]() 执行操作：小柒启动！
[2021-05-25 18:23:27]() 执行操作：小柒启动！
[2021-05-25 18:29:41]() 执行操作：小柒启动！
[2021-05-25 18:33:08]() 执行操作：小柒启动！
[2021-05-26 00:10:42]() 执行操作：小柒启动！
[2021-05-26 00:14:56]() 执行操作：小柒启动！
[2021-05-26 00:17:34]() 执行操作：小柒启动！
[2021-05-26 00:19:42]() 执行操作：小柒启动！
[2021-05-26 00:26:45]() 执行操作：小柒启动！
[2021-05-26 00:28:22]() 执行操作：小柒启动！
[2021-05-26 11:16:27]() 执行操作：小柒启动！
[2021-05-26 11:17:34]() 执行操作：小柒启动！
[2021-05-26 11:18:53]() 执行操作：小柒启动！
[2021-05-26 11:22:34]() 执行操作：小柒启动！
[2021-05-26 11:24:11]() 执行操作：小柒启动！
[2021-05-26 11:25:01]() 执行操作：小柒启动！
[2021-05-26 11:26:35]() 执行操作：小柒启动！
[2021-05-26 11:28:35]() 执行操作：小柒启动！
[2021-05-26 11:30:47]() 执行操作：小柒启动！
[2021-05-26 11:32:35]() 执行操作：小柒启动！
[2021-05-26 11:38:23]() 执行操作：小柒启动！
[2021-05-26 11:38:52]() 执行操作：小柒启动！
[2021-05-26 11:40:35]() 执行操作：小柒启动！
[2021-05-26 11:56:40]() 执行操作：小柒启动！
[2021-05-26 12:01:14]() 执行操作：小柒启动！
[2021-05-26 22:27:47]() 执行操作：小柒启动！
[2021-05-26 22:28:02](1597867839) 执行操作：商店; 执行结果：商品目录如下：
破旧的木剑 10
破旧的木斧 30
破旧的布头盔 20
破旧的布甲 20
破旧的布护腿 20
破旧的布靴 20
攻击戒指 100
体力药水 5
生命药水 5
[2021-05-26 22:29:19]() 执行操作：小柒启动！
[2021-05-26 22:29:23](1597867839) 执行操作：介绍破旧的木剑; 执行结果：名字：破旧的木剑
单价：10
售价：5
介绍：一把勉强可以使用的木剑，攻击力+1
[2021-05-26 22:29:34](1597867839) 执行操作：商店; 执行结果：商品目录如下：
破旧的木剑：10积分
破旧的木斧：30积分
破旧的布头盔：20积分
破旧的布甲：20积分
破旧的布护腿：20积分
破旧的布靴：20积分
攻击戒指：100积分
体力药水：5积分
生命药水：5积分
[2021-05-26 22:29:37](1597867839) 执行操作：介绍1; 执行结果：不存在该物品
[2021-05-26 22:35:54](1597867839) 执行操作：背包; 执行结果：墨羽翎玖你的背包：无
[2021-05-26 22:38:30]() 执行操作：小柒启动！
[2021-05-26 22:39:24](1597867839) 执行操作：购买破旧的木剑; 执行结果：墨羽翎玖购买成功！
[2021-05-26 22:39:27](1597867839) 执行操作：背包; 执行结果：墨羽翎玖你的背包：
破旧的木剑
[2021-05-26 22:40:12](1597867839) 执行操作：给予物品 破旧的吗 1; 执行结果：不存在该物品
[2021-05-26 22:40:22](1597867839) 执行操作：给予物品 破旧的木剑 1; 执行结果：给予成功！
[2021-05-26 22:40:26](1597867839) 执行操作：背包; 执行结果：墨羽翎玖你的背包：
破旧的木剑X2
[2021-05-26 22:40:30](1597867839) 执行操作：商店; 执行结果：商品目录如下：
破旧的木剑：10积分
破旧的木斧：30积分
破旧的布头盔：20积分
破旧的布甲：20积分
破旧的布护腿：20积分
破旧的布靴：20积分
攻击戒指：100积分
体力药水：5积分
生命药水：5积分
[2021-05-26 22:40:36](1597867839) 执行操作：购买体力药水 5; 执行结果：墨羽翎玖积分不足~
[2021-05-26 22:40:39](1597867839) 执行操作：数据; 执行结果：昵称：墨羽翎玖（自动获取）
积分：7
攻击力：6
护甲：1
San值：99
体力：398/120
总计场次：212（96%）
背包物品数：1
[2021-05-26 22:40:44](1597867839) 执行操作：修改积分 100; 执行结果：积分修改成功
[2021-05-26 22:40:50](1597867839) 执行操作：购买体力药水 5; 执行结果：墨羽翎玖购买成功！
[2021-05-26 22:40:58](1597867839) 执行操作：背包; 执行结果：墨羽翎玖你的背包：
破旧的木剑X2
体力药水X5
[2021-05-26 22:47:20]() 执行操作：小柒启动！
[2021-05-26 22:47:29](1597867839) 执行操作：背包; 执行结果：墨羽翎玖你的背包：
破旧的木剑X2
体力药水X5
[2021-05-26 22:47:34](1597867839) 执行操作：丢弃体力药水 2; 执行结果：墨羽翎玖丢弃成功！
[2021-05-26 22:47:37](1597867839) 执行操作：背包; 执行结果：墨羽翎玖你的背包：
破旧的木剑X2
体力药水X3
[2021-05-26 22:47:40](1597867839) 执行操作：积分; 执行结果：墨羽翎玖你的积分为：75
[2021-05-26 22:47:48](1597867839) 执行操作：出售体力药水 3; 执行结果：墨羽翎玖你成功出售3件物品，获得12积分
[2021-05-26 22:47:51](1597867839) 执行操作：积分; 执行结果：墨羽翎玖你的积分为：87
[2021-05-26 22:47:56](1597867839) 执行操作：背包; 执行结果：墨羽翎玖你的背包：
破旧的木剑X2
[2021-05-26 22:52:01](1597867839) 执行操作：装备; 执行结果：墨羽翎玖你的装备：
武器：（暂无）
头盔：（暂无）
胸甲：（暂无）
护腿：（暂无）
鞋子：（暂无）
戒指（左）：（暂无）
戒指（右）：（暂无）
背包：（暂无）
[2021-05-26 22:55:14](1597867839) 执行操作：介绍贪婪戒指; 执行结果：名字：贪婪戒指
单价：100
售价：50
介绍：一个充斥着神奇力量的戒指，每次收益积分+1
[2021-05-26 22:55:40](1597867839) 执行操作：介绍体力药水; 执行结果：名字：体力药水
单价：5
售价：4
介绍：体力值+5
[2021-05-26 22:55:48](1597867839) 执行操作：购买体力药水 6; 执行结果：墨羽翎玖购买成功！
[2021-05-26 22:55:51](1597867839) 执行操作：背包; 执行结果：墨羽翎玖你的背包：
破旧的木剑X2
体力药水X6
[2021-05-27 01:12:03]() 执行操作：小柒启动！
[2021-05-27 01:12:13](1597867839) 执行操作：数据; 执行结果：昵称：墨羽翎玖（自动获取）
积分：57
攻击力：6
护甲：1
San值：100
体力：398/120
总计场次：212（96%）
背包物品数：2
[2021-05-27 01:12:15](1597867839) 执行操作：背包; 执行结果：墨羽翎玖你的背包：
破旧的木剑X2
体力药水X6
[2021-05-27 01:12:23](1597867839) 执行操作：使用体力药水; 执行结果：墨羽翎玖你成功使用1瓶体力药水
[2021-05-27 01:12:26](1597867839) 执行操作：数据; 执行结果：昵称：墨羽翎玖（自动获取）
积分：57
攻击力：6
护甲：1
San值：100
体力：403/120
总计场次：212（96%）
背包物品数：2
[2021-05-27 01:12:45](1597867839) 执行操作：使用破旧的木剑; 执行结果：墨羽翎玖装备成功！
[2021-05-27 01:12:49](1597867839) 执行操作：装备; 执行结果：墨羽翎玖你的装备：
武器：破旧的木剑
头盔：（暂无）
胸甲：（暂无）
护腿：（暂无）
鞋子：（暂无）
戒指（左）：（暂无）
戒指（右）：（暂无）
背包：（暂无）
[2021-05-27 01:13:06](1597867839) 执行操作：介绍破旧的木剑; 执行结果：名字：破旧的木剑
类型：武器
单价：10
售价：5
介绍：一把勉强可以使用的木剑，攻击力+1
[2021-05-27 01:13:12](1597867839) 执行操作：数据; 执行结果：昵称：墨羽翎玖（自动获取）
积分：57
攻击力：7
护甲：1
San值：100
体力：403/120
总计场次：212（96%）
背包物品数：2
[2021-05-27 01:13:20](1597867839) 执行操作：背包; 执行结果：墨羽翎玖你的背包：
破旧的木剑
体力药水X6
[2021-05-27 01:13:29](1597867839) 执行操作：取下破旧的木剑; 执行结果：墨羽翎玖已将破旧的木剑放入背包
[2021-05-27 01:13:33](1597867839) 执行操作：背包; 执行结果：墨羽翎玖你的背包：
破旧的木剑X2
体力药水X6
[2021-05-27 01:13:36](1597867839) 执行操作：装备; 执行结果：墨羽翎玖你的装备：
武器：（暂无）
头盔：（暂无）
胸甲：（暂无）
护腿：（暂无）
鞋子：（暂无）
戒指（左）：（暂无）
戒指（右）：（暂无）
背包：（暂无）
[2021-05-27 01:13:38](1597867839) 执行操作：数据; 执行结果：昵称：墨羽翎玖（自动获取）
积分：57
攻击力：6
护甲：1
San值：100
体力：403/120
总计场次：212（96%）
背包物品数：2
[2021-05-27 01:13:42](1597867839) 执行操作：商店; 执行结果：商品目录如下：
破旧的木剑：10积分
破旧的木斧：30积分
破旧的布头盔：20积分
破旧的布甲：20积分
破旧的布护腿：20积分
破旧的布靴：20积分
攻击戒指：100积分
体力药水：5积分
精神药水：5积分
[2021-05-27 01:13:58](1597867839) 执行操作：修改积分 1000; 执行结果：积分修改成功
[2021-05-27 01:14:06](1597867839) 执行操作：购买攻击戒指; 执行结果：墨羽翎玖购买成功！
[2021-05-27 01:14:10](1597867839) 执行操作：背包; 执行结果：墨羽翎玖你的背包：
破旧的木剑X2
体力药水X6
攻击戒指
[2021-05-27 01:14:22](1597867839) 执行操作：装备攻击戒指; 执行结果：墨羽翎玖装备成功！
[2021-05-27 01:14:33](1597867839) 执行操作：介绍攻击戒指; 执行结果：名字：攻击戒指
类型：戒指（左）
单价：100
售价：50
介绍：一个充斥着神奇力量的戒指，攻击力+3
[2021-05-27 01:14:41](1597867839) 执行操作：数据; 执行结果：昵称：墨羽翎玖（自动获取）
积分：900
攻击力：9
护甲：1
San值：100
体力：403/120
总计场次：212（96%）
背包物品数：2
[2021-05-27 01:14:48](1597867839) 执行操作：装备破旧的木剑; 执行结果：墨羽翎玖装备成功！
[2021-05-27 01:14:49](1597867839) 执行操作：数据; 执行结果：昵称：墨羽翎玖（自动获取）
积分：900
攻击力：10
护甲：1
San值：100
体力：403/120
总计场次：212（96%）
背包物品数：2
[2021-05-27 09:50:17]() 执行操作：小柒启动！
[2021-05-27 09:50:20](1597867839) 执行操作：背包; 执行结果：墨羽翎玖你的背包：
破旧的木剑
体力药水X6
[2021-05-27 09:51:45](1597867839) 执行操作：给予物品 * 体力药水 1; 执行结果：已将该物品发放给每个人
[2021-05-27 09:52:56](1597867839) 执行操作：修改积分 * 100; 执行结果：已将积分发放给每个人
[2021-05-27 10:35:06]() 执行操作：小柒启动！
[2021-05-27 10:36:06](1597867839) 执行操作：围攻榜首; 执行结果：
[2021-05-27 10:36:14](1597867839) 执行操作：排行榜; 执行结果：排行榜
----------------
积分第一：墨羽翎玖（1000）
积分第二：鹊璃（198）
胜率第一：墨羽翎玖（96%）
胜率第一（大于50场）：墨羽翎玖（96%）
击剑达人：墨羽翎玖（212场）
登顶次数最多：墨羽翎玖（3次）
被击剑次数最多：鹊璃（1次）
[2021-05-27 10:36:26](1597867839) 执行操作：商店; 执行结果：商品目录如下：
破旧的木剑：10积分
破旧的木斧：30积分
破旧的布头盔：20积分
破旧的布甲：20积分
破旧的布护腿：20积分
破旧的布靴：20积分
攻击戒指：100积分
生命药水：5积分
体力药水：5积分
精神药水：5积分
[2021-05-27 10:36:51](1597867839) 执行操作：给予物品 破旧的木剑; 执行结果：给予成功！
[2021-05-27 10:36:57](1597867839) 执行操作：给予物品 破旧的木斧; 执行结果：给予成功！
[2021-05-27 10:37:04](1597867839) 执行操作：给予物品 破旧的布头盔; 执行结果：给予成功！
[2021-05-27 10:37:10](1597867839) 执行操作：给予物品 破旧的布甲; 执行结果：给予成功！
[2021-05-27 10:37:17](1597867839) 执行操作：给予物品 破旧的布护腿; 执行结果：给予成功！
[2021-05-27 10:37:25](1597867839) 执行操作：给予物品 破旧的布靴; 执行结果：给予成功！
[2021-05-27 10:37:42](1597867839) 执行操作：给予物品 攻击戒指; 执行结果：给予成功！
[2021-05-27 10:37:48](1597867839) 执行操作：给予物品 生命药水; 执行结果：给予成功！
[2021-05-27 10:37:57](1597867839) 执行操作：给予物品 体力药水; 执行结果：给予成功！
[2021-05-27 10:38:06](1597867839) 执行操作：给予物品 精神药水; 执行结果：给予成功！
[2021-05-27 10:38:09](1597867839) 执行操作：背包; 执行结果：墨羽翎玖你的背包：
破旧的木剑X2
体力药水X8
破旧的木斧
破旧的布头盔
破旧的布甲
破旧的布护腿
破旧的布靴
攻击戒指
生命药水
精神药水
[2021-05-27 10:38:20](1597867839) 执行操作：给予物品 大鸡腿; 执行结果：给予失败！
[2021-05-27 10:38:30](1597867839) 执行操作：丢弃 精神药水; 执行结果：墨羽翎玖丢弃成功！
[2021-05-27 10:38:35](1597867839) 执行操作：给予物品 大鸡腿; 执行结果：给予成功！
[2021-05-27 10:38:36](1597867839) 执行操作：背包; 执行结果：墨羽翎玖你的背包：
破旧的木剑X2
体力药水X8
破旧的木斧
破旧的布头盔
破旧的布甲
破旧的布护腿
破旧的布靴
攻击戒指
生命药水
大鸡腿
[2021-05-27 10:38:46](1597867839) 执行操作：购买 精神药水 10; 执行结果：墨羽翎玖背包已满
[2021-05-27 10:53:08]() 执行操作：小柒启动！
[2021-05-27 10:53:16](1597867839) 执行操作：闲逛; 执行结果：墨羽翎玖你在路上看美女被小柒发现，惨遭暴打，体力-2，积分-2
[2021-05-27 10:53:17](1597867839) 执行操作：闲逛; 执行结果：墨羽翎玖你在闲逛的时候逛回去了，啥也没获得,体力-1
[2021-05-27 10:53:18](1597867839) 执行操作：闲逛; 执行结果：墨羽翎玖你在闲逛的时候，决定尝试一下彩票，但是没有中奖，积分-2
[2021-05-27 10:53:18](1597867839) 执行操作：闲逛; 执行结果：墨羽翎玖你出去闲逛的时候邂逅了富婆，富婆他妈为了拆散你们拿钱羞辱你，积分+2
[2021-05-27 10:53:19](1597867839) 执行操作：闲逛; 执行结果：墨羽翎玖你闲逛了一圈，啥也没有发生
[2021-05-27 10:53:49]() 执行操作：小柒启动！
[2021-05-27 10:53:51](1597867839) 执行操作：闲逛; 执行结果：墨羽翎玖你闲逛了一圈，啥也没有发生
[2021-05-27 10:53:55](1597867839) 执行操作：闲逛; 执行结果：墨羽翎玖
[2021-05-27 10:54:04](1597867839) 执行操作：背包; 执行结果：墨羽翎玖你的背包：
破旧的木剑X2
体力药水X8
破旧的木斧
破旧的布头盔
破旧的布甲
破旧的布护腿
破旧的布靴
攻击戒指
生命药水
大鸡腿
[2021-05-27 10:56:11]() 执行操作：小柒启动！
[2021-05-27 10:56:25](1597867839) 执行操作：装备; 执行结果：墨羽翎玖你的装备：
武器：破旧的木剑
头盔：（暂无）
胸甲：（暂无）
护腿：（暂无）
鞋子：（暂无）
戒指（左）：攻击戒指
戒指（右）：（暂无）
背包：（暂无）
[2021-05-27 11:02:12]() 执行操作：小柒启动！
[2021-05-27 11:02:18](1597867839) 执行操作：背包; 执行结果：墨羽翎玖你的背包：
破旧的木剑X2
体力药水X8
破旧的木斧
破旧的布头盔
破旧的布甲
破旧的布护腿
破旧的布靴
攻击戒指
生命药水
大鸡腿
[2021-05-27 11:02:22](1597867839) 执行操作：装备破旧的木斧; 执行结果：墨羽翎玖背包无法给其腾出空间
[2021-05-27 11:02:31](1597867839) 执行操作：背包; 执行结果：墨羽翎玖你的背包：
破旧的木剑X2
体力药水X8
破旧的布头盔
破旧的布甲
破旧的布护腿
破旧的布靴
攻击戒指
生命药水
大鸡腿
破旧的木斧
[2021-05-27 11:05:16]() 执行操作：小柒启动！
[2021-05-27 11:05:18](1597867839) 执行操作：装备; 执行结果：墨羽翎玖你的装备：
武器：破旧的木剑
头盔：（暂无）
胸甲：（暂无）
护腿：（暂无）
鞋子：（暂无）
戒指（左）：攻击戒指
戒指（右）：（暂无）
背包：（暂无）
[2021-05-27 11:05:29](1597867839) 执行操作：装备破旧的木斧; 执行结果：墨羽翎玖背包无法给其腾出空间
[2021-05-27 11:06:22]() 执行操作：小柒启动！
[2021-05-27 11:06:24](1597867839) 执行操作：装备破旧的木斧; 执行结果：墨羽翎玖背包无法给其腾出空间
[2021-05-27 11:06:37](1597867839) 执行操作：装备; 执行结果：墨羽翎玖你的装备：
武器：（暂无）
头盔：（暂无）
胸甲：（暂无）
护腿：（暂无）
鞋子：（暂无）
戒指（左）：攻击戒指
戒指（右）：（暂无）
背包：（暂无）
[2021-05-27 11:06:41](1597867839) 执行操作：背包; 执行结果：墨羽翎玖你的背包：
破旧的木剑X3
体力药水X8
破旧的布头盔
破旧的布甲
破旧的布护腿
破旧的布靴
攻击戒指
生命药水
大鸡腿
破旧的木斧
[2021-05-27 11:07:14]() 执行操作：小柒启动！
[2021-05-27 11:07:15](1597867839) 执行操作：装备 破旧的木剑; 执行结果：墨羽翎玖装备成功！
[2021-05-27 11:07:19](1597867839) 执行操作：装备; 执行结果：墨羽翎玖你的装备：
武器：破旧的木剑
头盔：（暂无）
胸甲：（暂无）
护腿：（暂无）
鞋子：（暂无）
戒指（左）：攻击戒指
戒指（右）：（暂无）
背包：（暂无）
[2021-05-27 11:07:23](1597867839) 执行操作：装备破旧的木斧; 执行结果：墨羽翎玖背包无法给其腾出空间
[2021-05-27 11:07:51](1597867839) 执行操作：背包; 执行结果：墨羽翎玖你的背包：
破旧的木剑X3
体力药水X8
破旧的布头盔
破旧的布甲
破旧的布护腿
破旧的布靴
攻击戒指
生命药水
大鸡腿
破旧的木斧
[2021-05-27 11:08:00](1597867839) 执行操作：装备; 执行结果：墨羽翎玖你的装备：
武器：（暂无）
头盔：（暂无）
胸甲：（暂无）
护腿：（暂无）
鞋子：（暂无）
戒指（左）：攻击戒指
戒指（右）：（暂无）
背包：（暂无）
[2021-05-27 11:11:39]() 执行操作：小柒启动！
[2021-05-27 11:11:54](1597867839) 执行操作：装备破旧的木斧; 执行结果：墨羽翎玖装备成功！
[2021-05-27 11:11:57](1597867839) 执行操作：装备; 执行结果：墨羽翎玖你的装备：
武器：破旧的木斧
头盔：（暂无）
胸甲：（暂无）
护腿：（暂无）
鞋子：（暂无）
戒指（左）：攻击戒指
戒指（右）：（暂无）
背包：（暂无）
[2021-05-27 11:12:01](1597867839) 执行操作：装备破旧的木剑; 执行结果：墨羽翎玖背包无法给其腾出空间
[2021-05-27 11:12:06](1597867839) 执行操作：装备; 执行结果：墨羽翎玖你的装备：
武器：（暂无）
头盔：（暂无）
胸甲：（暂无）
护腿：（暂无）
鞋子：（暂无）
戒指（左）：攻击戒指
戒指（右）：（暂无）
背包：（暂无）
[2021-05-27 11:12:59]() 执行操作：小柒启动！
[2021-05-27 11:14:31](1597867839) 执行操作：装备破旧的木斧; 执行结果：墨羽翎玖装备成功！
[2021-05-27 11:14:35](1597867839) 执行操作：装备破旧的木剑; 执行结果：墨羽翎玖背包无法给其腾出空间
[2021-05-27 11:15:13]() 执行操作：小柒启动！
[2021-05-27 11:15:23](1597867839) 执行操作：装备破旧的木剑; 执行结果：墨羽翎玖装备成功！
[2021-05-27 11:15:25](1597867839) 执行操作：背包; 执行结果：墨羽翎玖你的背包：
破旧的木剑X2
体力药水X8
破旧的布头盔
破旧的布甲
破旧的布护腿
破旧的布靴
攻击戒指
生命药水
大鸡腿
破旧的木斧
[2021-05-27 11:15:32](1597867839) 执行操作：装备破旧的木斧; 执行结果：墨羽翎玖装备成功！
[2021-05-27 11:15:35](1597867839) 执行操作：装备; 执行结果：墨羽翎玖你的装备：
武器：破旧的木斧
头盔：（暂无）
胸甲：（暂无）
护腿：（暂无）
鞋子：（暂无）
戒指（左）：攻击戒指
戒指（右）：（暂无）
背包：（暂无）
[2021-05-27 11:16:05](1597867839) 执行操作：给予物品 制式长枪; 执行结果：给予成功！
[2021-05-27 11:16:08](1597867839) 执行操作：介绍制式长枪; 执行结果：名字：制式长枪
类型：武器
购买：100积分
出售：50积分
介绍：人类军队的制式长枪，长武器带来极强的进攻性，但也削弱了防御，攻击力+3，护甲-1
[2021-05-27 11:16:11](1597867839) 执行操作：数据; 执行结果：昵称：墨羽翎玖（自动获取）
积分：998
攻击力：11
护甲：1
San值：100
体力：400/120
总计场次：212（96%）
背包物品数：10
[2021-05-27 11:16:17](1597867839) 执行操作：装备制式长枪; 执行结果：墨羽翎玖装备成功！
[2021-05-27 11:16:21](1597867839) 执行操作：背包; 执行结果：墨羽翎玖你的背包：
破旧的木剑X3
体力药水X8
破旧的布头盔
破旧的布甲
破旧的布护腿
破旧的布靴
攻击戒指
生命药水
大鸡腿
破旧的木斧
[2021-05-27 11:16:25](1597867839) 执行操作：数据; 执行结果：昵称：墨羽翎玖（自动获取）
积分：998
攻击力：12
护甲：0
San值：100
体力：400/120
总计场次：212（96%）
背包物品数：10
[2021-05-27 11:16:41](1597867839) 执行操作：装备破旧的不加; 执行结果：墨羽翎玖你没有该物品
[2021-05-27 11:16:45](1597867839) 执行操作：装备破旧的布甲; 执行结果：墨羽翎玖装备成功！
[2021-05-27 11:16:56](1597867839) 执行操作：介绍积分补偿礼包; 执行结果：名字：积分补偿礼包
类型：宝箱
购买：无法购买
出售：0积分
介绍：积分+5
[2021-05-27 11:17:18](1597867839) 执行操作：介绍金粒; 执行结果：名字：金粒
类型：药水
购买：无法购买
出售：5积分
介绍：看！那小小的金粒，积分+5
[2021-05-27 11:17:23](1597867839) 执行操作：闲逛; 执行结果：墨羽翎玖你闲逛时获得了金粒
[2021-05-27 11:17:27](1597867839) 执行操作：背包; 执行结果：墨羽翎玖你的背包：
破旧的木剑X3
体力药水X8
破旧的布头盔
破旧的布护腿
破旧的布靴
攻击戒指
生命药水
大鸡腿
破旧的木斧
金粒
[2021-05-27 11:17:31](1597867839) 执行操作：闲逛; 执行结果：墨羽翎玖你闲逛时获得了金条，但是背包满了
[2021-05-27 11:17:41](1597867839) 执行操作：出售金粒; 执行结果：墨羽翎玖你成功出售1件物品，获得5积分
[2021-05-27 11:17:52](1597867839) 执行操作：出售破旧的木剑 3; 执行结果：墨羽翎玖你成功出售3件物品，获得15积分
[2021-05-27 11:17:55](1597867839) 执行操作：背包; 执行结果：墨羽翎玖你的背包：
体力药水X8
破旧的布头盔
破旧的布护腿
破旧的布靴
攻击戒指
生命药水
大鸡腿
破旧的木斧
[2021-05-27 11:18:01](1597867839) 执行操作：装备 破旧的布头盔; 执行结果：墨羽翎玖装备成功！
[2021-05-27 11:18:06](1597867839) 执行操作：装备破旧的布护腿; 执行结果：墨羽翎玖装备成功！
[2021-05-27 11:18:12](1597867839) 执行操作：装备破旧的布靴; 执行结果：墨羽翎玖装备成功！
[2021-05-27 11:18:15](1597867839) 执行操作：装备攻击戒指; 执行结果：墨羽翎玖装备成功！
[2021-05-27 11:18:18](1597867839) 执行操作：装备; 执行结果：墨羽翎玖你的装备：
武器：制式长枪
头盔：破旧的布头盔
胸甲：破旧的布甲
护腿：破旧的布护腿
鞋子：破旧的布靴
戒指（左）：攻击戒指
戒指（右）：（暂无）
背包：（暂无）
[2021-05-27 11:18:26](1597867839) 执行操作：背包; 执行结果：墨羽翎玖你的背包：
体力药水X8
生命药水
大鸡腿
破旧的木斧
攻击戒指
[2021-05-27 11:18:30](1597867839) 执行操作：介绍大鸡腿; 执行结果：名字：大鸡腿
类型：武器
购买：无法购买
出售：2积分
介绍：这东西真的有杀伤力吗，攻击力-1
[2021-05-27 11:18:42](1597867839) 执行操作：闲逛; 执行结果：墨羽翎玖你闲逛时获得了制式长枪
[2021-05-27 11:18:44](1597867839) 执行操作：闲逛; 执行结果：墨羽翎玖你闲逛时获得了大鸡腿
[2021-05-27 11:18:46](1597867839) 执行操作：闲逛; 执行结果：墨羽翎玖你在闲逛的时候逛回去了，啥也没获得
[2021-05-27 11:18:47](1597867839) 执行操作：闲逛; 执行结果：墨羽翎玖你闲逛了一圈，啥也没有发生
[2021-05-27 11:18:49](1597867839) 执行操作：闲逛; 执行结果：墨羽翎玖你闲逛时获得了金粒
[2021-05-27 11:18:51](1597867839) 执行操作：闲逛; 执行结果：墨羽翎玖你闲逛时获得了守护戒指
[2021-05-27 11:18:53](1597867839) 执行操作：闲逛; 执行结果：墨羽翎玖你闲逛时获得了金条
[2021-05-27 11:18:55](1597867839) 执行操作：数据; 执行结果：昵称：墨羽翎玖（自动获取）
积分：1018
攻击力：12
护甲：4
San值：100
体力：400/120
总计场次：212（96%）
背包物品数：9
[2021-05-27 11:18:57](1597867839) 执行操作：背包; 执行结果：墨羽翎玖你的背包：
体力药水X8
生命药水
大鸡腿X2
破旧的木斧
攻击戒指
制式长枪
金粒
守护戒指
金条
[2021-05-27 11:19:02](1597867839) 执行操作：装备守护戒指; 执行结果：墨羽翎玖装备成功！
[2021-05-27 11:19:07](1597867839) 执行操作：数据; 执行结果：昵称：墨羽翎玖（自动获取）
积分：1018
攻击力：12
护甲：5
San值：100
体力：400/120
总计场次：212（96%）
背包物品数：8
[2021-05-27 11:19:17](1597867839) 执行操作：介绍守护戒指; 执行结果：名字：守护戒指
类型：戒指（右）
购买：100积分
出售：50积分
介绍：一个充斥着神奇力量的戒指，护甲+1
[2021-05-27 11:19:27](1597867839) 执行操作：装备; 执行结果：墨羽翎玖你的装备：
武器：制式长枪
头盔：破旧的布头盔
胸甲：破旧的布甲
护腿：破旧的布护腿
鞋子：破旧的布靴
戒指（左）：攻击戒指
戒指（右）：守护戒指
背包：（暂无）
[2021-05-27 11:22:56]() 执行操作：小柒启动！
[2021-05-27 11:23:15](1597867839) 执行操作：闲逛; 执行结果：墨羽翎玖你在闲逛的时候，遇见了一个歹徒正在欺负一个女孩，你立马飞奔而去打走歹徒，却发现原来他们是在拍戏，只好赔偿医疗费，积分-5
[2021-05-27 11:23:19](1597867839) 执行操作：闲逛; 执行结果：墨羽翎玖你闲逛了一圈，啥也没有发生
[2021-05-27 11:23:20](1597867839) 执行操作：闲逛; 执行结果：墨羽翎玖你出门之后天下起了倾盆大雨，狂奔回家之后发现钥匙丢在了咖啡厅，于是去咖啡厅拿了钥匙后折返，体力-1
[2021-05-27 11:23:22](1597867839) 执行操作：闲逛; 执行结果：墨羽翎玖你在闲逛的时候，遇见了一个歹徒正在欺负一个女孩，你立马飞奔而去打走歹徒，却发现原来他们是在拍戏，只好赔偿医疗费，积分-5
[2021-05-27 11:23:24](1597867839) 执行操作：背包; 执行结果：墨羽翎玖你的背包：
体力药水X8
生命药水
大鸡腿X2
破旧的木斧
攻击戒指
制式长枪
金粒
金条
[2021-05-27 11:23:29](1597867839) 执行操作：装备破旧的木斧; 执行结果：墨羽翎玖装备成功！
[2021-05-27 11:23:32](1597867839) 执行操作：数据; 执行结果：昵称：墨羽翎玖（自动获取）
积分：1008
攻击力：11
护甲：6
San值：100
体力：399/120
总计场次：212（96%）
背包物品数：7
[2021-05-27 11:23:37](1597867839) 执行操作：装备制式长枪; 执行结果：墨羽翎玖装备成功！
[2021-05-27 11:23:42](1597867839) 执行操作：数据; 执行结果：昵称：墨羽翎玖（自动获取）
积分：1008
攻击力：12
护甲：5
San值：100
体力：399/120
总计场次：212（96%）
背包物品数：8
[2021-05-27 11:25:18]() 执行操作：小柒启动！
[2021-05-27 11:25:46](1597867839) 执行操作：给予物品 体力补偿礼包 5; 执行结果：给予成功！
[2021-05-27 11:25:48](1597867839) 执行操作：背包; 执行结果：墨羽翎玖你的背包：
体力药水X8
生命药水
大鸡腿X2
攻击戒指
制式长枪
金粒
金条
破旧的木斧
体力补偿礼包X5
[2021-05-27 11:25:52](1597867839) 执行操作：体力; 执行结果：墨羽翎玖你的体力为：399/120
[2021-05-27 11:25:57](1597867839) 执行操作：使用体力补偿礼包; 执行结果：墨羽翎玖体力值已满，无法使用
[2021-05-27 11:26:06](1597867839) 执行操作：修改体力 114; 执行结果：体力修改成功
[2021-05-27 11:26:12](1597867839) 执行操作：使用体力补偿礼包; 执行结果：墨羽翎玖你成功使用1个体力补偿礼包
[2021-05-27 11:26:16](1597867839) 执行操作：体力; 执行结果：墨羽翎玖你的体力为：119/120
[2021-05-27 11:26:21](1597867839) 执行操作：使用体力补偿礼包; 执行结果：墨羽翎玖体力值已满，无法使用
[2021-05-27 11:26:27](1597867839) 执行操作：使用体力补偿礼包 2; 执行结果：墨羽翎玖体力值已满，无法使用
[2021-05-27 11:26:38](1597867839) 执行操作：给予物品 积分补偿礼包 5; 执行结果：给予成功！
[2021-05-27 11:26:40](1597867839) 执行操作：背包; 执行结果：墨羽翎玖你的背包：
体力药水X8
生命药水
大鸡腿X2
攻击戒指
制式长枪
金粒
金条
破旧的木斧
体力补偿礼包X4
积分补偿礼包X5
[2021-05-27 11:26:49](1597867839) 执行操作：出售大鸡腿 2; 执行结果：墨羽翎玖你成功出售2件物品，获得4积分
[2021-05-27 11:26:56](1597867839) 执行操作：出售 金粒; 执行结果：墨羽翎玖你成功出售1件物品，获得5积分
[2021-05-27 11:26:58](1597867839) 执行操作：出售金条; 执行结果：墨羽翎玖你成功出售1件物品，获得10积分
[2021-05-27 11:27:02](1597867839) 执行操作：背包; 执行结果：墨羽翎玖你的背包：
体力药水X8
生命药水
攻击戒指
制式长枪
破旧的木斧
体力补偿礼包X4
积分补偿礼包X5
[2021-05-27 11:27:11](1597867839) 执行操作：积分; 执行结果：墨羽翎玖你的积分为：1027
[2021-05-27 11:27:21](1597867839) 执行操作：使用积分补偿礼包 4; 执行结果：墨羽翎玖你成功使用4个积分补偿礼包
[2021-05-27 11:27:24](1597867839) 执行操作：积分; 执行结果：墨羽翎玖你的积分为：1047
[2021-05-27 11:27:28](1597867839) 执行操作：背包; 执行结果：墨羽翎玖你的背包：
体力药水X8
生命药水
攻击戒指
制式长枪
破旧的木斧
体力补偿礼包X4
积分补偿礼包
[2021-05-27 11:27:34](1597867839) 执行操作：使用积分补偿礼包; 执行结果：墨羽翎玖你成功使用1个积分补偿礼包
[2021-05-27 11:27:38](1597867839) 执行操作：数据; 执行结果：昵称：墨羽翎玖（自动获取）
积分：1052
攻击力：12
护甲：5
San值：100
体力：119/120
总计场次：212（96%）
背包物品数：6
[2021-05-27 11:28:07](1597867839) 执行操作：给予物品 * 积分补偿礼包; 执行结果：已将该物品发放给每个人
[2021-05-27 11:28:09](1597867839) 执行操作：背包; 执行结果：墨羽翎玖你的背包：
体力药水X8
生命药水
攻击戒指
制式长枪
破旧的木斧
体力补偿礼包X4
积分补偿礼包
[2021-05-27 11:28:32](1597867839) 执行操作：给予物品 * 体力补偿礼包 5; 执行结果：已将该物品发放给每个人
[2021-05-27 11:28:45](1597867839) 执行操作：背包; 执行结果：墨羽翎玖你的背包：
体力药水X8
生命药水
攻击戒指
制式长枪
破旧的木斧
体力补偿礼包X9
积分补偿礼包
[2021-05-27 11:30:53]() 执行操作：小柒启动！
[2021-05-27 11:30:58](1597867839) 执行操作：介绍内测玩家纪念品; 执行结果：名字：内测玩家纪念品
类型：纪念品
购买：无法购买
出售：30积分
介绍：一个看起来没什么用的摆件
[2021-05-27 11:31:16](1597867839) 执行操作：给予物品 * 内测玩家纪念品; 执行结果：已将该物品发放给每个人
[2021-05-27 11:31:19](1597867839) 执行操作：背包; 执行结果：墨羽翎玖你的背包：
体力药水X8
生命药水
攻击戒指
制式长枪
破旧的木斧
体力补偿礼包X9
积分补偿礼包
内测玩家纪念品
[2021-05-27 11:31:51](1597867839) 执行操作：积分; 执行结果：墨羽翎玖你的积分为：1052
[2021-05-27 11:31:55](1597867839) 执行操作：出售内测玩家纪念品; 执行结果：墨羽翎玖你成功出售1件物品，获得30积分
[2021-05-27 11:31:58](1597867839) 执行操作：积分; 执行结果：墨羽翎玖你的积分为：1082
[2021-05-27 11:51:50]() 执行操作：小柒启动！
[2021-05-27 11:52:14](1597867839) 执行操作：给予物品 破旧的木剑; 执行结果：给予成功！
[2021-05-27 11:56:13](1597867839) 执行操作：给予物品 3284586127 生命药水 1; 执行结果：给予成功！
[2021-05-27 11:58:32]() 执行操作：小柒启动！
[2021-05-27 11:59:59]() 执行操作：小柒启动！
[2021-05-27 12:01:43](1597867839) 执行操作：给予物品 3284586127 生命药水; 执行结果：给予成功！
[2021-05-27 12:02:11](1597867839) 执行操作：给予物品 3284586127 内测玩家纪念品; 执行结果：给予成功！
[2021-05-27 15:23:15]() 执行操作：小柒启动！
[2021-05-27 15:23:38](1597867839) 执行操作：数据; 执行结果：昵称：墨羽翎玖（自动获取）
积分：1082
攻击力：12
护甲：5
San值：100
体力：119/120
总计场次：212（96%）
背包物品数：8
[2021-05-27 15:23:57](1597867839) 执行操作：数据; 执行结果：昵称：墨羽翎玖（自动获取）
积分：1082
攻击力：12
护甲：5
San值：100
体力：119/120
总计场次：212（96%）
背包物品数：8
[2021-05-27 15:25:40](1597867839) 执行操作：数据; 执行结果：昵称：墨羽翎玖（自动获取）
积分：1082
攻击力：12
护甲：5
San值：100
体力：119/120
总计场次：212（96%）
背包物品数：8
[2021-05-27 15:27:44]() 执行操作：小柒启动！
[2021-05-27 15:29:42](1597867839) 执行操作：探险; 执行结果：墨羽翎玖你来到了南极，冰天雪地之中，一番探索之后，什么也没有获得
[2021-05-27 15:30:28](1597867839) 执行操作：数据; 执行结果：昵称：墨羽翎玖（自动获取）
积分：1082
攻击力：12
护甲：5
San值：100
体力：118/120
总计场次：212（96%）
背包物品数：8
[2021-05-27 16:02:00]() 执行操作：小柒启动！
[2021-05-27 16:10:25]() 执行操作：小柒启动！
[2021-05-27 16:13:03]() 执行操作：小柒启动！
[2021-05-28 11:32:08]() 执行操作：小柒启动！
[2021-05-28 11:35:09]() 执行操作：小柒启动！
[2021-05-28 11:35:48]() 执行操作：小柒启动！
[2021-05-28 11:35:52](1597867839) 执行操作：排行榜; 执行结果：排行榜
----------------
积分第一：墨羽翎玖（1082）
积分第二：鹊璃（236）
胜率第一：墨羽翎玖（96%）
胜率第一（大于50场）：墨羽翎玖（96%）
击剑达人：墨羽翎玖（212场）
登顶次数最多：墨羽翎玖（3次）
被击剑次数最多：鹊璃（1次）
[2021-05-28 11:36:00](1597867839) 执行操作：修改积分 3284586127 10000; 执行结果：积分修改成功
[2021-05-28 11:36:02](1597867839) 执行操作：排行榜; 执行结果：排行榜
----------------
积分第一：鹊璃（10000）
积分第二：墨羽翎玖（1082）
胜率第一：墨羽翎玖（96%）
胜率第一（大于50场）：墨羽翎玖（96%）
击剑达人：墨羽翎玖（212场）
登顶次数最多：墨羽翎玖（3次）
被击剑次数最多：鹊璃（1次）
[2021-05-28 11:36:09](1597867839) 执行操作：围攻榜首; 执行结果：
[2021-05-28 11:36:13](1597867839) 执行操作：围攻榜首; 执行结果：
[2021-05-28 11:37:06](1597867839) 执行操作：buff; 执行结果：墨羽翎玖你的BUFF如下：
1级防御：4次
[2021-05-28 11:37:12](1597867839) 执行操作：介绍1级防御; 执行结果：名字：1级防御
类型：buff
介绍：小幅度提升被击剑胜率
[2021-05-28 11:37:19](1597867839) 执行操作：介绍永久无敌模式; 执行结果：名字：永久无敌模式
类型：buff
介绍：击剑战无不胜！除非被永久无敌模式的人挑战
[2021-05-28 11:38:01](1597867839) 执行操作：介绍体力; 执行结果：名字：体力
介绍：体力是行动的关键，挑战boss、击剑、探险都是需要体力的
[2021-05-28 11:39:11]() 执行操作：小柒启动！
[2021-05-28 11:39:14](1597867839) 执行操作：介绍金粒; 执行结果：名字：金粒
类型：矿石
购买：无法购买
出售：5积分
介绍：看！那小小的金粒，积分+5
[2021-05-28 11:39:19](1597867839) 执行操作：介绍积分; 执行结果：名字：积分
介绍：积分可以理解为财富值，可以购买东西，可以强化。没有积分就啥都干不了呢~
[2021-05-28 11:39:22](1597867839) 执行操作：介绍击剑; 执行结果：
[2021-05-28 11:40:18]() 执行操作：小柒启动！
[2021-05-28 11:40:22](1597867839) 执行操作：介绍金条; 执行结果：名字：金条
类型：矿石
购买：无法购买
出售：10积分
介绍：闪闪发光！积分+10
[2021-05-28 11:40:25](1597867839) 执行操作：介绍击剑; 执行结果：名字：击剑
介绍：艾特某个人与其击剑，你的攻击力将会增加你主动击剑的胜率，你的防御力将会增加你被动击剑的胜率。每次被打san值会掉1，san值越低胜率越低哦~
[2021-05-28 13:59:19]() 执行操作：小柒启动！
[2021-05-28 13:59:45](1597867839) 执行操作：解释击剑; 执行结果：
[2021-05-28 13:59:53](1597867839) 执行操作：介绍击剑; 执行结果：名字：击剑
介绍：艾特某个人与其击剑，你的攻击力将会增加你主动击剑的胜率，你的防御力将会增加你被动击剑的胜率。每次被打san值会掉1，san值越低胜率越低哦~
[2021-05-28 14:00:03](1597867839) 执行操作：背包; 执行结果：墨羽翎玖你的背包：
体力药水X8
生命药水
攻击戒指
制式长枪
破旧的木斧
体力补偿礼包X9
积分补偿礼包
破旧的木剑
[2021-05-28 14:00:28](1597867839) 执行操作：我的数据; 执行结果：昵称：墨羽翎玖（自动获取）
积分：1091
攻击力：12
护甲：5
San值：100
体力：118/120
总计场次：214（96%）
背包物品数：8
[2021-05-28 14:00:36](1597867839) 执行操作：强化进攻; 执行结果：墨羽翎玖你的场次不足400不能强化
[2021-05-28 19:02:07]() 执行操作：小柒启动！
[2021-05-28 19:02:29](1597867839) 执行操作：签到; 执行结果：墨羽翎玖签到成功！当前积分：1111
[2021-05-28 19:02:37](1597867839) 执行操作：背包; 执行结果：墨羽翎玖你的背包：
体力药水X8
生命药水
攻击戒指
制式长枪
破旧的木斧
体力补偿礼包X9
积分补偿礼包
破旧的木剑
[2021-05-28 19:02:50](1597867839) 执行操作：装备; 执行结果：墨羽翎玖你的装备：
武器：制式长枪
头盔：破旧的布头盔
胸甲：破旧的布甲
护腿：破旧的布护腿
鞋子：破旧的布靴
戒指（左）：攻击戒指
戒指（右）：守护戒指
背包：（暂无）
[2021-05-28 19:02:52](1597867839) 执行操作：数据; 执行结果：昵称：墨羽翎玖（自动获取）
积分：1111
体力：118/120
生命值：100（100）
攻击力：12（6）
护甲：5（3）
San值：100/100
总计场次：214（96%）
背包物品数：8/10
强化次数：3次
[2021-05-28 19:04:16](1597867839) 执行操作：介绍破旧的不加; 执行结果：不存在该物品
[2021-05-28 19:04:22](1597867839) 执行操作：介绍破旧的布甲; 执行结果：名字：破旧的布甲
类型：胸甲
购买：20积分
出售：5积分
介绍：一件勉强可以使用的布甲，护甲+1
[2021-05-28 19:05:27](1597867839) 执行操作：介绍制式长枪; 执行结果：名字：制式长枪
类型：武器
购买：100积分
出售：50积分
介绍：人类军队的制式长枪，长武器带来极强的进攻性，但也削弱了防御，攻击力+3，护甲-1
[2021-05-28 19:05:32](1597867839) 执行操作：取下制式长枪; 执行结果：墨羽翎玖已将制式长枪放入背包
[2021-05-28 19:05:36](1597867839) 执行操作：数据; 执行结果：昵称：墨羽翎玖（自动获取）
积分：1111
体力：118/120
生命值：100（100）
攻击力：9（3）
护甲：6（4）
San值：100/100
总计场次：214（96%）
背包物品数：8/10
强化次数：3次
[2021-05-28 19:06:20](1597867839) 执行操作：商店; 执行结果：商品目录如下：
破旧的木剑：10积分
破旧的木斧：30积分
破旧的布头盔：20积分
破旧的布甲：20积分
破旧的布护腿：20积分
破旧的布靴：20积分
攻击戒指：100积分
体力药水：5积分
精神药水：5积分
木板：10积分
石头：10积分
[2021-05-28 19:06:58](1597867839) 执行操作：装备; 执行结果：墨羽翎玖你的装备：
武器：（暂无）
头盔：破旧的布头盔
胸甲：破旧的布甲
护腿：破旧的布护腿
鞋子：破旧的布靴
戒指（左）：攻击戒指
戒指（右）：守护戒指
背包：（暂无）
[2021-05-28 19:07:07](1597867839) 执行操作：取下攻击戒指; 执行结果：墨羽翎玖已将攻击戒指放入背包
[2021-05-28 19:07:10](1597867839) 执行操作：数据; 执行结果：昵称：墨羽翎玖（自动获取）
积分：1111
体力：118/120
生命值：100（100）
攻击力：6（0）
护甲：6（4）
San值：100/100
总计场次：214（96%）
背包物品数：8/10
强化次数：3次
[2021-05-28 19:07:15](1597867839) 执行操作：取下守护戒指; 执行结果：墨羽翎玖已将守护戒指放入背包
[2021-05-28 19:07:27](1597867839) 执行操作：数据; 执行结果：昵称：墨羽翎玖（自动获取）
积分：1111
体力：118/120
生命值：100（100）
攻击力：6（0）
护甲：5（3）
San值：100/100
总计场次：214（96%）
背包物品数：9/10
强化次数：3次
[2021-05-28 19:07:39](1597867839) 执行操作：装备; 执行结果：墨羽翎玖你的装备：
武器：（暂无）
头盔：破旧的布头盔
胸甲：破旧的布甲
护腿：破旧的布护腿
鞋子：破旧的布靴
戒指（左）：（暂无）
戒指（右）：（暂无）
背包：（暂无）
[2021-05-28 19:07:50](1597867839) 执行操作：取下破旧的布头盔; 执行结果：墨羽翎玖已将破旧的布头盔放入背包
[2021-05-28 19:07:53](1597867839) 执行操作：背包; 执行结果：墨羽翎玖你的背包：
体力药水X8
生命药水
攻击戒指X2
制式长枪X2
破旧的木斧
体力补偿礼包X9
积分补偿礼包
破旧的木剑
守护戒指
破旧的布头盔
[2021-05-28 19:08:02](1597867839) 执行操作：丢弃 体力补偿礼包 9; 执行结果：墨羽翎玖丢弃成功！
[2021-05-28 19:08:11](1597867839) 执行操作：丢弃积分补偿礼包; 执行结果：墨羽翎玖丢弃成功！
[2021-05-28 19:08:18](1597867839) 执行操作：数据; 执行结果：昵称：墨羽翎玖（自动获取）
积分：1111
体力：118/120
生命值：100（100）
攻击力：6（0）
护甲：4（2）
San值：100/100
总计场次：214（96%）
背包物品数：8/10
强化次数：3次
[2021-05-28 19:08:21](1597867839) 执行操作：装备; 执行结果：墨羽翎玖你的装备：
武器：（暂无）
头盔：（暂无）
胸甲：破旧的布甲
护腿：破旧的布护腿
鞋子：破旧的布靴
戒指（左）：（暂无）
戒指（右）：（暂无）
背包：（暂无）
[2021-05-28 19:08:26](1597867839) 执行操作：取下破旧的布甲; 执行结果：墨羽翎玖已将破旧的布甲放入背包
[2021-05-28 19:08:29](1597867839) 执行操作：数据; 执行结果：昵称：墨羽翎玖（自动获取）
积分：1111
体力：118/120
生命值：100（100）
攻击力：6（0）
护甲：3（1）
San值：100/100
总计场次：214（96%）
背包物品数：9/10
强化次数：3次
[2021-05-28 19:08:36](1597867839) 执行操作：装备; 执行结果：墨羽翎玖你的装备：
武器：（暂无）
头盔：（暂无）
胸甲：（暂无）
护腿：破旧的布护腿
鞋子：破旧的布靴
戒指（左）：（暂无）
戒指（右）：（暂无）
背包：（暂无）
[2021-05-28 19:08:40](1597867839) 执行操作：取下破旧的布靴; 执行结果：墨羽翎玖已将破旧的布靴放入背包
[2021-05-28 19:08:43](1597867839) 执行操作：数据; 执行结果：昵称：墨羽翎玖（自动获取）
积分：1111
体力：118/120
生命值：100（100）
攻击力：6（0）
护甲：2（0）
San值：100/100
总计场次：214（96%）
背包物品数：10/10
强化次数：3次
[2021-05-28 19:08:52](1597867839) 执行操作：取下破旧的布护腿; 执行结果：墨羽翎玖背包已满
[2021-05-28 19:08:57](1597867839) 执行操作：背包; 执行结果：墨羽翎玖你的背包：
体力药水X8
生命药水
攻击戒指X2
制式长枪X2
破旧的木斧
破旧的木剑
守护戒指
破旧的布头盔
破旧的布甲
破旧的布靴
[2021-05-28 19:09:03](1597867839) 执行操作：丢弃体力药水 8; 执行结果：墨羽翎玖丢弃成功！
[2021-05-28 19:09:14](1597867839) 执行操作：取下破旧的布靴; 执行结果：墨羽翎玖你的装备不存在该物品
[2021-05-28 19:09:17](1597867839) 执行操作：数据; 执行结果：昵称：墨羽翎玖（自动获取）
积分：1111
体力：118/120
生命值：100（100）
攻击力：6（0）
护甲：2（0）
San值：100/100
总计场次：214（96%）
背包物品数：9/10
强化次数：3次
[2021-05-28 19:09:21](1597867839) 执行操作：装备; 执行结果：墨羽翎玖你的装备：
武器：（暂无）
头盔：（暂无）
胸甲：（暂无）
护腿：破旧的布护腿
鞋子：（暂无）
戒指（左）：（暂无）
戒指（右）：（暂无）
背包：（暂无）
[2021-05-28 19:09:35](1597867839) 执行操作：取下破旧的布护腿; 执行结果：墨羽翎玖已将破旧的布护腿放入背包
[2021-05-28 19:09:38](1597867839) 执行操作：数据; 执行结果：昵称：墨羽翎玖（自动获取）
积分：1111
体力：118/120
生命值：100（100）
攻击力：6（0）
护甲：1（-1）
San值：100/100
总计场次：214（96%）
背包物品数：10/10
强化次数：3次
[2021-05-28 19:18:11]() 执行操作：小柒关机！
[2021-05-28 19:18:23]() 执行操作：小柒启动！
[2021-05-28 19:19:15](1597867839) 执行操作：数据; 执行结果：昵称：墨羽翎玖（自动获取）
积分：1111
体力：118/120
生命值：100（100）
攻击力：6（0）
护甲：2（0）
San值：100/100
总计场次：214（96%）
背包物品数：10/10
强化次数：3次
[2021-05-28 19:19:22](1597867839) 执行操作：装备制式长枪; 执行结果：墨羽翎玖装备成功！
[2021-05-28 19:19:25](1597867839) 执行操作：装备破旧的布甲; 执行结果：墨羽翎玖装备成功！
[2021-05-28 19:19:30](1597867839) 执行操作：装备破旧的布头盔; 执行结果：墨羽翎玖装备成功！
[2021-05-28 19:19:34](1597867839) 执行操作：装备破旧的布靴; 执行结果：墨羽翎玖装备成功！
[2021-05-28 19:19:42](1597867839) 执行操作：装备破旧的布护腿; 执行结果：墨羽翎玖装备成功！
[2021-05-28 19:19:44](1597867839) 执行操作：数据; 执行结果：昵称：墨羽翎玖（自动获取）
积分：1111
体力：118/120
生命值：100（100）
攻击力：9（3）
护甲：5（3）
San值：100/100
总计场次：214（96%）
背包物品数：6/10
强化次数：3次
[2021-05-28 19:25:54](1597867839) 执行操作：@3284586127 决斗; 执行结果：
[2021-05-28 19:29:38]() 执行操作：小柒关机！
[2021-05-28 19:29:47]() 执行操作：小柒启动！
[2021-05-28 19:29:52](1597867839) 执行操作：数据; 执行结果：昵称：墨羽翎玖（自动获取）
积分：1104
体力：117/120
生命值：100（100）
攻击力：9（3）
护甲：4（2）
San值：100/100
总计场次：215（96%）
背包物品数：6/10
强化次数：3次
[2021-05-28 19:30:51]() 执行操作：小柒启动！
[2021-05-28 19:30:53](1597867839) 执行操作：数据; 执行结果：昵称：墨羽翎玖（自动获取）
积分：1104
体力：117/120
生命值：100（100）
攻击力：9（3）
护甲：4（2）
San值：100/100
总计场次：215（96%）
背包物品数：6/10
强化次数：3次
[2021-05-28 19:31:09](1597867839) 执行操作：装备; 执行结果：墨羽翎玖你的装备：
武器：制式长枪
头盔：破旧的布头盔
胸甲：破旧的布甲
护腿：破旧的布护腿
鞋子：破旧的布靴
戒指（左）：（暂无）
戒指（右）：（暂无）
背包：（暂无）
[2021-05-28 19:31:17](1597867839) 执行操作：装备攻击戒指; 执行结果：墨羽翎玖装备成功！
[2021-05-28 19:31:24](1597867839) 执行操作：装备守护戒指; 执行结果：墨羽翎玖装备成功！
[2021-05-28 19:31:32](1597867839) 执行操作：数据; 执行结果：昵称：墨羽翎玖（自动获取）
积分：1104
体力：117/120
生命值：100（100）
攻击力：12（6）
护甲：5（3）
San值：100/100
总计场次：215（96%）
背包物品数：5/10
强化次数：3次
[2021-05-28 19:31:40]() 执行操作：小柒关机！
[2021-05-28 19:31:49]() 执行操作：小柒启动！
[2021-05-28 19:31:52](1597867839) 执行操作：数据; 执行结果：昵称：墨羽翎玖（自动获取）
积分：1104
体力：117/120
生命值：100（100）
攻击力：12（6）
护甲：5（3）
San值：100/100
总计场次：215（96%）
背包物品数：5/10
强化次数：3次
[2021-05-28 19:32:39]() 执行操作：小柒关机！
[2021-05-28 19:32:45]() 执行操作：小柒启动！
[2021-05-28 19:33:06](1597867839) 执行操作：数据; 执行结果：昵称：墨羽翎玖（自动获取）
积分：1104
体力：117/120
生命值：100（100）
攻击力：12（6）
护甲：5（3）
San值：100/100
总计场次：215（96%）
背包物品数：5/10
强化次数：3次
[2021-05-28 19:34:49]() 执行操作：小柒启动！
[2021-05-28 19:34:53](1597867839) 执行操作：数据; 执行结果：昵称：墨羽翎玖（自动获取）
积分：1104
体力：117/120
生命值：100（100）
攻击力：12（6）
护甲：6（4）
San值：100/100
总计场次：215（96%）
背包物品数：5/10
强化次数：3次
[2021-05-28 19:35:25](1597867839) 执行操作：背包; 执行结果：墨羽翎玖你的背包：
生命药水
攻击戒指
制式长枪
破旧的木斧
破旧的木剑
[2021-05-28 19:35:33](1597867839) 执行操作：使用破旧的木斧; 执行结果：墨羽翎玖装备成功！
[2021-05-28 19:35:37](1597867839) 执行操作：数据; 执行结果：昵称：墨羽翎玖（自动获取）
积分：1104
体力：117/120
生命值：100（100）
攻击力：11（5）
护甲：7（5）
San值：100/100
总计场次：215（96%）
背包物品数：4/10
强化次数：3次
[2021-05-28 19:39:36](1597867839) 执行操作：开启5级进攻 1; 执行结果：已经为其开启1次5级进攻
[2021-05-28 19:39:58](1597867839) 执行操作：buff; 执行结果：墨羽翎玖你的BUFF如下：
1级防御：4次
5级进攻：1次
[2021-05-28 19:40:29](1597867839) 执行操作：开启双倍积分收益 5; 执行结果：已经为其开启5次双倍积分收益
[2021-05-28 19:40:34](1597867839) 执行操作：开启击剑不掉积分 5; 执行结果：已经为其开启5次击剑不掉积分
[2021-05-28 19:40:38](1597867839) 执行操作：buff; 执行结果：墨羽翎玖你的BUFF如下：
1级防御：4次
5级进攻：1次
积分收益双倍：5次
击剑免掉积分：5次
[2021-05-28 19:41:30](1597867839) 执行操作：@3284586127 决斗; 执行结果：
[2021-05-28 19:41:37](1597867839) 执行操作：@399608601 决斗; 执行结果：
[2021-05-28 19:46:44]() 执行操作：小柒启动！
[2021-05-28 19:46:49](1597867839) 执行操作：挑战榜首; 执行结果：
[2021-05-28 19:47:37](1597867839) 执行操作：购买木板 5; 执行结果：墨羽翎玖购买成功！
[2021-05-28 19:54:36]() 执行操作：小柒启动！
[2021-05-28 19:55:20](1597867839) 执行操作：使用木板; 执行结果：墨羽翎玖材料不可以使用，只可以出售、丢弃、修补强化装备
[2021-05-28 19:55:26](1597867839) 执行操作：介绍木板; 执行结果：名字：木板
类型：材料
购买：10积分
出售：7积分
介绍：一块不知道有什么用的木板
[2021-05-28 19:55:40](1597867839) 执行操作：介绍石头; 执行结果：名字：石头
类型：材料
购买：10积分
出售：7积分
介绍：一块不知道有什么用的石头
[2021-05-28 19:55:44](1597867839) 执行操作：介绍木剑; 执行结果：名字：木剑
类型：武器
购买：50积分
出售：10积分
介绍：一把可以使用的木剑，攻击力+2
[2021-05-28 21:02:40]() 执行操作：小柒启动！
[2021-05-28 21:03:12](1597867839) 执行操作：数据; 执行结果：昵称：墨羽翎玖（自动获取）
积分：1066
体力：115/120
生命值：100/100
攻击力：6（0）
护甲：2（0）
San值：100/100
总计场次：217（95%）
背包物品数：5/10
强化次数：3次
[2021-05-28 21:03:17](1597867839) 执行操作：商店; 执行结果：商品目录如下：
[2021-05-28 21:03:22](1597867839) 执行操作：背包; 执行结果：墨羽翎玖你的背包：
生命药水
攻击戒指
制式长枪X2
破旧的木剑
木板X5
[2021-05-28 21:04:29]() 执行操作：小柒启动！
[2021-05-28 21:04:32](1597867839) 执行操作：数据; 执行结果：昵称：墨羽翎玖（自动获取）
积分：1066
体力：115/120
生命值：100/100
攻击力：11（5）
护甲：7（5）
San值：100/100
总计场次：217（95%）
背包物品数：5/10
强化次数：3次
[2021-05-28 21:04:36](1597867839) 执行操作：商店; 执行结果：商品目录如下：
破旧的木剑：10积分
破旧的木斧：30积分
破旧的布头盔：20积分
破旧的布甲：20积分
破旧的布护腿：20积分
破旧的布靴：20积分
攻击戒指：100积分
体力药水：5积分
生命药水：10积分
精神药水：5积分
木板：10积分
石头：10积分
[2021-05-28 21:04:43](1597867839) 执行操作：介绍破旧的木剑; 执行结果：名字：破旧的木剑
类型：武器
购买：10积分
出售：5积分
介绍：一把勉强可以使用的木剑，攻击力+1
[2021-05-28 21:05:18](1597867839) 执行操作：重新加载游戏数据; 执行结果：重新加载完成
[2021-05-28 21:05:23](1597867839) 执行操作：介绍测试物品; 执行结果：名字：测试物品
类型：纪念品
购买：无法购买
出售：30积分
介绍：一个看起来没什么用的摆件
[2021-05-28 21:40:40]() 执行操作：小柒启动！
[2021-05-28 21:40:58](1597867839) 执行操作：商店; 执行结果：商品目录如下：
木剑：30积分
木斧：50积分
布头盔：50积分
布甲：50积分
布护腿：50积分
布靴：50积分
守护戒指：100积分
体力药水：5积分
生命药水：10积分
精神药水：5积分
木板：10积分
石头：10积分
[2021-05-28 21:41:24](1597867839) 执行操作：重新加载游戏数据; 执行结果：重新加载完成
[2021-05-28 21:41:28](1597867839) 执行操作：商店; 执行结果：商品目录如下：
木剑：30积分
木斧：50积分
布头盔：50积分
布甲：50积分
布护腿：50积分
布靴：50积分
守护戒指：100积分
体力药水：5积分
生命药水：10积分
精神药水：5积分
木板：10积分
石头：10积分
攻击戒指：100积分
[2021-05-28 21:41:40](1597867839) 执行操作：重新加载游戏数据; 执行结果：重新加载完成
[2021-05-28 21:41:43](1597867839) 执行操作：商店; 执行结果：商品目录如下：
木剑：30积分
木斧：50积分
布头盔：50积分
布甲：50积分
布护腿：50积分
布靴：50积分
守护戒指：100积分
体力药水：5积分
生命药水：10积分
精神药水：5积分
木板：10积分
石头：10积分
[2021-05-30 01:26:46]() 执行操作：小柒启动！
[2021-05-30 01:27:03](1597867839) 执行操作：介绍桃木剑; 执行结果：名字：桃木剑
类型：武器
购买：无法购买
出售：5积分
介绍：斩尽天下恶鬼，守护万世太平！攻击力+5
[2021-05-30 01:29:42]() 执行操作：小柒关机！
[2021-05-30 01:36:59]() 执行操作：小柒启动！
[2021-05-30 01:37:06]() 执行操作：小柒关机！
[2021-05-30 01:37:15]() 执行操作：小柒启动！
[2021-05-30 01:37:18]() 执行操作：小柒关机！
[2021-06-01 16:46:42]() 执行操作：小柒启动！
[2021-06-01 16:47:30](1597867839) 执行操作：数据; 执行结果：昵称：墨羽翎玖（自动获取）
积分：1066
体力：120/120
生命值：100/100
攻击力：11（5）
护甲：7（5）
San值：100/100
总计场次：217（95%）
背包物品数：5/10
强化次数：3次
[2021-06-01 16:47:33](1597867839) 执行操作：背包; 执行结果：墨羽翎玖你的背包：5/10
生命药水
攻击戒指
制式长枪X2
破旧的木剑
木板X5
[2021-06-01 16:47:44](1597867839) 执行操作：介绍木剑; 执行结果：名字：木剑
类型：武器
购买：40积分
出售：5积分
合成路径：破旧的木剑X2
可分解为：木板X4
介绍：一把可以使用的木剑，攻击力+2
[2021-06-01 16:47:57](1597867839) 执行操作：介绍石剑; 执行结果：名字：石剑
类型：武器
购买：100积分
出售：50积分
合成路径：破旧的石剑X2
可分解为：石头X4
介绍：一把可以使用的石剑，但是重量不轻，攻击力+4，防御力-2
[2021-06-01 16:48:16](1597867839) 执行操作：介绍破旧的石剑; 执行结果：名字：破旧的石剑
类型：武器
购买：50积分
出售：20积分
合成路径：石头X3，木板X1
可分解为：石头X3
介绍：一把勉强可以使用的石剑，但是重量不轻，攻击力+3，防御力-1
[2021-06-01 16:48:24](1597867839) 执行操作：介绍灵晶; 执行结果：不存在该物品
[2021-06-01 16:48:31](1597867839) 执行操作：介绍下品灵晶; 执行结果：名字：下品灵晶
类型：材料
购买：15积分
出售：8积分
合成路径：下品灵石X3
介绍：由灵石打磨而来，用于合成装备
[2021-06-01 16:48:43](1597867839) 执行操作：介绍中品灵石; 执行结果：名字：中品灵石
类型：材料
购买：100积分
出售：80积分
合成路径：下品灵石X10
可分解为：下品灵石X9
介绍：中品灵石可以用于升级装备，合成装备等
[2021-06-01 16:49:10](1597867839) 执行操作：介绍1级灵能核心; 执行结果：名字：1级灵能核心
类型：材料
购买：1000积分
出售：700积分
介绍：一块不知道有什么用的灵能核心
[2021-06-01 16:49:20](1597867839) 执行操作：介绍下界合金甲; 执行结果：名字：下界合金甲
类型：胸甲
购买：6500积分
出售：3200积分
合成路径：破旧的下界合金甲X2
可分解为：下界合金X3
介绍：一件可以使用的下界合金甲，护甲+20
[2021-06-01 16:49:28](1597867839) 执行操作：介绍粽子; 执行结果：名字：粽子
类型：药水
购买：4积分
出售：0积分
介绍：体力值+5
[2021-06-01 16:49:36](1597867839) 执行操作：介绍下界合金; 执行结果：名字：下界合金
类型：材料
购买：1000积分
出售：7积分
介绍：一块不知道有什么用的下界合金
[2021-06-01 16:49:45](1597867839) 执行操作：介绍合金; 执行结果：名字：合金
类型：材料
购买：500积分
出售：7积分
介绍：一块不知道有什么用的合金
[2021-06-01 16:49:49](1597867839) 执行操作：介绍金锭; 执行结果：名字：金锭
类型：材料
购买：100积分
出售：7积分
介绍：一块不知道有什么用的金锭
[2021-06-01 16:50:05](1597867839) 执行操作：介绍2级攻击戒指; 执行结果：名字：2级攻击戒指
类型：戒指（左）
购买：200积分
出售：50积分
合成路径：攻击戒指X2
可分解为：攻击戒指X2
介绍：一个充斥着神奇力量的戒指，攻击力+5
[2021-06-01 16:50:27](1597867839) 执行操作：介绍精制下界合金护腿; 执行结果：名字：精制下界合金护腿
类型：护腿
购买：12200积分
出售：9010积分
合成路径：下界合金护腿X2
可分解为：下界合金X4
介绍：一件用心制作的的下界合金护腿，护甲+41
[2021-06-01 16:50:42](1597867839) 执行操作：数据; 执行结果：昵称：墨羽翎玖（自动获取）
积分：1066
体力：120/120
生命值：100/100
攻击力：11（5）
护甲：7（5）
San值：100/100
总计场次：217（95%）
背包物品数：5/10
强化次数：3次
[2021-06-01 16:51:00](1597867839) 执行操作：给予物品 精制下界合金护腿; 执行结果：给予成功！
[2021-06-01 16:51:04](1597867839) 执行操作：背包; 执行结果：墨羽翎玖你的背包：6/10
生命药水
攻击戒指
制式长枪X2
破旧的木剑
木板X5
精制下界合金护腿
[2021-06-01 16:51:11](1597867839) 执行操作：装备; 执行结果：墨羽翎玖你的装备：
武器：破旧的木斧
头盔：破旧的布头盔
胸甲：破旧的布甲
护腿：破旧的布护腿
鞋子：破旧的布靴
戒指（左）：攻击戒指
戒指（右）：守护戒指
背包：（暂无）
[2021-06-01 16:51:14](1597867839) 执行操作：数据; 执行结果：昵称：墨羽翎玖（自动获取）
积分：1066
体力：120/120
生命值：100/100
攻击力：11（5）
护甲：7（5）
San值：100/100
总计场次：217（95%）
背包物品数：6/10
强化次数：3次
[2021-06-01 16:51:25](1597867839) 执行操作：装备精制下界合金护腿; 执行结果：墨羽翎玖装备成功！
[2021-06-01 16:51:28](1597867839) 执行操作：数据; 执行结果：昵称：墨羽翎玖（自动获取）
积分：1066
体力：120/120
生命值：100/100
攻击力：11（5）
护甲：47（45）
San值：100/100
总计场次：217（95%）
背包物品数：6/10
强化次数：3次
[2021-06-01 16:51:46](1597867839) 执行操作：商店; 执行结果：商品目录如下：
木制砍刀：20积分
木甲：20积分
布：5积分
皮革：35积分
木板：5积分
石头：15积分
铁锭：50积分
金锭：100积分
钻石：200积分
体力药水：5积分
生命药水：10积分
精神药水：5积分
[2021-06-01 16:52:01](1597867839) 执行操作：介绍木甲; 执行结果：名字：木甲
类型：胸甲
购买：20积分
出售：5积分
介绍：木头做的胸甲，鬼知道怎么穿进去的，护甲+2
[2021-06-01 16:52:10](1597867839) 执行操作：介绍钻石; 执行结果：名字：钻石
类型：材料
购买：200积分
出售：7积分
介绍：一块不知道有什么用的钻石
[2021-06-01 16:52:35]() 执行操作：小柒关机！
[2021-06-01 17:03:51]() 执行操作：小柒启动！
[2021-06-01 17:04:00](1597867839) 执行操作：查询合成 木板; 执行结果：不存在该物品
[2021-06-01 17:04:07](1597867839) 执行操作：介绍物品木板; 执行结果：不存在该物品
[2021-06-01 17:04:22](1597867839) 执行操作：介绍物品 破旧的木剑; 执行结果：不存在该物品
[2021-06-01 17:04:32](1597867839) 执行操作：介绍破旧的木剑; 执行结果：名字：破旧的木剑
类型：武器
购买：20积分
出售：5积分
合成路径：木板X4
可分解为：木板X3
介绍：一把勉强可以使用的木剑，攻击力+1
[2021-06-01 17:04:36](1597867839) 执行操作：介绍木板; 执行结果：名字：木板
类型：材料
购买：5积分
出售：3积分
介绍：一块不知道有什么用的木板
[2021-06-01 17:04:53]() 执行操作：小柒关机！
[2021-06-01 17:04:59]() 执行操作：小柒启动！
[2021-06-01 17:05:11](1597867839) 执行操作：查询合成木板; 执行结果：物品：木板
合成路径：无
可分解为：无
参与合成路径：
破旧的木剑<-木板X4
破旧的木斧<-木板X5
破旧的石剑<-石头X3，木板X1
破旧的石斧<-石头X4，木板X1
破旧的铁剑<-铁锭X3，木板X1
破旧的铁斧<-铁锭X4，木板X1
破旧的金剑<-金锭X3，木板X1
破旧的金斧<-金锭X4，木板X1
破旧的钻石剑<-钻石X3，木板X1
破旧的钻石斧<-钻石X4，木板X1
[2021-06-01 17:06:20](1597867839) 执行操作：查询合成破旧的钻石剑; 执行结果：物品：破旧的钻石剑
合成路径：钻石X3，木板X1
可分解为：钻石X3
参与合成路径：
钻石剑<-破旧的钻石剑X2
[2021-06-01 17:06:35](1597867839) 执行操作：查询合成中品灵石; 执行结果：物品：中品灵石
合成路径：下品灵石X10
可分解为：下品灵石X9
参与合成路径：
上品灵石<-中品灵石X10
中品灵晶<-中品灵石X3
[2021-06-01 17:08:06](1597867839) 执行操作：介绍中品灵石; 执行结果：名字：中品灵石
类型：材料
购买：100积分
出售：80积分
合成路径：下品灵石X10
可分解为：下品灵石X9
介绍：中品灵石可以用于升级装备，合成装备等
[2021-06-01 17:08:19](1597867839) 执行操作：介绍粽子; 执行结果：名字：粽子
类型：药水
购买：4积分
出售：0积分
介绍：体力值+5
[2021-06-01 17:08:43](1597867839) 执行操作：重新加载游戏数据; 执行结果：重新加载完成
[2021-06-01 17:08:48](1597867839) 执行操作：介绍粽子; 执行结果：名字：粽子
类型：食物
购买：4积分
出售：0积分
介绍：体力值+5
[2021-06-01 17:08:53](1597867839) 执行操作：使用粽子; 执行结果：墨羽翎玖你没有该物品
[2021-06-01 17:08:56](1597867839) 执行操作：给予物品 粽子; 执行结果：给予成功！
[2021-06-01 17:08:59](1597867839) 执行操作：数据; 执行结果：昵称：墨羽翎玖（自动获取）
积分：1066
体力：120/120
生命值：100/100
攻击力：11（5）
护甲：47（45）
San值：100/100
总计场次：217（95%）
背包物品数：7/10
强化次数：3次
[2021-06-01 17:09:09](1597867839) 执行操作：使用粽子; 执行结果：墨羽翎玖体力值已满，无法使用
[2021-06-01 17:09:22](1597867839) 执行操作：使用粽子; 执行结果：墨羽翎玖体力值已满，无法使用
[2021-06-01 17:09:30](1597867839) 执行操作：体力; 执行结果：墨羽翎玖你的体力为：120/120
[2021-06-01 17:09:34](1597867839) 执行操作：修改体力 10; 执行结果：体力修改成功
[2021-06-01 17:09:37](1597867839) 执行操作：体力; 执行结果：墨羽翎玖你的体力为：10/120
[2021-06-01 17:09:43](1597867839) 执行操作：使用粽子; 执行结果：墨羽翎玖你成功使用1个粽子
[2021-06-01 17:09:45](1597867839) 执行操作：体力; 执行结果：墨羽翎玖你的体力为：15/120
[2021-06-01 17:10:01](1597867839) 执行操作：商店; 执行结果：商品目录如下：
木制砍刀：20积分
木甲：20积分
布：5积分
皮革：35积分
木板：5积分
石头：15积分
铁锭：50积分
金锭：100积分
钻石：200积分
体力药水：5积分
生命药水：10积分
精神药水：5积分
[2021-06-01 17:10:31](1597867839) 执行操作：重新加载游戏数据; 执行结果：重新加载完成
[2021-06-01 17:10:33](1597867839) 执行操作：商店; 执行结果：商品目录如下：
木制砍刀：20积分
木甲：20积分
布：5积分
皮革：35积分
木板：5积分
石头：15积分
铁锭：50积分
金锭：100积分
体力药水：5积分
生命药水：10积分
精神药水：5积分
[2021-06-01 17:10:47]() 执行操作：小柒关机！
[2021-06-01 17:29:53]() 执行操作：小柒启动！
[2021-06-01 17:29:57](1597867839) 执行操作：背包; 执行结果：墨羽翎玖你的背包：6/10
生命药水
攻击戒指
制式长枪X2
破旧的木剑
木板X5
破旧的布护腿
[2021-06-01 17:30:13](1597867839) 执行操作：查询分解破旧的木剑; 执行结果：物品：破旧的木剑
可分解为：木板X3
[2021-06-01 17:30:24](1597867839) 执行操作：分解破旧的木剑; 执行结果：墨羽翎玖，分解成功！
[2021-06-01 17:30:27](1597867839) 执行操作：背包; 执行结果：墨羽翎玖你的背包：5/10
生命药水
攻击戒指
制式长枪X2
木板X8
破旧的布护腿
[2021-06-01 17:31:06](1597867839) 执行操作：给予物品 积分补偿礼包; 执行结果：给予成功！
[2021-06-01 17:31:19](1597867839) 执行操作：给予物品 桃木剑; 执行结果：给予成功！
[2021-06-01 17:31:22](1597867839) 执行操作：给予物品 飞剑; 执行结果：给予成功！
[2021-06-01 17:31:26](1597867839) 执行操作：介绍飞剑; 执行结果：名字：飞剑
类型：武器
购买：无法购买
出售：10积分
介绍：脚下三尺飞剑，掌中三寸人间！攻击力+5
[2021-06-01 17:31:53](1597867839) 执行操作：丢弃飞剑; 执行结果：墨羽翎玖丢弃成功！
[2021-06-01 17:32:08](1597867839) 执行操作：重新加载游戏数据; 执行结果：重新加载完成
[2021-06-01 17:32:13](1597867839) 执行操作：介绍下品飞剑; 执行结果：名字：下品飞剑
类型：武器
购买：无法购买
出售：10积分
合成路径：木剑X1，下品灵晶X1
可分解为：木剑X1，下品灵石X1
介绍：脚下三尺飞剑，掌中三寸人间！攻击力+5
[2021-06-01 17:32:21](1597867839) 执行操作：给予物品 下品飞剑; 执行结果：给予成功！
[2021-06-01 17:32:25](1597867839) 执行操作：背包; 执行结果：墨羽翎玖你的背包：8/10
生命药水
攻击戒指
制式长枪X2
木板X8
破旧的布护腿
积分补偿礼包
桃木剑
下品飞剑
[2021-06-01 17:32:30](1597867839) 执行操作：给予物品 木制砍刀; 执行结果：给予成功！
[2021-06-01 17:32:38](1597867839) 执行操作：给予物品 破旧的木剑 2; 执行结果：给予成功！
[2021-06-01 17:32:43](1597867839) 执行操作：分解破旧的木剑; 执行结果：墨羽翎玖，分解成功！
[2021-06-01 17:32:48](1597867839) 执行操作：背包; 执行结果：墨羽翎玖你的背包：10/10
生命药水
攻击戒指
制式长枪X2
木板X11
破旧的布护腿
积分补偿礼包
桃木剑
下品飞剑
木制砍刀
破旧的木剑
[2021-06-01 17:32:55](1597867839) 执行操作：分解破旧的木剑; 执行结果：墨羽翎玖，分解成功！
[2021-06-01 17:32:58](1597867839) 执行操作：背包; 执行结果：墨羽翎玖你的背包：9/10
生命药水
攻击戒指
制式长枪X2
木板X14
破旧的布护腿
积分补偿礼包
桃木剑
下品飞剑
木制砍刀
[2021-06-01 17:33:12](1597867839) 执行操作：给予物品 破旧的石剑 2; 执行结果：给予成功！
[2021-06-01 17:33:19](1597867839) 执行操作：介绍破旧的石剑; 执行结果：名字：破旧的石剑
类型：武器
购买：50积分
出售：20积分
合成路径：石头X3，木板X1
可分解为：石头X3
介绍：一把勉强可以使用的石剑，但是重量不轻，攻击力+3，防御力-1
[2021-06-01 17:33:30](1597867839) 执行操作：分解破旧的石剑; 执行结果：墨羽翎玖，背包已满！
[2021-06-01 17:33:37](1597867839) 执行操作：分解石剑; 执行结果：墨羽翎玖，你的背包不存在该物品！
[2021-06-01 17:33:42](1597867839) 执行操作：分解1; 执行结果：墨羽翎玖，不存在该物品！
[2021-06-01 17:34:18](1597867839) 执行操作：分解木板; 执行结果：墨羽翎玖，该物品不可以分解！
[2021-06-01 17:34:30](1597867839) 执行操作：背包; 执行结果：墨羽翎玖你的背包：10/10
生命药水
攻击戒指
制式长枪X2
木板X14
破旧的布护腿
积分补偿礼包
桃木剑
下品飞剑
木制砍刀
破旧的石剑X2
[2021-06-01 17:34:43](1597867839) 执行操作：合成1; 执行结果：墨羽翎玖，不存在该物品！
[2021-06-01 17:34:52](1597867839) 执行操作：合成木板; 执行结果：墨羽翎玖，该物品无法合成！
[2021-06-01 17:35:01](1597867839) 执行操作：查询合成木板; 执行结果：物品：木板
合成路径：无
可分解为：无
参与合成路径：
破旧的木剑<-木板X4
破旧的木斧<-木板X5
破旧的石剑<-石头X3，木板X1
破旧的石斧<-石头X4，木板X1
破旧的铁剑<-铁锭X3，木板X1
破旧的铁斧<-铁锭X4，木板X1
破旧的金剑<-金锭X3，木板X1
破旧的金斧<-金锭X4，木板X1
破旧的钻石剑<-钻石X3，木板X1
破旧的钻石斧<-钻石X4，木板X1
[2021-06-01 17:35:22](1597867839) 执行操作：合成破旧的石剑; 执行结果：墨羽翎玖，背包已满或材料不足，合成失败！
[2021-06-01 17:35:34](1597867839) 执行操作：丢弃积分补偿礼包; 执行结果：墨羽翎玖丢弃成功！
[2021-06-01 17:35:39](1597867839) 执行操作：给予物品 石头 3; 执行结果：给予成功！
[2021-06-01 17:35:42](1597867839) 执行操作：背包; 执行结果：墨羽翎玖你的背包：10/10
生命药水
攻击戒指
制式长枪X2
木板X14
破旧的布护腿
桃木剑
下品飞剑
木制砍刀
破旧的石剑X2
石头X3
[2021-06-01 17:35:50](1597867839) 执行操作：合成 破旧的石剑; 执行结果：墨羽翎玖，合成成功！
[2021-06-01 17:35:53](1597867839) 执行操作：背包; 执行结果：墨羽翎玖你的背包：9/10
生命药水
攻击戒指
制式长枪X2
木板X13
破旧的布护腿
桃木剑
下品飞剑
木制砍刀
破旧的石剑X3
[2021-06-01 17:35:57](1597867839) 执行操作：合成 石剑; 执行结果：墨羽翎玖，合成成功！
[2021-06-01 17:36:02](1597867839) 执行操作：介绍石剑; 执行结果：名字：石剑
类型：武器
购买：100积分
出售：50积分
合成路径：破旧的石剑X2
可分解为：石头X4
介绍：一把可以使用的石剑，但是重量不轻，攻击力+4，防御力-2
[2021-06-01 17:36:12](1597867839) 执行操作：数据; 执行结果：昵称：墨羽翎玖（自动获取）
积分：1066
体力：15/120
生命值：100/100
攻击力：11（5）
护甲：47（45）
San值：100/100
总计场次：217（95%）
背包物品数：10/10
强化次数：3次
[2021-06-01 17:36:21](1597867839) 执行操作：装备; 执行结果：墨羽翎玖你的装备：
武器：破旧的木斧
头盔：破旧的布头盔
胸甲：破旧的布甲
护腿：精制下界合金护腿
鞋子：破旧的布靴
戒指（左）：攻击戒指
戒指（右）：守护戒指
背包：（暂无）
[2021-06-01 17:36:27](1597867839) 执行操作：取下破旧的木斧; 执行结果：墨羽翎玖背包已满
[2021-06-01 17:36:35](1597867839) 执行操作：丢弃桃木剑; 执行结果：墨羽翎玖丢弃成功！
[2021-06-01 17:36:49](1597867839) 执行操作：取下破旧的木斧; 执行结果：墨羽翎玖已将破旧的木斧放入背包
[2021-06-01 17:36:54](1597867839) 执行操作：丢弃破旧的木斧; 执行结果：墨羽翎玖丢弃成功！
[2021-06-01 17:36:55](1597867839) 执行操作：数据; 执行结果：昵称：墨羽翎玖（自动获取）
积分：1066
体力：15/120
生命值：100/100
攻击力：9（3）
护甲：47（45）
San值：100/100
总计场次：217（95%）
背包物品数：9/10
强化次数：3次
[2021-06-01 17:37:00](1597867839) 执行操作：装备石剑; 执行结果：墨羽翎玖装备成功！
[2021-06-01 17:37:03](1597867839) 执行操作：数据; 执行结果：昵称：墨羽翎玖（自动获取）
积分：1066
体力：15/120
生命值：100/100
攻击力：13（7）
护甲：46（44）
San值：100/100
总计场次：217（95%）
背包物品数：8/10
强化次数：3次
[2021-06-01 17:37:45](1597867839) 执行操作：重新加载游戏数据; 执行结果：重新加载完成
[2021-06-01 17:37:49](1597867839) 执行操作：介绍石剑; 执行结果：名字：石剑
类型：武器
购买：100积分
出售：50积分
合成路径：破旧的石剑X2
可分解为：石头X4
介绍：一把可以使用的石剑，但是重量不轻，攻击力+4，防御力-1
[2021-06-01 17:38:15]() 执行操作：小柒关机！
[2021-06-01 18:08:28]() 执行操作：小柒启动！
[2021-06-01 18:08:57](1597867839) 执行操作：给予物品 布背包; 执行结果：给予成功！
[2021-06-01 18:09:03](1597867839) 执行操作：介绍布背包; 执行结果：名字：布背包
类型：背包
购买：50积分
出售：28积分
合成路径：布X10
介绍：一个由布制作的背包，背包容量+5
[2021-06-01 18:09:10](1597867839) 执行操作：背包; 执行结果：墨羽翎玖你的背包：9/10
生命药水
攻击戒指
制式长枪X2
木板X13
破旧的布护腿
下品飞剑
木制砍刀
破旧的石剑
布背包
[2021-06-01 18:09:13](1597867839) 执行操作：装备布背包; 执行结果：墨羽翎玖你成功使用1布背包
[2021-06-01 18:09:17](1597867839) 执行操作：背包; 执行结果：墨羽翎玖你的背包：8/10
生命药水
攻击戒指
制式长枪X2
木板X13
破旧的布护腿
下品飞剑
木制砍刀
破旧的石剑
[2021-06-01 18:09:24](1597867839) 执行操作：数据; 执行结果：昵称：墨羽翎玖（自动获取）
积分：1066
体力：15/120
生命值：100/100
攻击力：13（7）
护甲：46（44）
San值：100/100
总计场次：217（95%）
背包物品数：8/10
强化次数：3次
[2021-06-01 18:09:52](1597867839) 执行操作：给予物品 破旧的木剑; 执行结果：给予成功！
[2021-06-01 18:09:56](1597867839) 执行操作：给予物品 破旧的木斧; 执行结果：给予成功！
[2021-06-01 18:09:59](1597867839) 执行操作：给予物品 木甲; 执行结果：给予失败！
[2021-06-01 18:10:08](1597867839) 执行操作：背包; 执行结果：墨羽翎玖你的背包：10/10
生命药水
攻击戒指
制式长枪X2
木板X13
破旧的布护腿
下品飞剑
木制砍刀
破旧的石剑
破旧的木剑
破旧的木斧
[2021-06-01 18:10:17](1597867839) 执行操作：装备; 执行结果：墨羽翎玖你的装备：
武器：石剑
头盔：破旧的布头盔
胸甲：破旧的布甲
护腿：精制下界合金护腿
鞋子：破旧的布靴
戒指（左）：攻击戒指
戒指（右）：守护戒指
背包：（暂无）
[2021-06-01 18:11:18](1597867839) 执行操作：丢弃破旧的木剑; 执行结果：墨羽翎玖丢弃成功！
[2021-06-01 18:11:24](1597867839) 执行操作：给予物品 皮革背包‘’; 执行结果：不存在该物品
[2021-06-01 18:11:29](1597867839) 执行操作：给予物品 皮革背包; 执行结果：给予成功！
[2021-06-01 18:11:32](1597867839) 执行操作：背包; 执行结果：墨羽翎玖你的背包：10/10
生命药水
攻击戒指
制式长枪X2
木板X13
破旧的布护腿
下品飞剑
木制砍刀
破旧的石剑
破旧的木斧
皮革背包
[2021-06-01 18:11:35](1597867839) 执行操作：装备; 执行结果：墨羽翎玖你的装备：
武器：石剑
头盔：破旧的布头盔
胸甲：破旧的布甲
护腿：精制下界合金护腿
鞋子：破旧的布靴
戒指（左）：攻击戒指
戒指（右）：守护戒指
背包：（暂无）
[2021-06-01 18:11:39](1597867839) 执行操作：装备皮革背包; 执行结果：墨羽翎玖你成功使用1皮革背包
[2021-06-01 18:11:52](1597867839) 执行操作：装备; 执行结果：墨羽翎玖你的装备：
武器：石剑
头盔：破旧的布头盔
胸甲：破旧的布甲
护腿：精制下界合金护腿
鞋子：破旧的布靴
戒指（左）：攻击戒指
戒指（右）：守护戒指
背包：（暂无）
[2021-06-01 18:11:55](1597867839) 执行操作：背包; 执行结果：墨羽翎玖你的背包：9/10
生命药水
攻击戒指
制式长枪X2
木板X13
破旧的布护腿
下品飞剑
木制砍刀
破旧的石剑
破旧的木斧
[2021-06-01 18:11:59]() 执行操作：小柒关机！
[2021-06-01 18:12:12]() 执行操作：小柒启动！
[2021-06-01 18:12:18](1597867839) 执行操作：给予物品 皮革背包; 执行结果：给予成功！
[2021-06-01 18:12:24](1597867839) 执行操作：装备皮革背包; 执行结果：墨羽翎玖装备成功！
[2021-06-01 18:12:27](1597867839) 执行操作：装备; 执行结果：墨羽翎玖你的装备：
武器：石剑
头盔：破旧的布头盔
胸甲：破旧的布甲
护腿：精制下界合金护腿
鞋子：破旧的布靴
戒指（左）：攻击戒指
戒指（右）：守护戒指
背包：皮革背包
[2021-06-01 18:12:30](1597867839) 执行操作：背包; 执行结果：墨羽翎玖你的背包：9/25
生命药水
攻击戒指
制式长枪X2
木板X13
破旧的布护腿
下品飞剑
木制砍刀
破旧的石剑
破旧的木斧
[2021-06-01 18:12:44](1597867839) 执行操作：给予物品 石头; 执行结果：给予成功！
[2021-06-01 18:12:47](1597867839) 执行操作：给予物品 合金; 执行结果：给予成功！
[2021-06-01 18:12:49](1597867839) 执行操作：背包; 执行结果：墨羽翎玖你的背包：11/25
生命药水
攻击戒指
制式长枪X2
木板X13
破旧的布护腿
下品飞剑
木制砍刀
破旧的石剑
破旧的木斧
石头
合金
[2021-06-01 18:12:58](1597867839) 执行操作：取下 皮革背包; 执行结果：墨羽翎玖已将皮革背包放入背包
[2021-06-01 18:13:01](1597867839) 执行操作：背包; 执行结果：墨羽翎玖你的背包：12/10
生命药水
攻击戒指
制式长枪X2
木板X13
破旧的布护腿
下品飞剑
木制砍刀
破旧的石剑
破旧的木斧
石头
合金
皮革背包
[2021-06-01 18:13:11](1597867839) 执行操作：给予物品 破旧的木剑; 执行结果：给予失败！
[2021-06-01 18:13:17](1597867839) 执行操作：商店; 执行结果：商品目录如下：
木制砍刀：20积分
木甲：20积分
布：5积分
皮革：35积分
木板：5积分
石头：15积分
铁锭：50积分
金锭：100积分
体力药水：5积分
生命药水：10积分
精神药水：5积分
[2021-06-01 18:13:27](1597867839) 执行操作：购买布; 执行结果：墨羽翎玖背包已满
[2021-06-01 18:13:36](1597867839) 执行操作：装备皮革背包; 执行结果：墨羽翎玖装备成功！
[2021-06-01 18:13:42](1597867839) 执行操作：购买布 20; 执行结果：墨羽翎玖购买成功！
[2021-06-01 18:13:44](1597867839) 执行操作：背包; 执行结果：墨羽翎玖你的背包：12/25
生命药水
攻击戒指
制式长枪X2
木板X13
破旧的布护腿
下品飞剑
木制砍刀
破旧的石剑
破旧的木斧
石头
合金
布X20
[2021-06-01 18:13:49](1597867839) 执行操作：取下皮革背包; 执行结果：墨羽翎玖已将皮革背包放入背包
[2021-06-01 18:13:59](1597867839) 执行操作：背包; 执行结果：墨羽翎玖你的背包：13/10
生命药水
攻击戒指
制式长枪X2
木板X13
破旧的布护腿
下品飞剑
木制砍刀
破旧的石剑
破旧的木斧
石头
合金
布X20
皮革背包
[2021-06-01 18:17:17](1597867839) 执行操作：重新加载游戏数据; 执行结果：重新加载完成
[2021-06-01 18:17:33](1597867839) 执行操作：丢弃生命药水; 执行结果：墨羽翎玖丢弃成功！
[2021-06-01 18:17:36](1597867839) 执行操作：丢弃攻击戒指; 执行结果：墨羽翎玖丢弃成功！
[2021-06-01 18:17:43](1597867839) 执行操作：装备皮革背包; 执行结果：墨羽翎玖装备成功！
[2021-06-01 18:17:47](1597867839) 执行操作：背包; 执行结果：墨羽翎玖你的背包：10/15
制式长枪X2
木板X13
破旧的布护腿
下品飞剑
木制砍刀
破旧的石剑
破旧的木斧
石头
合金
布X20
[2021-06-01 18:17:59](1597867839) 执行操作：丢弃布 18; 执行结果：墨羽翎玖丢弃成功！
[2021-06-01 18:18:05](1597867839) 执行操作：背包; 执行结果：墨羽翎玖你的背包：10/15
制式长枪X2
木板X13
破旧的布护腿
下品飞剑
木制砍刀
破旧的石剑
破旧的木斧
石头
合金
布X2
[2021-06-01 18:18:11](1597867839) 执行操作：积分; 执行结果：墨羽翎玖你的积分为：966
[2021-06-01 18:18:14](1597867839) 执行操作：介绍合金; 执行结果：名字：合金
类型：材料
购买：500积分
出售：250积分
介绍：一块不知道有什么用的合金
[2021-06-01 18:18:18](1597867839) 执行操作：出售合金; 执行结果：墨羽翎玖你成功出售1件物品，获得250积分
[2021-06-01 18:18:35](1597867839) 执行操作：丢弃石头; 执行结果：墨羽翎玖丢弃成功！
[2021-06-01 18:18:44](1597867839) 执行操作：丢弃破旧的布护腿; 执行结果：墨羽翎玖丢弃成功！
[2021-06-01 18:18:48](1597867839) 执行操作：丢弃木制砍刀; 执行结果：墨羽翎玖丢弃成功！
[2021-06-01 18:18:50](1597867839) 执行操作：背包; 执行结果：墨羽翎玖你的背包：6/15
制式长枪X2
木板X13
下品飞剑
破旧的石剑
破旧的木斧
布X2
[2021-06-01 18:18:58](1597867839) 执行操作：给予物品 精神戒指; 执行结果：给予成功！
[2021-06-01 18:19:04](1597867839) 执行操作：装备精神戒指; 执行结果：墨羽翎玖装备成功！
[2021-06-01 18:19:06](1597867839) 执行操作：数据; 执行结果：昵称：墨羽翎玖（自动获取）
积分：1216
体力：15/120
生命值：100/100
攻击力：10（4）
护甲：46（44）
San值：100/110
总计场次：217（95%）
背包物品数：7/15
强化次数：3次
[2021-06-01 18:19:18](1597867839) 执行操作：给予物品 体力戒指; 执行结果：给予成功！
[2021-06-01 18:19:24](1597867839) 执行操作：装备体力戒指; 执行结果：墨羽翎玖装备成功！
[2021-06-01 18:19:27](1597867839) 执行操作：数据; 执行结果：昵称：墨羽翎玖（自动获取）
积分：1216
体力：15/130
生命值：100/100
攻击力：10（4）
护甲：46（44）
San值：100/100
总计场次：217（95%）
背包物品数：8/15
强化次数：3次
[2021-06-01 18:19:44](1597867839) 执行操作：给予物品 生命戒指; 执行结果：给予成功！
[2021-06-01 18:19:48](1597867839) 执行操作：装备生命戒指; 执行结果：墨羽翎玖装备成功！
[2021-06-01 18:19:52](1597867839) 执行操作：数据; 执行结果：昵称：墨羽翎玖（自动获取）
积分：1216
体力：15/120
生命值：100/110
攻击力：10（4）
护甲：46（44）
San值：100/100
总计场次：217（95%）
背包物品数：9/15
强化次数：3次
[2021-06-01 18:20:02](1597867839) 执行操作：挖矿; 执行结果：墨羽翎玖你一番挖掘之后，一无所获
[2021-06-01 18:20:04](1597867839) 执行操作：挖矿; 执行结果：墨羽翎玖你一番挖掘之后，获得了2块石头
[2021-06-01 18:20:07](1597867839) 执行操作：挖矿; 执行结果：墨羽翎玖你一番挖掘之后，一无所获
[2021-06-01 18:20:09](1597867839) 执行操作：挖矿; 执行结果：墨羽翎玖你一番挖掘之后，一无所获
[2021-06-01 18:20:10](1597867839) 执行操作：挖矿; 执行结果：墨羽翎玖你一番挖掘之后，一无所获
[2021-06-01 18:20:12](1597867839) 执行操作：挖矿; 执行结果：墨羽翎玖你一番挖掘之后，一无所获
[2021-06-01 18:20:14](1597867839) 执行操作：挖矿; 执行结果：墨羽翎玖你一番挖掘之后，一无所获
[2021-06-01 18:20:16](1597867839) 执行操作：挖矿; 执行结果：墨羽翎玖你的体力值不足不能挖矿
[2021-06-01 18:20:21](1597867839) 执行操作：修改体力 200; 执行结果：体力修改成功
[2021-06-01 18:20:23](1597867839) 执行操作：挖矿; 执行结果：墨羽翎玖你一番挖掘之后，获得了3块石头
[2021-06-01 18:20:27](1597867839) 执行操作：挖矿; 执行结果：墨羽翎玖你一番挖掘之后，获得了3块石头
[2021-06-01 18:20:29](1597867839) 执行操作：挖矿; 执行结果：墨羽翎玖你一番挖掘之后，获得了1块石头
[2021-06-01 18:20:30](1597867839) 执行操作：挖矿; 执行结果：墨羽翎玖你一番挖掘之后，一无所获
[2021-06-01 18:20:32](1597867839) 执行操作：挖矿; 执行结果：墨羽翎玖你一番挖掘之后，获得了1块石头
[2021-06-01 18:20:44]() 执行操作：小柒关机！
[2021-06-01 23:42:10]() 执行操作：小柒启动！
[2021-06-01 23:43:57]() 执行操作：小柒启动！
[2021-06-01 23:56:59]() 执行操作：小柒关机！
[2021-06-02 10:25:55]() 执行操作：小柒启动！
[2021-06-02 10:28:20]() 执行操作：小柒关机！
[2021-06-02 10:28:31]() 执行操作：小柒启动！
[2021-06-02 10:30:22]() 执行操作：小柒关机！
[2021-06-02 10:30:32]() 执行操作：小柒启动！
[2021-06-02 10:32:01]() 执行操作：小柒关机！
[2021-06-02 10:32:13]() 执行操作：小柒启动！
[2021-06-02 10:33:45]() 执行操作：小柒启动！
[2021-06-02 10:39:24]() 执行操作：小柒启动！
[2021-06-02 10:41:17]() 执行操作：小柒关机！
[2021-06-02 10:42:13]() 执行操作：小柒启动！
[2021-06-02 10:47:41]() 执行操作：小柒启动！
[2021-06-02 10:48:20]() 执行操作：小柒关机！
[2021-06-02 10:52:04]() 执行操作：小柒启动！
[2021-06-02 10:52:13](1597867839) 执行操作：发起活动王者 1分钟; 执行结果：活动 王者已开启，请在1分钟内输入"参加活动 王者"报名
[2021-06-02 10:52:30](1597867839) 执行操作：查看活动名单王者; 执行结果：活动王者名单如下：
墨羽翎玖(1597867839)
[2021-06-02 10:52:55](1597867839) 执行操作：删除活动王者; 执行结果：删除成功！
[2021-06-02 10:53:04]() 执行操作：小柒关机！
[2021-06-02 13:19:13]() 执行操作：小柒启动！
[2021-06-02 13:25:34]() 执行操作：小柒启动！
[2021-06-02 13:27:12]() 执行操作：小柒启动！
[2021-06-02 13:28:28]() 执行操作：小柒启动！
[2021-06-02 13:31:20]() 执行操作：小柒关机！
[2021-06-02 13:31:48]() 执行操作：小柒启动！
[2021-06-02 13:33:02]() 执行操作：小柒关机！
[2021-06-02 16:12:32]() 执行操作：小柒启动！
[2021-06-02 16:13:52]() 执行操作：小柒启动！
[2021-06-02 16:15:27]() 执行操作：小柒启动！
[2021-06-02 16:15:58]() 执行操作：小柒启动！
[2021-06-02 16:17:13]() 执行操作：小柒启动！
[2021-06-02 16:20:03]() 执行操作：小柒启动！
[2021-06-02 16:21:41]() 执行操作：小柒启动！
[2021-06-02 17:06:38]() 执行操作：小柒启动！
[2021-06-02 17:42:52]() 执行操作：小柒启动！
[2021-06-02 17:43:31]() 执行操作：小柒启动！
[2021-06-02 17:43:59]() 执行操作：小柒启动！
[2021-06-02 17:48:46]() 执行操作：小柒启动！
[2021-06-06 00:40:41]() 执行操作：小柒启动！
[2021-06-06 00:41:31](1597867839) 执行操作：背包; 执行结果：墨羽翎玖你的背包：10/15
制式长枪X2
木板X13
下品飞剑
破旧的石剑
破旧的木斧
布X2
攻击戒指
精神戒指
体力戒指
石头X10
[2021-06-06 00:41:58](1597867839) 执行操作：给予物品 碎石 90; 执行结果：给予成功！
[2021-06-06 00:42:39](1597867839) 执行操作：背包; 执行结果：墨羽翎玖你的背包：11/15
制式长枪X2
木板X13
下品飞剑
破旧的石剑
破旧的木斧
布X2
攻击戒指
精神戒指
体力戒指
石头X10
碎石X90
[2021-06-06 00:42:42](1597867839) 执行操作：丢弃石头 10; 执行结果：墨羽翎玖丢弃成功！
[2021-06-06 00:42:50](1597867839) 执行操作：合成石头; 执行结果：墨羽翎玖，合成成功！
[2021-06-06 00:42:52](1597867839) 执行操作：背包; 执行结果：墨羽翎玖你的背包：11/15
制式长枪X2
木板X13
下品飞剑
破旧的石剑
破旧的木斧
布X2
攻击戒指
精神戒指
体力戒指
碎石X75
石头
[2021-06-06 00:42:59](1597867839) 执行操作：合成石头 5; 执行结果：墨羽翎玖合成成功！
[2021-06-06 00:43:02](1597867839) 执行操作：背包; 执行结果：墨羽翎玖你的背包：10/15
制式长枪X2
木板X13
下品飞剑
破旧的石剑
破旧的木斧
布X2
攻击戒指
精神戒指
体力戒指
石头X6
[2021-06-06 00:43:06](1597867839) 执行操作：合成石头; 执行结果：墨羽翎玖，背包已满或材料不足，合成失败！
[2021-06-06 00:43:11](1597867839) 执行操作：合成石头 5; 执行结果：墨羽翎玖背包已满或材料不足，合成失败！
[2021-06-06 00:43:26](1597867839) 执行操作：给予物品 碎石 60; 执行结果：给予成功！
[2021-06-06 00:43:42](1597867839) 执行操作：合成石头 5; 执行结果：墨羽翎玖背包已满或材料不足，合成失败！
[2021-06-06 00:43:47](1597867839) 执行操作：背包; 执行结果：墨羽翎玖你的背包：11/15
制式长枪X2
木板X13
下品飞剑
破旧的石剑
破旧的木斧
布X2
攻击戒指
精神戒指
体力戒指
石头X6
碎石X60
[2021-06-06 00:43:51](1597867839) 执行操作：合成石头 4; 执行结果：墨羽翎玖合成成功！
[2021-06-06 00:43:55](1597867839) 执行操作：出售石头 4; 执行结果：墨羽翎玖你成功出售4件物品，获得8积分
[2021-06-06 00:44:02](1597867839) 执行操作：修改积分 100000; 执行结果：积分修改成功
[2021-06-06 00:44:04](1597867839) 执行操作：积分; 执行结果：墨羽翎玖你的积分为：100000
[2021-06-06 00:44:14](1597867839) 执行操作：购买体力药水 5; 执行结果：墨羽翎玖购买成功！
[2021-06-06 00:44:18](1597867839) 执行操作：积分; 执行结果：墨羽翎玖你的积分为：99975
[2021-06-06 00:45:55](1597867839) 执行操作：给予物品 破旧的木剑 10; 执行结果：给予成功！
[2021-06-06 00:45:56](1597867839) 执行操作：背包; 执行结果：墨羽翎玖你的背包：12/15
制式长枪X2
木板X13
下品飞剑
破旧的石剑
破旧的木斧
布X2
攻击戒指
精神戒指
体力戒指
石头X6
体力药水X5
破旧的木剑X10
[2021-06-06 00:46:07](1597867839) 执行操作：丢弃 破旧的石剑; 执行结果：墨羽翎玖丢弃成功！
[2021-06-06 00:46:21](1597867839) 执行操作：丢弃破旧的木斧; 执行结果：墨羽翎玖丢弃成功！
[2021-06-06 00:50:18](1597867839) 执行操作：背包; 执行结果：墨羽翎玖你的背包：10/15
制式长枪X2
木板X13
下品飞剑
布X2
攻击戒指
精神戒指
体力戒指
石头X6
体力药水X5
破旧的木剑X10
[2021-06-06 00:50:25](1597867839) 执行操作：介绍破旧的木剑; 执行结果：名字：破旧的木剑
类型：武器
购买：20积分
出售：5积分
合成路径：木板X4
可分解为：木板X3
介绍：一把勉强可以使用的木剑，攻击力+1
[2021-06-06 00:50:41](1597867839) 执行操作：丢弃木板 13; 执行结果：墨羽翎玖丢弃成功！
[2021-06-06 00:50:45](1597867839) 执行操作：背包; 执行结果：墨羽翎玖你的背包：9/15
制式长枪X2
下品飞剑
布X2
攻击戒指
精神戒指
体力戒指
石头X6
体力药水X5
破旧的木剑X10
[2021-06-06 00:50:51](1597867839) 执行操作：分解破旧的木剑 5; 执行结果：墨羽翎玖分解成功！
[2021-06-06 00:50:54](1597867839) 执行操作：背包; 执行结果：墨羽翎玖你的背包：10/15
制式长枪X2
下品飞剑
布X2
攻击戒指
精神戒指
体力戒指
石头X6
体力药水X5
破旧的木剑X5
木板X15
[2021-06-06 00:51:02](1597867839) 执行操作：分解破旧的木剑 10; 执行结果：墨羽翎玖分解成功！
[2021-06-06 00:51:07](1597867839) 执行操作：背包; 执行结果：墨羽翎玖你的背包：9/15
制式长枪X2
下品飞剑
布X2
攻击戒指
精神戒指
体力戒指
石头X6
体力药水X5
木板X30
[2021-06-06 00:51:32](1597867839) 执行操作：分解破旧的木剑 10; 执行结果：墨羽翎玖你的背包不存在该物品！
[2021-06-06 00:55:04]() 执行操作：小柒关机！
[2021-06-06 00:55:14]() 执行操作：小柒启动！
[2021-06-06 00:55:33](1597867839) 执行操作：合成破旧的木剑 10; 执行结果：墨羽翎玖背包已满或材料不足，合成失败！
[2021-06-06 00:55:40](1597867839) 执行操作：合成破旧的木剑 7; 执行结果：墨羽翎玖成功合成7个物品！
[2021-06-06 00:55:46](1597867839) 执行操作：背包; 执行结果：墨羽翎玖你的背包：10/15
制式长枪X2
下品飞剑
布X2
攻击戒指
精神戒指
体力戒指
石头X6
体力药水X5
木板X2
破旧的木剑X7
[2021-06-06 00:55:53](1597867839) 执行操作：分解破旧的木剑 10; 执行结果：墨羽翎玖成功分解7个物品！
[2021-06-06 00:55:56](1597867839) 执行操作：背包; 执行结果：墨羽翎玖你的背包：9/15
制式长枪X2
下品飞剑
布X2
攻击戒指
精神戒指
体力戒指
石头X6
体力药水X5
木板X23
[2021-06-06 00:56:17]() 执行操作：小柒关机！
[2021-06-06 01:01:47]() 执行操作：小柒启动！
[2021-06-06 01:03:09]() 执行操作：小柒启动！
[2021-06-06 01:03:16](1597867839) 执行操作：挖矿; 执行结果：墨羽翎玖你一番挖掘之后，获得了3块碎石
[2021-06-06 01:03:16](1597867839) 执行操作：挖矿; 执行结果：墨羽翎玖你一番挖掘之后，获得了4块碎石
[2021-06-06 01:03:17](1597867839) 执行操作：挖矿; 执行结果：墨羽翎玖你一番挖掘之后，获得了1块皮革
[2021-06-06 01:03:18](1597867839) 执行操作：挖矿; 执行结果：墨羽翎玖你一番挖掘之后，获得了4块碎石
[2021-06-06 01:03:19](1597867839) 执行操作：挖矿; 执行结果：墨羽翎玖你一番挖掘之后，获得了1块皮革
[2021-06-06 01:03:19](1597867839) 执行操作：挖矿; 执行结果：墨羽翎玖你一番挖掘之后，获得了2块碎石
[2021-06-06 01:03:20](1597867839) 执行操作：挖矿; 执行结果：墨羽翎玖你一番挖掘之后，获得了1块石头
[2021-06-06 01:03:21](1597867839) 执行操作：挖矿; 执行结果：墨羽翎玖你一番挖掘之后，获得了3块石头
[2021-06-06 01:03:22](1597867839) 执行操作：挖矿; 执行结果：墨羽翎玖你一番挖掘之后，获得了1块皮革
[2021-06-06 01:03:24](1597867839) 执行操作：挖矿; 执行结果：墨羽翎玖你一番挖掘之后，获得了2块碎石
[2021-06-06 01:03:25](1597867839) 执行操作：挖矿; 执行结果：墨羽翎玖你一番挖掘之后，获得了1块碎石
[2021-06-06 01:03:26](1597867839) 执行操作：挖矿; 执行结果：墨羽翎玖你一番挖掘之后，获得了3块碎石
[2021-06-06 01:03:27](1597867839) 执行操作：挖矿; 执行结果：墨羽翎玖你一番挖掘之后，获得了1块碎石
[2021-06-06 01:03:28](1597867839) 执行操作：挖矿; 执行结果：墨羽翎玖你一番挖掘之后，获得了1块石头
[2021-06-07 11:44:42]() 执行操作：小柒启动！
[2021-06-07 11:44:52](1597867839) 执行操作：介绍石头; 执行结果：名字：石头（id:154）
类型：材料
购买：15积分
出售：2积分
合成路径：碎石X15
介绍：一块不知道有什么用的石头
[2021-06-07 11:45:18](1597867839) 执行操作：介绍儿童节纪念品; 执行结果：名字：儿童节纪念品（id:187）
类型：纪念品
购买：无法购买
出售：50积分
介绍：儿童节的摆件
[2021-06-07 11:45:43](1597867839) 执行操作：介绍桃木剑; 执行结果：名字：桃木剑（id:1）
类型：武器
购买：无法购买
出售：10积分
介绍：斩尽天下恶鬼，守护万世太平！攻击力+5
[2021-06-07 11:45:54](1597867839) 执行操作：介绍攻击戒指; 执行结果：名字：攻击戒指（id:3）
类型：戒指（左）
购买：100积分
出售：20积分
介绍：一个充斥着神奇力量的戒指，攻击力+3
[2021-06-07 11:47:37](1597867839) 执行操作：介绍5级灵能核心; 执行结果：名字：5级灵能核心（id:168）
类型：材料
购买：10000000积分
出售：700积分
介绍：一块不知道有什么用的灵能核心
[2021-06-07 12:37:08](1597867839) 执行操作：背包; 执行结果：墨羽翎玖你的背包：11/15
制式长枪X2
下品飞剑
布X2
攻击戒指
精神戒指
体力戒指
石头X11
体力药水X5
木板X23
碎石X20
皮革X3
[2021-06-07 12:37:27]() 执行操作：小柒关机！
[2021-06-07 12:37:37]() 执行操作：小柒启动！
[2021-06-07 12:40:15](1597867839) 执行操作：丢弃皮革 3; 执行结果：墨羽翎玖丢弃成功！
[2021-06-07 12:40:18](1597867839) 执行操作：合成石头 2; 执行结果：墨羽翎玖背包已满或材料不足，合成失败！
[2021-06-07 12:40:22](1597867839) 执行操作：背包; 执行结果：墨羽翎玖你的背包：10/15
制式长枪X2
下品飞剑
布X2
攻击戒指
精神戒指
体力戒指
石头X11
体力药水X5
木板X23
碎石X20
[2021-06-07 12:40:25](1597867839) 执行操作：合成石头; 执行结果：墨羽翎玖，成功合成1个物品！
[2021-06-07 12:40:28](1597867839) 执行操作：背包; 执行结果：墨羽翎玖你的背包：10/15
制式长枪X2
下品飞剑
布X2
攻击戒指
精神戒指
体力戒指
石头X12
体力药水X5
木板X23
碎石X5
[2021-06-07 12:40:35](1597867839) 执行操作：丢弃碎石 5; 执行结果：墨羽翎玖丢弃成功！
[2021-06-07 12:41:14](1597867839) 执行操作：背包; 执行结果：墨羽翎玖你的背包：9/15
制式长枪X2
下品飞剑
布X2
攻击戒指
精神戒指
体力戒指
石头X12
体力药水X5
木板X23
[2021-06-07 12:41:18](1597867839) 执行操作：丢弃攻击戒指; 执行结果：墨羽翎玖丢弃成功！
[2021-06-07 12:41:21](1597867839) 执行操作：丢弃精神戒指; 执行结果：墨羽翎玖丢弃成功！
[2021-06-07 12:41:25](1597867839) 执行操作：丢弃体力戒指; 执行结果：墨羽翎玖丢弃成功！
[2021-06-07 12:41:27](1597867839) 执行操作：背包; 执行结果：墨羽翎玖你的背包：6/15
制式长枪X2
下品飞剑
布X2
石头X12
体力药水X5
木板X23
[2021-06-07 12:41:35](1597867839) 执行操作：分解下品飞剑; 执行结果：墨羽翎玖，成功分解1个物品！
[2021-06-07 12:41:37](1597867839) 执行操作：背包; 执行结果：墨羽翎玖你的背包：7/15
制式长枪X2
布X2
石头X12
体力药水X5
木板X23
木剑
下品灵石
[2021-06-07 12:41:45](1597867839) 执行操作：分解木剑; 执行结果：墨羽翎玖，成功分解1个物品！
[2021-06-07 12:41:48](1597867839) 执行操作：背包; 执行结果：墨羽翎玖你的背包：6/15
制式长枪X2
布X2
石头X12
体力药水X5
木板X27
下品灵石
[2021-06-07 12:41:57](1597867839) 执行操作：丢弃布 2; 执行结果：墨羽翎玖丢弃成功！
[2021-06-07 12:42:01](1597867839) 执行操作：丢弃制式长枪 2; 执行结果：墨羽翎玖丢弃成功！
[2021-06-07 12:42:03](1597867839) 执行操作：背包; 执行结果：墨羽翎玖你的背包：4/15
石头X12
体力药水X5
木板X27
下品灵石
[2021-06-07 12:42:08](1597867839) 执行操作：丢弃下品灵石; 执行结果：墨羽翎玖丢弃成功！
[2021-06-07 12:42:09](1597867839) 执行操作：背包; 执行结果：墨羽翎玖你的背包：3/15
石头X12
体力药水X5
木板X27
[2021-06-07 12:42:12](1597867839) 执行操作：丢弃体力药水 5; 执行结果：墨羽翎玖丢弃成功！
[2021-06-07 12:42:14](1597867839) 执行操作：背包; 执行结果：墨羽翎玖你的背包：2/15
石头X12
木板X27
[2021-06-07 12:42:25](1597867839) 执行操作：介绍破旧的石剑; 执行结果：名字：破旧的石剑（id:48）
类型：武器
购买：50积分
出售：20积分
合成路径：石头X3，木板X1
可分解为：石头X3
介绍：一把勉强可以使用的石剑，但是重量不轻，攻击力+3，防御力-1
[2021-06-07 12:42:33](1597867839) 执行操作：丢弃木板 27; 执行结果：墨羽翎玖丢弃成功！
[2021-06-07 12:42:42](1597867839) 执行操作：背包; 执行结果：墨羽翎玖你的背包：1/15
石头X12
[2021-06-07 12:42:49](1597867839) 执行操作：合成破旧的石剑; 执行结果：墨羽翎玖，背包已满或材料不足，合成失败！
[2021-06-07 12:42:52](1597867839) 执行操作：背包; 执行结果：墨羽翎玖你的背包：1/15
石头X9
[2021-06-07 12:43:07]() 执行操作：小柒启动！
[2021-06-07 12:44:19]() 执行操作：小柒启动！
[2021-06-07 12:44:23](1597867839) 执行操作：背包; 执行结果：墨羽翎玖你的背包：1/15
石头X9
[2021-06-07 12:44:36](1597867839) 执行操作：合成破旧的石剑; 执行结果：墨羽翎玖，背包已满或材料不足，合成失败！
[2021-06-07 12:44:38](1597867839) 执行操作：背包; 执行结果：墨羽翎玖你的背包：1/15
石头X9
[2021-06-08 11:35:01]() 执行操作：小柒启动！
[2021-06-08 11:35:16](1597867839) 执行操作：背包; 执行结果：墨羽翎玖你的背包：1/15
石头X9
[2021-06-08 11:36:09]() 执行操作：小柒启动！
[2021-06-08 11:36:28](1597867839) 执行操作：@3284586127 赠送石头; 执行结果：你没有该物品
[2021-06-08 11:36:31](1597867839) 执行操作：背包; 执行结果：墨羽翎玖你的背包：1/15
石头X9
[2021-06-08 11:36:56]() 执行操作：小柒启动！
[2021-06-08 11:37:03](1597867839) 执行操作：@3284586127 送石头; 执行结果：赠送成功！
[2021-06-08 11:37:06](1597867839) 执行操作：背包; 执行结果：墨羽翎玖你的背包：1/15
石头X8
[2021-06-08 11:37:18](1597867839) 执行操作：@3284586127 赠送石头 9; 执行结果：你没有足够的物品
[2021-06-08 11:37:23](1597867839) 执行操作：@3284586127 赠送石头 8; 执行结果：赠送成功！
[2021-06-08 11:37:37](1597867839) 执行操作：背包; 执行结果：墨羽翎玖你的背包：0/15无
[2021-06-08 11:37:55](1597867839) 执行操作：给予物品 3284586127 钻石; 执行结果：给予成功！
[2021-06-08 11:37:57](1597867839) 执行操作：给予物品 3284586127 合金; 执行结果：给予成功！
[2021-06-08 11:38:00](1597867839) 执行操作：给予物品 3284586127 下界合金; 执行结果：给予成功！
[2021-06-08 11:38:04](1597867839) 执行操作：给予物品 3284586127 金锭; 执行结果：给予成功！
[2021-06-08 11:38:04](1597867839) 执行操作：给予物品 3284586127 钻石; 执行结果：给予成功！
[2021-06-08 11:38:08](1597867839) 执行操作：给予物品 3284586127 铁锭; 执行结果：给予失败！
[2021-06-08 11:38:23](1597867839) 执行操作：给予物品 木板 2; 执行结果：给予成功！
[2021-06-08 11:38:28](1597867839) 执行操作：给予物品 木板; 执行结果：给予成功！
[2021-06-08 11:38:30](1597867839) 执行操作：背包; 执行结果：墨羽翎玖你的背包：1/15
木板X3
[2021-06-08 11:38:37](1597867839) 执行操作：@3284586127 赠送木板; 执行结果：对方背包已满！
[2021-06-08 11:38:40](1597867839) 执行操作：背包; 执行结果：墨羽翎玖你的背包：1/15
木板X3
[2021-06-08 15:37:05]() 执行操作：小柒启动！
[2021-06-08 15:39:06]() 执行操作：小柒启动！
[2021-06-08 15:49:34]() 执行操作：小柒启动！
[2021-06-08 15:52:01]() 执行操作：小柒启动！
[2021-06-08 15:56:20]() 执行操作：小柒启动！
[2021-06-08 15:57:49]() 执行操作：小柒启动！
[2021-06-08 16:01:19]() 执行操作：小柒启动！
[2021-06-08 18:19:18]() 执行操作：小柒启动！
[2021-06-08 18:21:36]() 执行操作：小柒启动！
[2021-06-08 18:21:39](1597867839) 执行操作：介绍1; 执行结果：名字：桃木剑（id:1）
类型：武器
购买：无法购买
出售：10积分
介绍：斩尽天下恶鬼，守护万世太平！攻击力+5
[2021-06-08 18:21:47](1597867839) 执行操作：介绍id:1; 执行结果：名字：桃木剑（id:1）
类型：武器
购买：无法购买
出售：10积分
介绍：斩尽天下恶鬼，守护万世太平！攻击力+5
[2021-06-08 18:21:51](1597867839) 执行操作：介绍id：1; 执行结果：名字：桃木剑（id:1）
类型：武器
购买：无法购买
出售：10积分
介绍：斩尽天下恶鬼，守护万世太平！攻击力+5
[2021-06-08 18:21:57](1597867839) 执行操作：介绍100; 执行结果：名字：精制金护腿（id:100）
类型：护腿
购买：1000积分
出售：900积分
合成路径：金护腿X2
可分解为：金锭X4
介绍：一件用心制作的的金护腿，护甲+5
[2021-06-08 18:22:02](1597867839) 执行操作：介绍300; 执行结果：不存在该物品
[2021-06-08 18:22:07](1597867839) 执行操作：介绍259; 执行结果：名字：沙子（id:259）
类型：材料
购买：15积分
出售：1积分
介绍：一些沙子
[2021-06-08 18:22:12](1597867839) 执行操作：介绍204; 执行结果：名字：精神药水（id:204）
类型：药水
购买：10积分
出售：2积分
介绍：san值+10
[2021-06-09 19:45:39]() 执行操作：小柒启动！
[2021-06-09 19:46:25]() 执行操作：小柒关机！
[2021-06-09 19:46:56]() 执行操作：小柒启动！
[2021-06-09 19:48:25](1597867839) 执行操作：添加文摘 每个人确实不看未来，只在乎眼前，一餐一饮，一日一夜。——张嘉佳《云边有个小卖部》; 执行结果：添加成功！当前文摘有：115条
[2021-06-09 19:48:45](1597867839) 执行操作：添加文摘 谁说高兴和难过会互相抵消呢，人为什么不能同时保留希望和悲伤？——张嘉佳《云边有个小卖部》; 执行结果：添加成功！当前文摘有：116条
[2021-06-09 19:48:55](1597867839) 执行操作：添加文摘 悲伤的沉默，时间会打破，让两条河流去向不同地方。执拗的沉默，时间会打破，执拗代表他将摧毁堤岸，哪怕河流就此干枯。——张嘉佳《云边有个小卖部》; 执行结果：添加成功！当前文摘有：117条
[2021-06-09 19:50:21](1597867839) 执行操作：添加脏话 大家都是炎黄子孙，怎么就你是天生地养的呢？; 执行结果：添加成功！当前脏话有：78条
[2021-06-09 19:50:36](1597867839) 执行操作：添加脏话 你的出生是杜蕾斯的一封道歉信。; 执行结果：添加成功！当前脏话有：79条
[2021-06-09 19:50:47](1597867839) 执行操作：添加脏话 我至今无法相信你会是数亿万个精子里跑的最快的。; 执行结果：添加成功！当前脏话有：80条
[2021-06-09 19:50:58](1597867839) 执行操作：添加脏话 你是数字界和英文界的二把手; 执行结果：添加成功！当前脏话有：81条
[2021-06-09 19:51:15]() 执行操作：小柒关机！
[2021-06-09 19:51:41]() 执行操作：小柒启动！
[2021-06-09 19:51:50](1597867839) 执行操作：添加脏话 如果有哪句话伤到你了，请告诉我，我再重复一遍！; 执行结果：添加成功！当前脏话有：82条
[2021-06-09 19:52:00](1597867839) 执行操作：添加脏话; 执行结果：添加成功！当前脏话有：82条
[2021-06-09 19:52:29](1597867839) 执行操作：添加脏话 听说你傍大款了，认二郎神当主人了。; 执行结果：添加成功！当前脏话有：83条
[2021-06-09 19:52:39](1597867839) 执行操作：添加脏话 是下水道的黑暗，造就了您不懂礼数的浅薄。; 执行结果：添加成功！当前脏话有：84条
[2021-06-09 19:52:46](1597867839) 执行操作：添加脏话 反手把你特么绑在少儿频道，明天七点半准时看你大风车吱呀吱呀转; 执行结果：添加成功！当前脏话有：85条
[2021-06-09 19:52:54](1597867839) 执行操作：添加脏话 令堂给你这张脸就是为了防早恋～; 执行结果：添加成功！当前脏话有：86条
[2021-06-09 19:53:00](1597867839) 执行操作：添加脏话 说话这么好听，上完厕所一定擦过嘴了叭。; 执行结果：添加成功！当前脏话有：87条
[2021-06-09 19:53:12](1597867839) 执行操作：添加脏话 成天哥哥哥哥的，怎么着你要下蛋啊　　; 执行结果：添加成功！当前脏话有：88条
[2021-06-09 19:53:32](1597867839) 执行操作：添加脏话 僵尸兴奋地打开你的头盖骨，失望地走开了，旁边的屎壳郎眼前一亮，激动地凑近看了一眼，也失望地走了——还是稀的！; 执行结果：添加成功！当前脏话有：89条
[2021-06-09 19:53:42](1597867839) 执行操作：添加脏话 草船上借的不就是你吗？; 执行结果：添加成功！当前脏话有：90条
[2021-06-09 19:53:48](1597867839) 执行操作：添加脏话 草船上借的不就是你吗？; 执行结果：添加成功！当前脏话有：91条
[2021-06-09 19:53:57](1597867839) 执行操作：删除脏话 91; 执行结果：删除成功！当前脏话有：90条
[2021-06-09 19:54:22](1597867839) 执行操作：添加脏话 你长得就和二维码似的，不扫一扫还真不知道是个什么东西。; 执行结果：添加成功！当前脏话有：91条
[2021-06-09 19:54:30](1597867839) 执行操作：添加脏话 你长得很有考古价值啊; 执行结果：添加成功！当前脏话有：92条
[2021-06-09 19:54:38](1597867839) 执行操作：添加脏话 我以后再也不给你买橘子了; 执行结果：添加成功！当前脏话有：93条
[2021-06-09 19:54:47](1597867839) 执行操作：添加脏话 被堕胎后，你是怎么爬出垃圾桶的？？？; 执行结果：添加成功！当前脏话有：94条
[2021-06-09 19:55:21](1597867839) 执行操作：添加脏话 你的出生对环境造成很大污染。; 执行结果：添加成功！当前脏话有：95条
[2021-06-09 19:55:27](1597867839) 执行操作：添加脏话 你父母是做化学的吗，你看起来像试验品诶; 执行结果：添加成功！当前脏话有：96条
[2021-06-09 19:55:44](1597867839) 执行操作：添加脏话 车祸前你是长什么样的; 执行结果：添加成功！当前脏话有：97条
[2021-06-09 19:55:55](1597867839) 执行操作：添加脏话 祝你这辈子买的保险都盈利～; 执行结果：添加成功！当前脏话有：98条
[2021-06-09 19:56:06](1597867839) 执行操作：添加脏话 你找兄弟姐妹得去动物园，甚至要离开地球。; 执行结果：添加成功！当前脏话有：99条
[2021-06-09 19:56:16](1597867839) 执行操作：添加脏话 你妈生你的时候调成了随机状态了吧。; 执行结果：添加成功！当前脏话有：100条
[2021-06-09 19:56:33](1597867839) 执行操作：添加脏话 我有了孩子必须让你教他，还要教他历史，看一眼你的脸，吓得中华五千年全记住了。; 执行结果：添加成功！当前脏话有：101条
[2021-06-09 19:56:42](1597867839) 执行操作：添加脏话 麻烦你下回瓷粉多刮点，省得别人分不清楚哪是屁股哪是脸～; 执行结果：添加成功！当前脏话有：102条
[2021-06-09 19:56:47](1597867839) 执行操作：添加脏话 怪我太年轻，是人是狗没看清...; 执行结果：添加成功！当前脏话有：103条
[2021-06-09 19:57:00](1597867839) 执行操作：添加脏话 好喜欢你，想和你一起坐过山车，在最高的位置解开你的安全带！; 执行结果：添加成功！当前脏话有：104条
[2021-06-09 19:57:10](1597867839) 执行操作：添加脏话 我和你妈一起玩跷跷板，我比较重，我翘你妈！！！; 执行结果：添加成功！当前脏话有：105条
[2021-06-09 19:57:23](1597867839) 执行操作：添加脏话 为什么不理我?想让我变成狗不理吗?; 执行结果：添加成功！当前脏话有：106条
[2021-06-09 19:57:30](1597867839) 执行操作：添加脏话 不要妄图在我面前找存在感，毕竟我希望我目及之处不染尘埃。; 执行结果：添加成功！当前脏话有：107条
[2021-06-09 19:57:36](1597867839) 执行操作：添加脏话 其实你身材挺好的，肥而不腻。; 执行结果：添加成功！当前脏话有：108条
[2021-06-09 19:57:44](1597867839) 执行操作：添加脏话 你瞅你那五官，各长各的，谁都不服谁。; 执行结果：添加成功！当前脏话有：109条
[2021-06-09 19:57:56](1597867839) 执行操作：添加脏话 妹妹几岁了？可曾上过学？现吃什么药？; 执行结果：添加成功！当前脏话有：110条
[2021-06-09 19:58:14](1597867839) 执行操作：添加脏话 听你说话，一种智商上的优越感油然而生。; 执行结果：添加成功！当前脏话有：111条
[2021-06-09 19:58:21](1597867839) 执行操作：添加脏话 怎么着，巴黎圣母院被火烧了，你没家了是吧？！; 执行结果：添加成功！当前脏话有：112条
[2021-06-09 19:58:25]() 执行操作：小柒关机！
[2021-06-11 23:57:09]() 执行操作：小柒(0)启动！
[2021-06-11 23:59:40]() 执行操作：小柒(0)启动！
[2021-06-12 00:02:02]() 执行操作：小柒(0)启动！
[2021-06-12 00:13:47]() 执行操作：小柒(0)启动！
[2021-06-12 00:15:06]() 执行操作：小柒(0)启动！
[2021-06-12 00:15:22](1597867839) 执行操作：签到; 执行结果：墨羽翎玖签到成功！当前积分：100005
[2021-06-12 00:15:27](1597867839) 执行操作：@3284586127 击剑; 执行结果：
[2021-06-12 00:15:34](1597867839) 执行操作：给予物品 石头; 执行结果：给予成功！
[2021-06-12 00:18:41]() 执行操作：小柒(0)启动！
[2021-06-12 00:20:08]() 执行操作：小柒(0)启动！
[2021-06-12 00:22:23]() 执行操作：小柒(0)启动！
[2021-06-12 00:23:44]() 执行操作：小柒(0)启动！
[2021-06-12 00:26:17](1597867839) 执行操作：添加关键词 1 2; 执行结果：添加成功~
[2021-06-12 00:26:26](1597867839) 执行操作：关键词回复概率 0; 执行结果：已将关键词回复概率修改为了0%
[2021-06-12 00:26:44](1597867839) 执行操作：关键词回复概率 50; 执行结果：已将关键词回复概率修改为了50%
[2021-06-12 00:27:11](1597867839) 执行操作：删除关键词 1 2; 执行结果：删除成功~！
[2021-06-12 00:28:30](1597867839) 执行操作：添加黑名单 人 3284586127; 执行结果：已经将人3284586127加入黑名单
[2021-06-12 00:29:57](1597867839) 执行操作：移除黑名单 人 3284586127; 执行结果：已经将人3284586127移除黑名单
[2021-06-12 00:30:12](1597867839) 执行操作：添加打卡计划; 执行结果：本群已有打卡计划
[2021-06-12 00:30:17](1597867839)<小柒新功能测试群聊/753684495> 执行操作：加入打卡计划; 执行结果：墨羽翎玖,你已在本群的打卡计划内哦~
[2021-06-12 00:30:20](1597867839)<小柒新功能测试群聊/753684495> 执行操作：打卡; 执行结果：墨羽翎玖，打卡成功哦！你已经连续打卡 1 天，请继续坚持！
[2021-06-12 00:30:31](1597867839)<小柒新功能测试群聊/753684495> 执行操作：退出打卡计划; 执行结果：墨羽翎玖退出成功
[2021-06-12 00:30:37](1597867839)<小柒新功能测试群聊/753684495> 执行操作：终止打卡计划; 执行结果：墨羽翎玖已为本群停止打卡计划
[2021-06-12 00:30:56](1597867839) 执行操作：发起活动王者; 执行结果：参数错误
[2021-06-12 00:31:02](1597867839) 执行操作：发起活动 王者; 执行结果：参数错误
[2021-06-12 00:31:29](1597867839) 执行操作：发起活动 王者 10; 执行结果：活动 王者已开启，请在10分钟内输入"参加活动 王者"报名
[2021-06-12 00:31:37](1597867839)<小柒新功能测试群聊/753684495> 执行操作：参加活动 王者; 执行结果：参加活动王者成功！
[2021-06-12 00:31:44](1597867839)<小柒新功能测试群聊/753684495> 执行操作：活动清单; 执行结果：本群当前活动如下：
王者(参与人数：1)
[2021-06-12 00:32:03](1597867839)<小柒新功能测试群聊/753684495> 执行操作：退出活动 王者; 执行结果：退出成功！
[2021-06-12 00:32:07](1597867839)<小柒新功能测试群聊/753684495> 执行操作：活动清单; 执行结果：本群当前活动如下：
王者(参与人数：0)
[2021-06-12 00:32:21](1597867839) 执行操作：删除活动王者; 执行结果：删除成功！
[2021-06-12 00:32:27](1597867839)<小柒新功能测试群聊/753684495> 执行操作：活动清单; 执行结果：本群暂无活动
[2021-06-12 00:35:25]() 执行操作：小柒(0)启动！
[2021-06-12 00:36:25]() 执行操作：小柒(0)启动！
[2021-06-12 00:37:02]() 执行操作：小柒(0)启动！
[2021-06-12 00:40:30]() 执行操作：小柒(0)启动！
[2021-06-12 00:41:42](1597867839) 执行操作：查看机器人信息; 执行结果：不存在该物品
[2021-06-12 00:42:23]() 执行操作：小柒(0)启动！
[2021-06-12 00:42:27](1597867839) 执行操作：查看机器人信息; 执行结果：机器人名字：小柒
机器人QQ：399608601
主人QQ：1597867839
[2021-06-12 00:42:48]() 执行操作：小柒(0)启动！
[2021-06-13 11:55:02]() 执行操作：小柒(0)启动！
[2021-06-13 11:56:53]() 执行操作：小柒关机！
[2021-06-13 11:57:13]() 执行操作：小柒(0)启动！
[2021-06-13 11:59:54]() 执行操作：小柒(0)启动！
[2021-06-13 12:01:01]() 执行操作：小柒(0)启动！
[2021-06-13 12:03:47]() 执行操作：小柒(0)启动！
[2021-06-13 12:04:01]() 执行操作：小柒关机！
[2021-06-13 19:01:06]() 执行操作：小柒(0)启动！
[2021-06-13 19:03:02]() 执行操作：小柒(0)启动！
[2021-06-13 19:07:24](1597867839)<小柒新功能测试群聊/753684495> 执行操作：*mute; 小柒禁言！
[2021-06-13 19:07:33](1597867839)<小柒新功能测试群聊/753684495> 执行操作：*unmute; 小柒解出禁言！
[2021-06-13 19:14:13](1597867839) 执行操作：背包; 执行结果：墨羽翎玖你的背包：2/15
木板X3
石头
[2021-06-13 19:14:20](1597867839) 执行操作：@1597867839 送石头; 执行结果：赠送成功！
[2021-06-13 19:14:24](1597867839) 执行操作：背包; 执行结果：墨羽翎玖你的背包：2/15
木板X3
石头
[2021-06-13 19:14:31]() 执行操作：小柒关机！
[2021-06-13 19:14:38]() 执行操作：小柒(0)启动！
[2021-06-13 19:15:20](1597867839) 执行操作：@1597867839 赠送石头; 执行结果：自己送自己礼物干什么嘞？
[2021-06-13 19:21:45]() 执行操作：小柒(0)启动！
[2021-06-13 19:22:34]() 执行操作：小柒(0)启动！
[2021-06-13 19:23:46]() 执行操作：小柒(0)启动！
[2021-06-13 19:23:53](1597867839) 执行操作：@3284586127 击剑; 执行结果：
[2021-06-13 19:23:59](1597867839) 执行操作：击剑; 执行结果：小柒对你感到了无语
[2021-06-13 19:24:05](1597867839) 执行操作：决斗; 执行结果：小柒对你感到了无语
[2021-06-13 19:24:11](1597867839) 执行操作：决斗; 执行结果：小柒对你感到了无语
[2021-06-13 19:24:19](1597867839) 执行操作：击剑; 执行结果：小柒敲了敲你的脑袋
[2021-06-13 19:24:36](1597867839) 执行操作：@3284586127 决斗; 执行结果：
[2021-06-13 19:24:42]() 执行操作：小柒关机！
[2021-06-14 00:34:53]() 执行操作：小柒(0)启动！
[2021-06-14 00:34:57](1597867839) 执行操作：添加打卡计划; 执行结果：已为本群开启打卡计划，各位可以输入"加入打卡计划"来加入打卡计划
[2021-06-14 00:35:03](1597867839)<小柒新功能测试群聊/753684495> 执行操作：加入打卡计划; 执行结果：墨羽翎玖加入成功！
[2021-06-14 00:35:06](1597867839) 执行操作：打卡情况; 执行结果：未打卡名单：
墨羽翎玖(1597867839)

[2021-06-14 00:41:58](1597867839)<小柒新功能测试群聊/753684495> 执行操作：打卡; 执行结果：墨羽翎玖，打卡成功哦！你已经连续打卡 1 天，请继续坚持！
[2021-06-14 00:42:02](1597867839) 执行操作：打卡情况; 执行结果：未打卡名单：

[2021-06-14 00:45:00]() 执行操作：小柒的监听模块 启动！
[2021-06-14 00:45:38]() 执行操作：小柒(0)启动！
[2021-06-18 19:57:48]() 执行操作：小柒(0)启动！
[2021-06-18 19:59:53]() 执行操作：小柒(0)启动！
[2021-06-18 20:01:48]() 执行操作：小柒(0)启动！
[2021-06-18 20:03:53]() 执行操作：小柒(0)启动！
[2021-06-18 20:20:36]() 执行操作：小柒(0)启动！
[2021-06-18 20:21:32](1597867839) 执行操作：添加管理员 3284586127; 执行结果：添加成功~
[2021-06-18 20:22:17](1597867839) 执行操作：删除管理员 3284586127; 执行结果：删除成功~
[2021-06-18 20:35:43]() 执行操作：小柒(0)启动！
[2021-06-18 20:36:48]() 执行操作：小柒关机！
[2021-06-18 20:38:45]() 执行操作：小柒(0)启动！
[2021-06-23 11:05:58]() 执行操作：小柒(0)启动！
[2021-06-23 11:49:31]() 执行操作：小柒(0)启动！
[2021-06-23 11:49:40]() 执行操作：小柒关机！
[2021-06-25 23:53:53]() 执行操作：小柒(0)启动！
[2021-06-25 23:54:18](1597867839)<小柒新功能测试群聊/753684495> 执行操作：*mute; 小柒禁言！
[2021-06-25 23:54:27](1597867839)<小柒新功能测试群聊/753684495> 执行操作：*unmute; 小柒解除禁言！
[2021-06-25 23:55:21]() 执行操作：小柒关机！
[2021-06-25 23:55:34]() 执行操作：小柒(0)启动！
[2021-06-25 23:57:05]() 执行操作：小柒关机！
[2021-06-25 23:57:47]() 执行操作：小柒(0)启动！
[2021-06-28 16:07:53]() 执行操作：小柒(0)启动！
[2021-06-28 16:08:35]() 执行操作：小柒(0)启动！
[2021-06-28 16:10:01]() 执行操作：小柒(0)启动！
[2021-06-28 16:11:08]() 执行操作：小柒(0)启动！
[2021-06-28 16:18:41]() 执行操作：小柒(0)启动！
[2021-06-28 16:19:43]() 执行操作：小柒(0)启动！
[2021-06-28 16:22:21]() 执行操作：小柒(0)启动！
[2021-06-28 16:23:16]() 执行操作：小柒(0)启动！
[2021-06-28 16:23:50]() 执行操作：小柒(0)启动！
[2021-06-28 16:24:10]() 执行操作：小柒(0)启动！
[2021-06-28 16:39:50]() 执行操作：小柒(0)启动！
[2021-06-28 16:40:10]() 执行操作：小柒关机！
[2021-06-29 10:51:14]() 执行操作：小柒的监听模块 启动！
[2021-06-29 10:51:35]() 执行操作：小柒的监听模块 启动！
[2021-06-29 10:52:56]() 执行操作：小柒的监听模块 启动！
[2021-06-29 10:54:02]() 执行操作：小柒的监听模块 启动！
[2021-06-29 10:54:11]() 执行操作：小柒的监听模块 启动！
[2021-06-29 10:55:23]() 执行操作：小柒(0)启动！
[2021-06-29 10:55:34]() 执行操作：小柒关机！
[2021-06-29 10:55:48]() 执行操作：小柒的监听模块 启动！
[2021-06-29 10:56:09]() 执行操作：小柒的监听模块 启动！
[2021-06-29 10:56:14]() 执行操作：已重置打卡日期到：2021-06-29
[2021-06-29 11:18:46]() 执行操作：小柒(0)启动！
[2021-06-29 11:19:04](1597867839)<小柒新功能测试群聊/753684495> 执行操作：*bot off; 小柒禁言！
[2021-06-29 11:19:14](1597867839)<小柒新功能测试群聊/753684495> 执行操作：*bot on; 小柒解除禁言！
[2021-06-29 11:20:08](1597867839)<小柒新功能测试群聊/753684495> 执行操作：.limit on; 小柒解除禁言！
[2021-06-29 11:20:37](1597867839)<小柒新功能测试群聊/753684495> 执行操作：.limit off; 小柒解除限制！
[2021-06-29 11:21:04]() 执行操作：小柒关机！
[2021-06-29 15:40:14]() 执行操作：小柒(0)启动！
[2021-06-29 15:41:17]() 执行操作：小柒(0)启动！
[2021-06-29 15:41:58]() 执行操作：小柒(0)启动！
[2021-06-29 15:42:29]() 执行操作：小柒(0)启动！
[2021-06-29 15:42:57]() 执行操作：小柒(0)启动！
[2021-06-29 15:43:25]() 执行操作：小柒(0)启动！
[2021-06-29 15:52:27]() 执行操作：小柒(0)启动！
[2021-06-29 15:52:53]() 执行操作：小柒(0)启动！
[2021-06-29 15:53:45]() 执行操作：小柒(0)启动！
[2021-06-29 15:53:58]() 执行操作：小柒(0)启动！
[2021-06-29 15:55:09]() 执行操作：小柒(0)启动！
[2021-06-29 15:56:56]() 执行操作：小柒(0)启动！
[2021-06-29 15:58:05]() 执行操作：小柒(0)启动！
[2021-06-29 16:00:25]() 执行操作：小柒(0)启动！
[2021-06-29 16:00:49]() 执行操作：小柒(0)启动！
[2021-06-29 16:01:55]() 执行操作：小柒(0)启动！
[2021-06-29 16:02:50]() 执行操作：小柒(0)启动！
[2021-06-29 16:06:10]() 执行操作：小柒(0)启动！
[2021-06-29 16:16:58]() 执行操作：小柒(0)启动！
